[TIME] Sun Oct 28 00:00:15 ICT 2018
java.lang.ClassNotFoundException: com.survey.dbservices.action.ChangePasswordAction
	at java.net.URLClassLoader.findClass(URLClassLoader.java:381)
	at java.lang.ClassLoader.loadClass(ClassLoader.java:424)
	at sun.misc.Launcher$AppClassLoader.loadClass(Launcher.java:349)
	at java.lang.ClassLoader.loadClass(ClassLoader.java:357)
	at java.lang.Class.forName0(Native Method)
	at java.lang.Class.forName(Class.java:264)
	at com.survey.dbservices.DBServiceInit.lambda$0(DBServiceInit.java:44)
	at java.lang.Iterable.forEach(Iterable.java:75)
	at com.survey.dbservices.DBServiceInit.init(DBServiceInit.java:41)
	at io.vertx.core.impl.DeploymentManager.lambda$doDeploy$10(DeploymentManager.java:479)
	at io.vertx.core.impl.ContextImpl.lambda$wrapTask$2(ContextImpl.java:344)
	at io.netty.util.concurrent.AbstractEventExecutor.safeExecute(AbstractEventExecutor.java:163)
	at io.netty.util.concurrent.SingleThreadEventExecutor.runAllTasks(SingleThreadEventExecutor.java:403)
	at io.netty.channel.nio.NioEventLoop.run(NioEventLoop.java:463)
	at io.netty.util.concurrent.SingleThreadEventExecutor$5.run(SingleThreadEventExecutor.java:858)
	at java.lang.Thread.run(Thread.java:748)
[TIME] Sun Oct 28 00:09:39 ICT 2018
java.lang.ClassNotFoundException: com.survey.dbservices.action.ChangePasswordAction
	at java.net.URLClassLoader.findClass(URLClassLoader.java:381)
	at java.lang.ClassLoader.loadClass(ClassLoader.java:424)
	at sun.misc.Launcher$AppClassLoader.loadClass(Launcher.java:349)
	at java.lang.ClassLoader.loadClass(ClassLoader.java:357)
	at java.lang.Class.forName0(Native Method)
	at java.lang.Class.forName(Class.java:264)
	at com.survey.dbservices.DBServiceInit.lambda$0(DBServiceInit.java:44)
	at java.lang.Iterable.forEach(Iterable.java:75)
	at com.survey.dbservices.DBServiceInit.init(DBServiceInit.java:41)
	at io.vertx.core.impl.DeploymentManager.lambda$doDeploy$10(DeploymentManager.java:479)
	at io.vertx.core.impl.ContextImpl.lambda$wrapTask$2(ContextImpl.java:344)
	at io.netty.util.concurrent.AbstractEventExecutor.safeExecute(AbstractEventExecutor.java:163)
	at io.netty.util.concurrent.SingleThreadEventExecutor.runAllTasks(SingleThreadEventExecutor.java:403)
	at io.netty.channel.nio.NioEventLoop.run(NioEventLoop.java:463)
	at io.netty.util.concurrent.SingleThreadEventExecutor$5.run(SingleThreadEventExecutor.java:858)
	at java.lang.Thread.run(Thread.java:748)
[TIME] Sun Oct 28 08:02:54 ICT 2018
java.lang.ClassNotFoundException: com.survey.dbservices.action.ChangePasswordAction
	at java.net.URLClassLoader.findClass(URLClassLoader.java:381)
	at java.lang.ClassLoader.loadClass(ClassLoader.java:424)
	at sun.misc.Launcher$AppClassLoader.loadClass(Launcher.java:349)
	at java.lang.ClassLoader.loadClass(ClassLoader.java:357)
	at java.lang.Class.forName0(Native Method)
	at java.lang.Class.forName(Class.java:264)
	at com.survey.dbservices.DBServiceInit.lambda$0(DBServiceInit.java:44)
	at java.lang.Iterable.forEach(Iterable.java:75)
	at com.survey.dbservices.DBServiceInit.init(DBServiceInit.java:41)
	at io.vertx.core.impl.DeploymentManager.lambda$doDeploy$10(DeploymentManager.java:479)
	at io.vertx.core.impl.ContextImpl.lambda$wrapTask$2(ContextImpl.java:344)
	at io.netty.util.concurrent.AbstractEventExecutor.safeExecute(AbstractEventExecutor.java:163)
	at io.netty.util.concurrent.SingleThreadEventExecutor.runAllTasks(SingleThreadEventExecutor.java:403)
	at io.netty.channel.nio.NioEventLoop.run(NioEventLoop.java:463)
	at io.netty.util.concurrent.SingleThreadEventExecutor$5.run(SingleThreadEventExecutor.java:858)
	at java.lang.Thread.run(Thread.java:748)
[TIME] Sun Oct 28 08:05:55 ICT 2018
java.lang.ClassNotFoundException: com.survey.dbservices.action.ChangePasswordAction
	at java.net.URLClassLoader.findClass(URLClassLoader.java:381)
	at java.lang.ClassLoader.loadClass(ClassLoader.java:424)
	at sun.misc.Launcher$AppClassLoader.loadClass(Launcher.java:349)
	at java.lang.ClassLoader.loadClass(ClassLoader.java:357)
	at java.lang.Class.forName0(Native Method)
	at java.lang.Class.forName(Class.java:264)
	at com.survey.dbservices.DBServiceInit.lambda$0(DBServiceInit.java:44)
	at java.lang.Iterable.forEach(Iterable.java:75)
	at com.survey.dbservices.DBServiceInit.init(DBServiceInit.java:41)
	at io.vertx.core.impl.DeploymentManager.lambda$doDeploy$10(DeploymentManager.java:479)
	at io.vertx.core.impl.ContextImpl.lambda$wrapTask$2(ContextImpl.java:344)
	at io.netty.util.concurrent.AbstractEventExecutor.safeExecute(AbstractEventExecutor.java:163)
	at io.netty.util.concurrent.SingleThreadEventExecutor.runAllTasks(SingleThreadEventExecutor.java:403)
	at io.netty.channel.nio.NioEventLoop.run(NioEventLoop.java:463)
	at io.netty.util.concurrent.SingleThreadEventExecutor$5.run(SingleThreadEventExecutor.java:858)
	at java.lang.Thread.run(Thread.java:748)
[TIME] Sun Oct 28 08:34:24 ICT 2018
java.lang.ClassNotFoundException: com.survey.dbservices.action.ChangePasswordAction
	at java.net.URLClassLoader.findClass(URLClassLoader.java:381)
	at java.lang.ClassLoader.loadClass(ClassLoader.java:424)
	at sun.misc.Launcher$AppClassLoader.loadClass(Launcher.java:349)
	at java.lang.ClassLoader.loadClass(ClassLoader.java:357)
	at java.lang.Class.forName0(Native Method)
	at java.lang.Class.forName(Class.java:264)
	at com.survey.dbservices.DBServiceInit.lambda$0(DBServiceInit.java:44)
	at java.lang.Iterable.forEach(Iterable.java:75)
	at com.survey.dbservices.DBServiceInit.init(DBServiceInit.java:41)
	at io.vertx.core.impl.DeploymentManager.lambda$doDeploy$10(DeploymentManager.java:479)
	at io.vertx.core.impl.ContextImpl.lambda$wrapTask$2(ContextImpl.java:344)
	at io.netty.util.concurrent.AbstractEventExecutor.safeExecute(AbstractEventExecutor.java:163)
	at io.netty.util.concurrent.SingleThreadEventExecutor.runAllTasks(SingleThreadEventExecutor.java:403)
	at io.netty.channel.nio.NioEventLoop.run(NioEventLoop.java:463)
	at io.netty.util.concurrent.SingleThreadEventExecutor$5.run(SingleThreadEventExecutor.java:858)
	at java.lang.Thread.run(Thread.java:748)
[TIME] Sun Oct 28 08:41:56 ICT 2018
java.lang.ClassNotFoundException: com.survey.dbservices.action.ChangePasswordAction
	at java.net.URLClassLoader.findClass(URLClassLoader.java:381)
	at java.lang.ClassLoader.loadClass(ClassLoader.java:424)
	at sun.misc.Launcher$AppClassLoader.loadClass(Launcher.java:349)
	at java.lang.ClassLoader.loadClass(ClassLoader.java:357)
	at java.lang.Class.forName0(Native Method)
	at java.lang.Class.forName(Class.java:264)
	at com.survey.dbservices.DBServiceInit.lambda$0(DBServiceInit.java:44)
	at java.lang.Iterable.forEach(Iterable.java:75)
	at com.survey.dbservices.DBServiceInit.init(DBServiceInit.java:41)
	at io.vertx.core.impl.DeploymentManager.lambda$doDeploy$10(DeploymentManager.java:479)
	at io.vertx.core.impl.ContextImpl.lambda$wrapTask$2(ContextImpl.java:344)
	at io.netty.util.concurrent.AbstractEventExecutor.safeExecute(AbstractEventExecutor.java:163)
	at io.netty.util.concurrent.SingleThreadEventExecutor.runAllTasks(SingleThreadEventExecutor.java:403)
	at io.netty.channel.nio.NioEventLoop.run(NioEventLoop.java:463)
	at io.netty.util.concurrent.SingleThreadEventExecutor$5.run(SingleThreadEventExecutor.java:858)
	at java.lang.Thread.run(Thread.java:748)
[TIME] Sun Oct 28 08:45:44 ICT 2018
java.lang.ClassNotFoundException: com.survey.dbservices.action.ChangePasswordAction
	at java.net.URLClassLoader.findClass(URLClassLoader.java:381)
	at java.lang.ClassLoader.loadClass(ClassLoader.java:424)
	at sun.misc.Launcher$AppClassLoader.loadClass(Launcher.java:349)
	at java.lang.ClassLoader.loadClass(ClassLoader.java:357)
	at java.lang.Class.forName0(Native Method)
	at java.lang.Class.forName(Class.java:264)
	at com.survey.dbservices.DBServiceInit.lambda$0(DBServiceInit.java:44)
	at java.lang.Iterable.forEach(Iterable.java:75)
	at com.survey.dbservices.DBServiceInit.init(DBServiceInit.java:41)
	at io.vertx.core.impl.DeploymentManager.lambda$doDeploy$10(DeploymentManager.java:479)
	at io.vertx.core.impl.ContextImpl.lambda$wrapTask$2(ContextImpl.java:344)
	at io.netty.util.concurrent.AbstractEventExecutor.safeExecute(AbstractEventExecutor.java:163)
	at io.netty.util.concurrent.SingleThreadEventExecutor.runAllTasks(SingleThreadEventExecutor.java:403)
	at io.netty.channel.nio.NioEventLoop.run(NioEventLoop.java:463)
	at io.netty.util.concurrent.SingleThreadEventExecutor$5.run(SingleThreadEventExecutor.java:858)
	at java.lang.Thread.run(Thread.java:748)
[TIME] Sun Oct 28 08:47:32 ICT 2018
java.lang.ClassNotFoundException: com.survey.dbservices.action.ChangePasswordAction
	at java.net.URLClassLoader.findClass(URLClassLoader.java:381)
	at java.lang.ClassLoader.loadClass(ClassLoader.java:424)
	at sun.misc.Launcher$AppClassLoader.loadClass(Launcher.java:349)
	at java.lang.ClassLoader.loadClass(ClassLoader.java:357)
	at java.lang.Class.forName0(Native Method)
	at java.lang.Class.forName(Class.java:264)
	at com.survey.dbservices.DBServiceInit.lambda$0(DBServiceInit.java:44)
	at java.lang.Iterable.forEach(Iterable.java:75)
	at com.survey.dbservices.DBServiceInit.init(DBServiceInit.java:41)
	at io.vertx.core.impl.DeploymentManager.lambda$doDeploy$10(DeploymentManager.java:479)
	at io.vertx.core.impl.ContextImpl.lambda$wrapTask$2(ContextImpl.java:344)
	at io.netty.util.concurrent.AbstractEventExecutor.safeExecute(AbstractEventExecutor.java:163)
	at io.netty.util.concurrent.SingleThreadEventExecutor.runAllTasks(SingleThreadEventExecutor.java:403)
	at io.netty.channel.nio.NioEventLoop.run(NioEventLoop.java:463)
	at io.netty.util.concurrent.SingleThreadEventExecutor$5.run(SingleThreadEventExecutor.java:858)
	at java.lang.Thread.run(Thread.java:748)
[TIME] Sun Oct 28 08:59:53 ICT 2018
java.lang.ClassNotFoundException: com.survey.dbservices.action.ChangePasswordAction
	at java.net.URLClassLoader.findClass(URLClassLoader.java:381)
	at java.lang.ClassLoader.loadClass(ClassLoader.java:424)
	at sun.misc.Launcher$AppClassLoader.loadClass(Launcher.java:349)
	at java.lang.ClassLoader.loadClass(ClassLoader.java:357)
	at java.lang.Class.forName0(Native Method)
	at java.lang.Class.forName(Class.java:264)
	at com.survey.dbservices.DBServiceInit.lambda$0(DBServiceInit.java:44)
	at java.lang.Iterable.forEach(Iterable.java:75)
	at com.survey.dbservices.DBServiceInit.init(DBServiceInit.java:41)
	at io.vertx.core.impl.DeploymentManager.lambda$doDeploy$10(DeploymentManager.java:479)
	at io.vertx.core.impl.ContextImpl.lambda$wrapTask$2(ContextImpl.java:344)
	at io.netty.util.concurrent.AbstractEventExecutor.safeExecute(AbstractEventExecutor.java:163)
	at io.netty.util.concurrent.SingleThreadEventExecutor.runAllTasks(SingleThreadEventExecutor.java:403)
	at io.netty.channel.nio.NioEventLoop.run(NioEventLoop.java:463)
	at io.netty.util.concurrent.SingleThreadEventExecutor$5.run(SingleThreadEventExecutor.java:858)
	at java.lang.Thread.run(Thread.java:748)
[TIME] Sun Oct 28 09:01:30 ICT 2018
java.lang.ClassNotFoundException: com.survey.dbservices.action.ChangePasswordAction
	at java.net.URLClassLoader.findClass(URLClassLoader.java:381)
	at java.lang.ClassLoader.loadClass(ClassLoader.java:424)
	at sun.misc.Launcher$AppClassLoader.loadClass(Launcher.java:349)
	at java.lang.ClassLoader.loadClass(ClassLoader.java:357)
	at java.lang.Class.forName0(Native Method)
	at java.lang.Class.forName(Class.java:264)
	at com.survey.dbservices.DBServiceInit.lambda$0(DBServiceInit.java:44)
	at java.lang.Iterable.forEach(Iterable.java:75)
	at com.survey.dbservices.DBServiceInit.init(DBServiceInit.java:41)
	at io.vertx.core.impl.DeploymentManager.lambda$doDeploy$10(DeploymentManager.java:479)
	at io.vertx.core.impl.ContextImpl.lambda$wrapTask$2(ContextImpl.java:344)
	at io.netty.util.concurrent.AbstractEventExecutor.safeExecute(AbstractEventExecutor.java:163)
	at io.netty.util.concurrent.SingleThreadEventExecutor.runAllTasks(SingleThreadEventExecutor.java:403)
	at io.netty.channel.nio.NioEventLoop.run(NioEventLoop.java:463)
	at io.netty.util.concurrent.SingleThreadEventExecutor$5.run(SingleThreadEventExecutor.java:858)
	at java.lang.Thread.run(Thread.java:748)
[TIME] Sun Oct 28 09:04:40 ICT 2018
java.lang.ClassNotFoundException: com.survey.dbservices.action.ChangePasswordAction
	at java.net.URLClassLoader.findClass(URLClassLoader.java:381)
	at java.lang.ClassLoader.loadClass(ClassLoader.java:424)
	at sun.misc.Launcher$AppClassLoader.loadClass(Launcher.java:349)
	at java.lang.ClassLoader.loadClass(ClassLoader.java:357)
	at java.lang.Class.forName0(Native Method)
	at java.lang.Class.forName(Class.java:264)
	at com.survey.dbservices.DBServiceInit.lambda$0(DBServiceInit.java:44)
	at java.lang.Iterable.forEach(Iterable.java:75)
	at com.survey.dbservices.DBServiceInit.init(DBServiceInit.java:41)
	at io.vertx.core.impl.DeploymentManager.lambda$doDeploy$10(DeploymentManager.java:479)
	at io.vertx.core.impl.ContextImpl.lambda$wrapTask$2(ContextImpl.java:344)
	at io.netty.util.concurrent.AbstractEventExecutor.safeExecute(AbstractEventExecutor.java:163)
	at io.netty.util.concurrent.SingleThreadEventExecutor.runAllTasks(SingleThreadEventExecutor.java:403)
	at io.netty.channel.nio.NioEventLoop.run(NioEventLoop.java:463)
	at io.netty.util.concurrent.SingleThreadEventExecutor$5.run(SingleThreadEventExecutor.java:858)
	at java.lang.Thread.run(Thread.java:748)
[TIME] Sun Oct 28 09:15:50 ICT 2018
java.lang.ClassNotFoundException: com.survey.dbservices.action.ChangePasswordAction
	at java.net.URLClassLoader.findClass(URLClassLoader.java:381)
	at java.lang.ClassLoader.loadClass(ClassLoader.java:424)
	at sun.misc.Launcher$AppClassLoader.loadClass(Launcher.java:349)
	at java.lang.ClassLoader.loadClass(ClassLoader.java:357)
	at java.lang.Class.forName0(Native Method)
	at java.lang.Class.forName(Class.java:264)
	at com.survey.dbservices.DBServiceInit.lambda$0(DBServiceInit.java:44)
	at java.lang.Iterable.forEach(Iterable.java:75)
	at com.survey.dbservices.DBServiceInit.init(DBServiceInit.java:41)
	at io.vertx.core.impl.DeploymentManager.lambda$doDeploy$10(DeploymentManager.java:479)
	at io.vertx.core.impl.ContextImpl.lambda$wrapTask$2(ContextImpl.java:344)
	at io.netty.util.concurrent.AbstractEventExecutor.safeExecute(AbstractEventExecutor.java:163)
	at io.netty.util.concurrent.SingleThreadEventExecutor.runAllTasks(SingleThreadEventExecutor.java:403)
	at io.netty.channel.nio.NioEventLoop.run(NioEventLoop.java:463)
	at io.netty.util.concurrent.SingleThreadEventExecutor$5.run(SingleThreadEventExecutor.java:858)
	at java.lang.Thread.run(Thread.java:748)
[TIME] Sun Oct 28 09:18:17 ICT 2018
java.lang.ClassNotFoundException: com.survey.dbservices.action.ChangePasswordAction
	at java.net.URLClassLoader.findClass(URLClassLoader.java:381)
	at java.lang.ClassLoader.loadClass(ClassLoader.java:424)
	at sun.misc.Launcher$AppClassLoader.loadClass(Launcher.java:349)
	at java.lang.ClassLoader.loadClass(ClassLoader.java:357)
	at java.lang.Class.forName0(Native Method)
	at java.lang.Class.forName(Class.java:264)
	at com.survey.dbservices.DBServiceInit.lambda$0(DBServiceInit.java:44)
	at java.lang.Iterable.forEach(Iterable.java:75)
	at com.survey.dbservices.DBServiceInit.init(DBServiceInit.java:41)
	at io.vertx.core.impl.DeploymentManager.lambda$doDeploy$10(DeploymentManager.java:479)
	at io.vertx.core.impl.ContextImpl.lambda$wrapTask$2(ContextImpl.java:344)
	at io.netty.util.concurrent.AbstractEventExecutor.safeExecute(AbstractEventExecutor.java:163)
	at io.netty.util.concurrent.SingleThreadEventExecutor.runAllTasks(SingleThreadEventExecutor.java:403)
	at io.netty.channel.nio.NioEventLoop.run(NioEventLoop.java:463)
	at io.netty.util.concurrent.SingleThreadEventExecutor$5.run(SingleThreadEventExecutor.java:858)
	at java.lang.Thread.run(Thread.java:748)
[TIME] Sun Oct 28 09:38:59 ICT 2018
java.lang.ClassNotFoundException: com.survey.dbservices.action.ChangePasswordAction
	at java.net.URLClassLoader.findClass(URLClassLoader.java:381)
	at java.lang.ClassLoader.loadClass(ClassLoader.java:424)
	at sun.misc.Launcher$AppClassLoader.loadClass(Launcher.java:349)
	at java.lang.ClassLoader.loadClass(ClassLoader.java:357)
	at java.lang.Class.forName0(Native Method)
	at java.lang.Class.forName(Class.java:264)
	at com.survey.dbservices.DBServiceInit.lambda$0(DBServiceInit.java:44)
	at java.lang.Iterable.forEach(Iterable.java:75)
	at com.survey.dbservices.DBServiceInit.init(DBServiceInit.java:41)
	at io.vertx.core.impl.DeploymentManager.lambda$doDeploy$10(DeploymentManager.java:479)
	at io.vertx.core.impl.ContextImpl.lambda$wrapTask$2(ContextImpl.java:344)
	at io.netty.util.concurrent.AbstractEventExecutor.safeExecute(AbstractEventExecutor.java:163)
	at io.netty.util.concurrent.SingleThreadEventExecutor.runAllTasks(SingleThreadEventExecutor.java:403)
	at io.netty.channel.nio.NioEventLoop.run(NioEventLoop.java:463)
	at io.netty.util.concurrent.SingleThreadEventExecutor$5.run(SingleThreadEventExecutor.java:858)
	at java.lang.Thread.run(Thread.java:748)
[TIME] Sun Oct 28 09:39:21 ICT 2018
java.lang.ClassNotFoundException: com.survey.dbservices.action.ChangePasswordAction
	at java.net.URLClassLoader.findClass(URLClassLoader.java:381)
	at java.lang.ClassLoader.loadClass(ClassLoader.java:424)
	at sun.misc.Launcher$AppClassLoader.loadClass(Launcher.java:349)
	at java.lang.ClassLoader.loadClass(ClassLoader.java:357)
	at java.lang.Class.forName0(Native Method)
	at java.lang.Class.forName(Class.java:264)
	at com.survey.dbservices.DBServiceInit.lambda$0(DBServiceInit.java:44)
	at java.lang.Iterable.forEach(Iterable.java:75)
	at com.survey.dbservices.DBServiceInit.init(DBServiceInit.java:41)
	at io.vertx.core.impl.DeploymentManager.lambda$doDeploy$10(DeploymentManager.java:479)
	at io.vertx.core.impl.ContextImpl.lambda$wrapTask$2(ContextImpl.java:344)
	at io.netty.util.concurrent.AbstractEventExecutor.safeExecute(AbstractEventExecutor.java:163)
	at io.netty.util.concurrent.SingleThreadEventExecutor.runAllTasks(SingleThreadEventExecutor.java:403)
	at io.netty.channel.nio.NioEventLoop.run(NioEventLoop.java:463)
	at io.netty.util.concurrent.SingleThreadEventExecutor$5.run(SingleThreadEventExecutor.java:858)
	at java.lang.Thread.run(Thread.java:748)
[TIME] Sun Oct 28 09:52:31 ICT 2018
java.lang.ClassNotFoundException: com.survey.dbservices.action.ChangePasswordAction
	at java.net.URLClassLoader.findClass(URLClassLoader.java:381)
	at java.lang.ClassLoader.loadClass(ClassLoader.java:424)
	at sun.misc.Launcher$AppClassLoader.loadClass(Launcher.java:349)
	at java.lang.ClassLoader.loadClass(ClassLoader.java:357)
	at java.lang.Class.forName0(Native Method)
	at java.lang.Class.forName(Class.java:264)
	at com.survey.dbservices.DBServiceInit.lambda$0(DBServiceInit.java:44)
	at java.lang.Iterable.forEach(Iterable.java:75)
	at com.survey.dbservices.DBServiceInit.init(DBServiceInit.java:41)
	at io.vertx.core.impl.DeploymentManager.lambda$doDeploy$10(DeploymentManager.java:479)
	at io.vertx.core.impl.ContextImpl.lambda$wrapTask$2(ContextImpl.java:344)
	at io.netty.util.concurrent.AbstractEventExecutor.safeExecute(AbstractEventExecutor.java:163)
	at io.netty.util.concurrent.SingleThreadEventExecutor.runAllTasks(SingleThreadEventExecutor.java:403)
	at io.netty.channel.nio.NioEventLoop.run(NioEventLoop.java:463)
	at io.netty.util.concurrent.SingleThreadEventExecutor$5.run(SingleThreadEventExecutor.java:858)
	at java.lang.Thread.run(Thread.java:748)
[TIME] Sun Oct 28 10:12:20 ICT 2018
java.lang.ClassNotFoundException: com.survey.dbservices.action.ChangePasswordAction
	at java.net.URLClassLoader.findClass(URLClassLoader.java:381)
	at java.lang.ClassLoader.loadClass(ClassLoader.java:424)
	at sun.misc.Launcher$AppClassLoader.loadClass(Launcher.java:349)
	at java.lang.ClassLoader.loadClass(ClassLoader.java:357)
	at java.lang.Class.forName0(Native Method)
	at java.lang.Class.forName(Class.java:264)
	at com.survey.dbservices.DBServiceInit.lambda$0(DBServiceInit.java:44)
	at java.lang.Iterable.forEach(Iterable.java:75)
	at com.survey.dbservices.DBServiceInit.init(DBServiceInit.java:41)
	at io.vertx.core.impl.DeploymentManager.lambda$doDeploy$10(DeploymentManager.java:479)
	at io.vertx.core.impl.ContextImpl.lambda$wrapTask$2(ContextImpl.java:344)
	at io.netty.util.concurrent.AbstractEventExecutor.safeExecute(AbstractEventExecutor.java:163)
	at io.netty.util.concurrent.SingleThreadEventExecutor.runAllTasks(SingleThreadEventExecutor.java:403)
	at io.netty.channel.nio.NioEventLoop.run(NioEventLoop.java:463)
	at io.netty.util.concurrent.SingleThreadEventExecutor$5.run(SingleThreadEventExecutor.java:858)
	at java.lang.Thread.run(Thread.java:748)
[TIME] Sun Oct 28 10:15:06 ICT 2018
java.security.InvalidKeyException: No installed provider supports this key: (null)
	at javax.crypto.Cipher.chooseProvider(Cipher.java:892)
	at javax.crypto.Cipher.init(Cipher.java:1248)
	at javax.crypto.Cipher.init(Cipher.java:1185)
	at com.survey.utils.RSAEncrypt.encrypt(RSAEncrypt.java:95)
	at com.survey.internal.action.DepositAction.lambda$0(DepositAction.java:32)
	at io.vertx.core.impl.FutureImpl.tryComplete(FutureImpl.java:126)
	at io.vertx.core.impl.FutureImpl.complete(FutureImpl.java:88)
	at com.survey.dbservice.dao.SurveyBaseDao.CompleteGenerateResponse(SurveyBaseDao.java:26)
	at com.survey.dbservice.dao.UtilsDao.lambda$8(UtilsDao.java:133)
	at io.vertx.ext.mongo.impl.MongoClientImpl.lambda$null$16(MongoClientImpl.java:752)
	at io.vertx.core.impl.ContextImpl.lambda$wrapTask$2(ContextImpl.java:344)
	at io.vertx.core.impl.TaskQueue.run(TaskQueue.java:80)
	at java.util.concurrent.ThreadPoolExecutor.runWorker(ThreadPoolExecutor.java:1149)
	at java.util.concurrent.ThreadPoolExecutor$Worker.run(ThreadPoolExecutor.java:624)
	at java.lang.Thread.run(Thread.java:748)
[TIME] Sun Oct 28 10:19:33 ICT 2018
java.lang.ClassNotFoundException: com.survey.dbservices.action.ChangePasswordAction
	at java.net.URLClassLoader.findClass(URLClassLoader.java:381)
	at java.lang.ClassLoader.loadClass(ClassLoader.java:424)
	at sun.misc.Launcher$AppClassLoader.loadClass(Launcher.java:349)
	at java.lang.ClassLoader.loadClass(ClassLoader.java:357)
	at java.lang.Class.forName0(Native Method)
	at java.lang.Class.forName(Class.java:264)
	at com.survey.dbservices.DBServiceInit.lambda$0(DBServiceInit.java:44)
	at java.lang.Iterable.forEach(Iterable.java:75)
	at com.survey.dbservices.DBServiceInit.init(DBServiceInit.java:41)
	at io.vertx.core.impl.DeploymentManager.lambda$doDeploy$10(DeploymentManager.java:479)
	at io.vertx.core.impl.ContextImpl.lambda$wrapTask$2(ContextImpl.java:344)
	at io.netty.util.concurrent.AbstractEventExecutor.safeExecute(AbstractEventExecutor.java:163)
	at io.netty.util.concurrent.SingleThreadEventExecutor.runAllTasks(SingleThreadEventExecutor.java:403)
	at io.netty.channel.nio.NioEventLoop.run(NioEventLoop.java:463)
	at io.netty.util.concurrent.SingleThreadEventExecutor$5.run(SingleThreadEventExecutor.java:858)
	at java.lang.Thread.run(Thread.java:748)
[TIME] Sun Oct 28 10:55:50 ICT 2018
java.lang.ClassNotFoundException: com.survey.dbservices.action.ChangePasswordAction
	at java.net.URLClassLoader.findClass(URLClassLoader.java:381)
	at java.lang.ClassLoader.loadClass(ClassLoader.java:424)
	at sun.misc.Launcher$AppClassLoader.loadClass(Launcher.java:349)
	at java.lang.ClassLoader.loadClass(ClassLoader.java:357)
	at java.lang.Class.forName0(Native Method)
	at java.lang.Class.forName(Class.java:264)
	at com.survey.dbservices.DBServiceInit.lambda$0(DBServiceInit.java:44)
	at java.lang.Iterable.forEach(Iterable.java:75)
	at com.survey.dbservices.DBServiceInit.init(DBServiceInit.java:41)
	at io.vertx.core.impl.DeploymentManager.lambda$doDeploy$10(DeploymentManager.java:479)
	at io.vertx.core.impl.ContextImpl.lambda$wrapTask$2(ContextImpl.java:344)
	at io.netty.util.concurrent.AbstractEventExecutor.safeExecute(AbstractEventExecutor.java:163)
	at io.netty.util.concurrent.SingleThreadEventExecutor.runAllTasks(SingleThreadEventExecutor.java:403)
	at io.netty.channel.nio.NioEventLoop.run(NioEventLoop.java:463)
	at io.netty.util.concurrent.SingleThreadEventExecutor$5.run(SingleThreadEventExecutor.java:858)
	at java.lang.Thread.run(Thread.java:748)
[TIME] Sun Oct 28 11:00:21 ICT 2018
java.lang.ClassNotFoundException: com.survey.dbservices.action.ChangePasswordAction
	at java.net.URLClassLoader.findClass(URLClassLoader.java:381)
	at java.lang.ClassLoader.loadClass(ClassLoader.java:424)
	at sun.misc.Launcher$AppClassLoader.loadClass(Launcher.java:349)
	at java.lang.ClassLoader.loadClass(ClassLoader.java:357)
	at java.lang.Class.forName0(Native Method)
	at java.lang.Class.forName(Class.java:264)
	at com.survey.dbservices.DBServiceInit.lambda$0(DBServiceInit.java:44)
	at java.lang.Iterable.forEach(Iterable.java:75)
	at com.survey.dbservices.DBServiceInit.init(DBServiceInit.java:41)
	at io.vertx.core.impl.DeploymentManager.lambda$doDeploy$10(DeploymentManager.java:479)
	at io.vertx.core.impl.ContextImpl.lambda$wrapTask$2(ContextImpl.java:344)
	at io.netty.util.concurrent.AbstractEventExecutor.safeExecute(AbstractEventExecutor.java:163)
	at io.netty.util.concurrent.SingleThreadEventExecutor.runAllTasks(SingleThreadEventExecutor.java:403)
	at io.netty.channel.nio.NioEventLoop.run(NioEventLoop.java:463)
	at io.netty.util.concurrent.SingleThreadEventExecutor$5.run(SingleThreadEventExecutor.java:858)
	at java.lang.Thread.run(Thread.java:748)
[TIME] Sun Oct 28 11:44:39 ICT 2018
java.lang.ClassNotFoundException: com.survey.dbservices.action.ChangePasswordAction
	at java.net.URLClassLoader.findClass(URLClassLoader.java:381)
	at java.lang.ClassLoader.loadClass(ClassLoader.java:424)
	at sun.misc.Launcher$AppClassLoader.loadClass(Launcher.java:349)
	at java.lang.ClassLoader.loadClass(ClassLoader.java:357)
	at java.lang.Class.forName0(Native Method)
	at java.lang.Class.forName(Class.java:264)
	at com.survey.dbservices.DBServiceInit.lambda$0(DBServiceInit.java:44)
	at java.lang.Iterable.forEach(Iterable.java:75)
	at com.survey.dbservices.DBServiceInit.init(DBServiceInit.java:41)
	at io.vertx.core.impl.DeploymentManager.lambda$doDeploy$10(DeploymentManager.java:479)
	at io.vertx.core.impl.ContextImpl.lambda$wrapTask$2(ContextImpl.java:344)
	at io.netty.util.concurrent.AbstractEventExecutor.safeExecute(AbstractEventExecutor.java:163)
	at io.netty.util.concurrent.SingleThreadEventExecutor.runAllTasks(SingleThreadEventExecutor.java:403)
	at io.netty.channel.nio.NioEventLoop.run(NioEventLoop.java:463)
	at io.netty.util.concurrent.SingleThreadEventExecutor$5.run(SingleThreadEventExecutor.java:858)
	at java.lang.Thread.run(Thread.java:748)
[TIME] Sun Oct 28 11:47:33 ICT 2018
java.lang.ClassNotFoundException: com.survey.dbservices.action.ChangePasswordAction
	at java.net.URLClassLoader.findClass(URLClassLoader.java:381)
	at java.lang.ClassLoader.loadClass(ClassLoader.java:424)
	at sun.misc.Launcher$AppClassLoader.loadClass(Launcher.java:349)
	at java.lang.ClassLoader.loadClass(ClassLoader.java:357)
	at java.lang.Class.forName0(Native Method)
	at java.lang.Class.forName(Class.java:264)
	at com.survey.dbservices.DBServiceInit.lambda$0(DBServiceInit.java:44)
	at java.lang.Iterable.forEach(Iterable.java:75)
	at com.survey.dbservices.DBServiceInit.init(DBServiceInit.java:41)
	at io.vertx.core.impl.DeploymentManager.lambda$doDeploy$10(DeploymentManager.java:479)
	at io.vertx.core.impl.ContextImpl.lambda$wrapTask$2(ContextImpl.java:344)
	at io.netty.util.concurrent.AbstractEventExecutor.safeExecute(AbstractEventExecutor.java:163)
	at io.netty.util.concurrent.SingleThreadEventExecutor.runAllTasks(SingleThreadEventExecutor.java:403)
	at io.netty.channel.nio.NioEventLoop.run(NioEventLoop.java:463)
	at io.netty.util.concurrent.SingleThreadEventExecutor$5.run(SingleThreadEventExecutor.java:858)
	at java.lang.Thread.run(Thread.java:748)
[TIME] Sun Oct 28 15:30:17 ICT 2018
java.lang.ClassNotFoundException: com.survey.dbservices.action.ChangePasswordAction
	at java.net.URLClassLoader.findClass(URLClassLoader.java:381)
	at java.lang.ClassLoader.loadClass(ClassLoader.java:424)
	at sun.misc.Launcher$AppClassLoader.loadClass(Launcher.java:349)
	at java.lang.ClassLoader.loadClass(ClassLoader.java:357)
	at java.lang.Class.forName0(Native Method)
	at java.lang.Class.forName(Class.java:264)
	at com.survey.dbservices.DBServiceInit.lambda$0(DBServiceInit.java:44)
	at java.lang.Iterable.forEach(Iterable.java:75)
	at com.survey.dbservices.DBServiceInit.init(DBServiceInit.java:41)
	at io.vertx.core.impl.DeploymentManager.lambda$doDeploy$10(DeploymentManager.java:479)
	at io.vertx.core.impl.ContextImpl.lambda$wrapTask$2(ContextImpl.java:344)
	at io.netty.util.concurrent.AbstractEventExecutor.safeExecute(AbstractEventExecutor.java:163)
	at io.netty.util.concurrent.SingleThreadEventExecutor.runAllTasks(SingleThreadEventExecutor.java:403)
	at io.netty.channel.nio.NioEventLoop.run(NioEventLoop.java:463)
	at io.netty.util.concurrent.SingleThreadEventExecutor$5.run(SingleThreadEventExecutor.java:858)
	at java.lang.Thread.run(Thread.java:748)
