***********************************************
**************  System Startup  ***************
***********************************************
Java Runtime Environment
awt.toolkit = sun.awt.windows.WToolkit
file.encoding = UTF-8
file.encoding.pkg = sun.io
file.separator = \
hazelcast.shutdownhook.enabled = false
io.netty.noJdkZlibDecoder = false
java.awt.graphicsenv = sun.awt.Win32GraphicsEnvironment
java.awt.printerjob = sun.awt.windows.WPrinterJob
java.class.path = C:\Program Files\Java\jdk1.8.0_191\jre\lib\resources.jar;C:\Program Files\Java\jdk1.8.0_191\jre\lib\rt.jar;C:\Program Files\Java\jdk1.8.0_191\jre\lib\jsse.jar;C:\Program Files\Java\jdk1.8.0_191\jre\lib\jce.jar;C:\Program Files\Java\jdk1.8.0_191\jre\lib\charsets.jar;C:\Program Files\Java\jdk1.8.0_191\jre\lib\jfr.jar;C:\Program Files\Java\jdk1.8.0_191\jre\lib\ext\access-bridge-64.jar;C:\Program Files\Java\jdk1.8.0_191\jre\lib\ext\cldrdata.jar;C:\Program Files\Java\jdk1.8.0_191\jre\lib\ext\dnsns.jar;C:\Program Files\Java\jdk1.8.0_191\jre\lib\ext\jaccess.jar;C:\Program Files\Java\jdk1.8.0_191\jre\lib\ext\jfxrt.jar;C:\Program Files\Java\jdk1.8.0_191\jre\lib\ext\localedata.jar;C:\Program Files\Java\jdk1.8.0_191\jre\lib\ext\nashorn.jar;C:\Program Files\Java\jdk1.8.0_191\jre\lib\ext\sunec.jar;C:\Program Files\Java\jdk1.8.0_191\jre\lib\ext\sunjce_provider.jar;C:\Program Files\Java\jdk1.8.0_191\jre\lib\ext\sunmscapi.jar;C:\Program Files\Java\jdk1.8.0_191\jre\lib\ext\sunpkcs11.jar;C:\Program Files\Java\jdk1.8.0_191\jre\lib\ext\zipfs.jar;E:\KLTN\surveyServer\surveyServer\newWebTradeVertx_\Surver\SurveyServer\target\classes;E:\KLTN\surveyServer\surveyServer\newWebTradeVertx_\Surver\SurveyUtils\target\classes;C:\Users\HP\.m2\repository\com\txtech\common\Common\3.0.1-SNAPSHOT\Common-3.0.1-SNAPSHOT.jar;C:\Users\HP\.m2\repository\javolution\javolution\5.4.5\javolution-5.4.5.jar;C:\Users\HP\.m2\repository\javax\servlet\javax.servlet-api\4.0.1\javax.servlet-api-4.0.1.jar;C:\Users\HP\.m2\repository\org\atmosphere\atmosphere-runtime\2.4.24\atmosphere-runtime-2.4.24.jar;C:\Users\HP\.m2\repository\org\slf4j\slf4j-api\1.7.7\slf4j-api-1.7.7.jar;C:\Users\HP\.m2\repository\org\atmosphere\atmosphere-vertx\3.0.0\atmosphere-vertx-3.0.0.jar;C:\Users\HP\.m2\repository\ch\qos\logback\logback-classic\1.0.7\logback-classic-1.0.7.jar;C:\Users\HP\.m2\repository\ch\qos\logback\logback-core\1.0.7\logback-core-1.0.7.jar;C:\Users\HP\.m2\repository\org\apache\geronimo\specs\geronimo-servlet_3.0_spec\1.0\geronimo-servlet_3.0_spec-1.0.jar;C:\Users\HP\.m2\repository\javax\mail\mail\1.4\mail-1.4.jar;C:\Users\HP\.m2\repository\javax\activation\activation\1.1\activation-1.1.jar;C:\Users\HP\.m2\repository\org\jasypt\jasypt\1.9.0\jasypt-1.9.0.jar;C:\Users\HP\.m2\repository\net\openhft\chronicle\3.6.4\chronicle-3.6.4.jar;C:\Users\HP\.m2\repository\net\openhft\lang\6.8.2\lang-6.8.2.jar;C:\Users\HP\.m2\repository\org\ow2\asm\asm\5.0.4\asm-5.0.4.jar;C:\Program Files\Java\jdk1.8.0_191\lib\tools.jar;C:\Users\HP\.m2\repository\net\openhft\compiler\2.2.4\compiler-2.2.4.jar;C:\Users\HP\.m2\repository\org\xerial\snappy\snappy-java\1.1.2.1\snappy-java-1.1.2.1.jar;C:\Users\HP\.m2\repository\net\openhft\affinity\3.0.5\affinity-3.0.5.jar;C:\Users\HP\.m2\repository\net\openhft\chronicle-map\3.13.0\chronicle-map-3.13.0.jar;C:\Users\HP\.m2\repository\net\openhft\chronicle-core\1.7.15\chronicle-core-1.7.15.jar;C:\Users\HP\.m2\repository\net\openhft\chronicle-values\1.5.5\chronicle-values-1.5.5.jar;C:\Users\HP\.m2\repository\com\squareup\javapoet\1.5.1\javapoet-1.5.1.jar;C:\Users\HP\.m2\repository\net\openhft\chronicle-threads\1.7.7\chronicle-threads-1.7.7.jar;C:\Users\HP\.m2\repository\com\intellij\annotations\12.0\annotations-12.0.jar;C:\Users\HP\.m2\repository\net\openhft\chronicle-wire\1.7.30\chronicle-wire-1.7.30.jar;C:\Users\HP\.m2\repository\net\openhft\chronicle-bytes\1.7.34\chronicle-bytes-1.7.34.jar;C:\Users\HP\.m2\repository\net\openhft\chronicle-algorithms\1.1.8\chronicle-algorithms-1.1.8.jar;C:\Users\HP\.m2\repository\net\java\dev\jna\jna\4.2.1\jna-4.2.1.jar;C:\Users\HP\.m2\repository\net\java\dev\jna\jna-platform\4.2.1\jna-platform-4.2.1.jar;C:\Users\HP\.m2\repository\com\thoughtworks\xstream\xstream\1.4.9\xstream-1.4.9.jar;C:\Users\HP\.m2\repository\xmlpull\xmlpull\1.1.3.1\xmlpull-1.1.3.1.jar;C:\Users\HP\.m2\repository\xpp3\xpp3_min\1.1.4c\xpp3_min-1.1.4c.jar;C:\Users\HP\.m2\repository\org\codehaus\jettison\jettison\1.3.7\jettison-1.3.7.jar;C:\Users\HP\.m2\repository\stax\stax-api\1.0.1\stax-api-1.0.1.jar;C:\Users\HP\.m2\repository\org\ops4j\pax\url\pax-url-aether\2.4.5\pax-url-aether-2.4.5.jar;C:\Users\HP\.m2\repository\org\slf4j\jcl-over-slf4j\1.6.6\jcl-over-slf4j-1.6.6.jar;C:\Users\HP\.m2\repository\commons-codec\commons-codec\1.9\commons-codec-1.9.jar;C:\Users\HP\.m2\repository\com\fasterxml\jackson\core\jackson-databind\2.9.7\jackson-databind-2.9.7.jar;C:\Users\HP\.m2\repository\com\fasterxml\jackson\core\jackson-annotations\2.9.0\jackson-annotations-2.9.0.jar;C:\Users\HP\.m2\repository\javax\inject\javax.inject\1\javax.inject-1.jar;C:\Users\HP\.m2\repository\org\jsoup\jsoup\1.11.3\jsoup-1.11.3.jar;C:\Users\HP\.m2\repository\com\noctarius\discovery\hazelcast-kubernetes-discovery\0.9.3\hazelcast-kubernetes-discovery-0.9.3.jar;C:\Users\HP\.m2\repository\io\fabric8\kubernetes-client\1.3.66\kubernetes-client-1.3.66.jar;C:\Users\HP\.m2\repository\io\fabric8\kubernetes-model\1.0.40\kubernetes-model-1.0.40.jar;C:\Users\HP\.m2\repository\com\fasterxml\jackson\module\jackson-module-jaxb-annotations\2.6.3\jackson-module-jaxb-annotations-2.6.3.jar;C:\Users\HP\.m2\repository\javax\validation\validation-api\1.1.0.Final\validation-api-1.1.0.Final.jar;C:\Users\HP\.m2\repository\com\squareup\okhttp\okhttp\2.7.0\okhttp-2.7.0.jar;C:\Users\HP\.m2\repository\com\squareup\okio\okio\1.6.0\okio-1.6.0.jar;C:\Users\HP\.m2\repository\com\squareup\okhttp\logging-interceptor\2.7.0\logging-interceptor-2.7.0.jar;C:\Users\HP\.m2\repository\com\squareup\okhttp\okhttp-ws\2.7.0\okhttp-ws-2.7.0.jar;C:\Users\HP\.m2\repository\org\slf4j\jul-to-slf4j\1.7.12\jul-to-slf4j-1.7.12.jar;C:\Users\HP\.m2\repository\com\fasterxml\jackson\dataformat\jackson-dataformat-yaml\2.6.3\jackson-dataformat-yaml-2.6.3.jar;C:\Users\HP\.m2\repository\org\yaml\snakeyaml\1.15\snakeyaml-1.15.jar;C:\Users\HP\.m2\repository\dnsjava\dnsjava\2.1.7\dnsjava-2.1.7.jar;C:\Users\HP\.m2\repository\com\hazelcast\hazelcast\3.9.1\hazelcast-3.9.1.jar;C:\Users\HP\.m2\repository\io\vertx\vertx-hazelcast\3.5.0\vertx-hazelcast-3.5.0.jar;C:\Users\HP\.m2\repository\io\vertx\vertx-health-check\3.5.0\vertx-health-check-3.5.0.jar;C:\Users\HP\.m2\repository\io\vertx\vertx-auth-common\3.5.0\vertx-auth-common-3.5.0.jar;C:\Users\HP\.m2\repository\io\vertx\vertx-core\3.5.0\vertx-core-3.5.0.jar;C:\Users\HP\.m2\repository\io\netty\netty-common\4.1.15.Final\netty-common-4.1.15.Final.jar;C:\Users\HP\.m2\repository\io\netty\netty-buffer\4.1.15.Final\netty-buffer-4.1.15.Final.jar;C:\Users\HP\.m2\repository\io\netty\netty-transport\4.1.15.Final\netty-transport-4.1.15.Final.jar;C:\Users\HP\.m2\repository\io\netty\netty-handler\4.1.15.Final\netty-handler-4.1.15.Final.jar;C:\Users\HP\.m2\repository\io\netty\netty-codec\4.1.15.Final\netty-codec-4.1.15.Final.jar;C:\Users\HP\.m2\repository\io\netty\netty-handler-proxy\4.1.15.Final\netty-handler-proxy-4.1.15.Final.jar;C:\Users\HP\.m2\repository\io\netty\netty-codec-socks\4.1.15.Final\netty-codec-socks-4.1.15.Final.jar;C:\Users\HP\.m2\repository\io\netty\netty-codec-http\4.1.15.Final\netty-codec-http-4.1.15.Final.jar;C:\Users\HP\.m2\repository\io\netty\netty-codec-http2\4.1.15.Final\netty-codec-http2-4.1.15.Final.jar;C:\Users\HP\.m2\repository\io\netty\netty-resolver\4.1.15.Final\netty-resolver-4.1.15.Final.jar;C:\Users\HP\.m2\repository\io\netty\netty-resolver-dns\4.1.15.Final\netty-resolver-dns-4.1.15.Final.jar;C:\Users\HP\.m2\repository\io\netty\netty-codec-dns\4.1.15.Final\netty-codec-dns-4.1.15.Final.jar;C:\Users\HP\.m2\repository\com\fasterxml\jackson\core\jackson-core\2.9.0\jackson-core-2.9.0.jar;C:\Users\HP\.m2\repository\io\vertx\vertx-web\3.5.0\vertx-web-3.5.0.jar;C:\Users\HP\.m2\repository\io\vertx\vertx-bridge-common\3.5.0\vertx-bridge-common-3.5.0.jar;C:\Users\HP\.m2\repository\io\vertx\vertx-codegen\3.5.0\vertx-codegen-3.5.0.jar;C:\Users\HP\.m2\repository\org\mvel\mvel2\2.3.1.Final\mvel2-2.3.1.Final.jar;C:\Users\HP\.m2\repository\io\vertx\vertx-service-discovery\3.5.0\vertx-service-discovery-3.5.0.jar;C:\Users\HP\.m2\repository\io\vertx\vertx-circuit-breaker\3.5.0\vertx-circuit-breaker-3.5.0.jar;C:\Users\HP\.m2\repository\org\hdrhistogram\HdrHistogram\2.1.9\HdrHistogram-2.1.9.jar;C:\Users\HP\.m2\repository\io\vertx\vertx-service-proxy\3.5.0\vertx-service-proxy-3.5.0.jar;C:\Users\HP\.m2\repository\io\vertx\vertx-config\3.5.0\vertx-config-3.5.0.jar;C:\Users\HP\.m2\repository\io\vertx\vertx-auth-jwt\3.5.2\vertx-auth-jwt-3.5.2.jar;C:\Users\HP\.m2\repository\io\vertx\vertx-jwt\3.5.2\vertx-jwt-3.5.2.jar;C:\Users\HP\.m2\repository\io\vertx\vertx-dropwizard-metrics\3.5.0\vertx-dropwizard-metrics-3.5.0.jar;C:\Users\HP\.m2\repository\io\dropwizard\metrics\metrics-core\3.1.2\metrics-core-3.1.2.jar;C:\Users\HP\.m2\repository\io\vertx\vertx-sync\3.5.0\vertx-sync-3.5.0.jar;C:\Users\HP\.m2\repository\co\paralleluniverse\quasar-core\0.7.5\quasar-core-0.7.5-jdk8.jar;C:\Users\HP\.m2\repository\com\esotericsoftware\kryo\3.0.3\kryo-3.0.3.jar;C:\Users\HP\.m2\repository\com\esotericsoftware\reflectasm\1.10.1\reflectasm-1.10.1.jar;C:\Users\HP\.m2\repository\com\esotericsoftware\minlog\1.3.0\minlog-1.3.0.jar;C:\Users\HP\.m2\repository\org\objenesis\objenesis\2.1\objenesis-2.1.jar;C:\Users\HP\.m2\repository\de\javakaffee\kryo-serializers\0.37\kryo-serializers-0.37.jar;C:\Users\HP\.m2\repository\com\google\guava\guava\19.0\guava-19.0.jar;C:\Users\HP\.m2\repository\io\vertx\vertx-web-client\3.5.0\vertx-web-client-3.5.0.jar;C:\Users\HP\.m2\repository\io\vertx\vertx-web-common\3.5.0\vertx-web-common-3.5.0.jar
java.class.version = 52.0
java.endorsed.dirs = C:\Program Files\Java\jdk1.8.0_191\jre\lib\endorsed
java.ext.dirs = C:\Program Files\Java\jdk1.8.0_191\jre\lib\ext;C:\windows\Sun\Java\lib\ext
java.home = C:\Program Files\Java\jdk1.8.0_191\jre
java.io.tmpdir = C:\Users\HP\AppData\Local\Temp\
java.library.path = C:\Program Files\Java\jdk1.8.0_191\jre\bin;C:\windows\Sun\Java\bin;C:\windows\system32;C:\windows;C:\Program Files\Java\jdk1.8.0_191\jre\bin;C:\Program Files\Java\jdk1.8.0_191\bin;C:\Program Files (x86)\Common Files\Oracle\Java\javapath;C:\Program Files (x86)\Intel\Intel(R) Management Engine Components\iCLS\;C:\Program Files\Intel\Intel(R) Management Engine Components\iCLS\;C:\windows\system32;C:\windows;C:\windows\System32\Wbem;C:\windows\System32\WindowsPowerShell\v1.0\;C:\windows\System32\OpenSSH\;C:\Program Files (x86)\Intel\Intel(R) Management Engine Components\DAL;C:\Program Files\Intel\Intel(R) Management Engine Components\DAL;C:\Program Files (x86)\Intel\Intel(R) Management Engine Components\IPT;C:\Program Files\Intel\Intel(R) Management Engine Components\IPT;C:\Program Files\Git\cmd;C:\maven\apache-maven-3.6.0\bin;C:\Program Files\nodejs\;C:\Program Files\Intel\WiFi\bin\;C:\Program Files\Common Files\Intel\WirelessCommon\;C:\Users\HP\AppData\Local\Microsoft\WindowsApps;;C:\Users\HP\AppData\Local\Programs\Microsoft VS Code\bin;C:\Users\HP\AppData\Roaming\npm;C:\Program Files\Intel\WiFi\bin\;C:\Program Files\Common Files\Intel\WirelessCommon\;.
java.runtime.name = Java(TM) SE Runtime Environment
java.runtime.version = 1.8.0_191-b12
java.specification.name = Java Platform API Specification
java.specification.vendor = Oracle Corporation
java.specification.version = 1.8
java.vendor = Oracle Corporation
java.vendor.url = http://java.oracle.com/
java.vendor.url.bug = http://bugreport.sun.com/bugreport/
java.version = 1.8.0_191
java.vm.info = mixed mode
java.vm.name = Java HotSpot(TM) 64-Bit Server VM
java.vm.specification.name = Java Virtual Machine Specification
java.vm.specification.vendor = Oracle Corporation
java.vm.specification.version = 1.8
java.vm.vendor = Oracle Corporation
java.vm.version = 25.191-b12
line.separator = 

os.arch = amd64
os.name = Windows 10
os.version = 10.0
path.separator = ;
sun.arch.data.model = 64
sun.boot.class.path = C:\Program Files\Java\jdk1.8.0_191\jre\lib\resources.jar;C:\Program Files\Java\jdk1.8.0_191\jre\lib\rt.jar;C:\Program Files\Java\jdk1.8.0_191\jre\lib\sunrsasign.jar;C:\Program Files\Java\jdk1.8.0_191\jre\lib\jsse.jar;C:\Program Files\Java\jdk1.8.0_191\jre\lib\jce.jar;C:\Program Files\Java\jdk1.8.0_191\jre\lib\charsets.jar;C:\Program Files\Java\jdk1.8.0_191\jre\lib\jfr.jar;C:\Program Files\Java\jdk1.8.0_191\jre\classes
sun.boot.library.path = C:\Program Files\Java\jdk1.8.0_191\jre\bin
sun.cpu.endian = little
sun.cpu.isalist = amd64
sun.desktop = windows
sun.io.unicode.encoding = UnicodeLittle
sun.java.command = com.survey.utils.controller.SurveyRun run com.survey.server.ServiceInit --cluster
sun.java.launcher = SUN_STANDARD
sun.jnu.encoding = Cp1252
sun.management.compiler = HotSpot 64-Bit Tiered Compilers
sun.nio.ch.bugLevel = 
sun.os.patch.level = 
user.country = GB
user.dir = E:\KLTN\surveyServer\surveyServer\newWebTradeVertx_\Surver\SurveyServer
user.home = C:\Users\HP
user.language = en
user.name = HP
user.script = 
user.timezone = Asia/Bangkok
user.variant = 
vertx.disableDnsResolver = true

TCP/IP Configuration
SUPHAM/192.168.130.62
SUPHAM/fe80:0:0:0:91d0:8a49:f13e:76d8%18

[INF vert.x-eventloop-thread-3,12-05 11:31:54.969914]:Pushlish SURVEYPUSHPRIVATESERVERDISCOVEY success!
[INF vert.x-eventloop-thread-3,12-05 11:31:54.971696]:Pushlish SURVEYPUSHPRIVATESERVERDISCOVEY success!
[MSG vert.x-eventloop-thread-2,12-05 11:31:54.999459]:Starting Service Push
[INF vert.x-eventloop-thread-2,12-05 12:18:10.981447]:CREATE new topic SUCCESSED: thanhsu604@gmail.com Topic: [Ljava.lang.String;@305232a6
[INF vert.x-eventloop-thread-2,12-05 12:18:12.421542]:UPDATE new topic SUCCESSED: thanhsu604@gmail.com Topic: [Ljava.lang.String;@66b21b0d
[INF vert.x-eventloop-thread-2,12-05 12:18:13.013083]:UPDATE new topic SUCCESSED: thanhsu604@gmail.com Topic: [Ljava.lang.String;@7dcab8cb
[INF vert.x-eventloop-thread-2,12-05 12:18:13.783037]:UPDATE new topic SUCCESSED: thanhsu604@gmail.com Topic: [Ljava.lang.String;@6753d6cf
[INF vert.x-eventloop-thread-2,12-05 12:18:14.079670]:UPDATE new topic SUCCESSED: thanhsu604@gmail.com Topic: [Ljava.lang.String;@41fe4600
[INF vert.x-eventloop-thread-2,12-05 12:18:16.251729]:UPDATE new topic SUCCESSED: thanhsu604@gmail.com Topic: [Ljava.lang.String;@28f26898
[INF vert.x-eventloop-thread-2,12-05 12:18:17.335870]:UPDATE new topic SUCCESSED: thanhsu604@gmail.com Topic: [Ljava.lang.String;@289cd626
[INF vert.x-eventloop-thread-2,12-05 12:18:18.248871]:UPDATE new topic SUCCESSED: thanhsu604@gmail.com Topic: [Ljava.lang.String;@35a2a1fb
[INF vert.x-eventloop-thread-2,12-05 12:18:19.217579]:UPDATE new topic SUCCESSED: thanhsu604@gmail.com Topic: [Ljava.lang.String;@65d04394
[INF vert.x-eventloop-thread-2,12-05 12:18:19.827013]:UPDATE new topic SUCCESSED: thanhsu604@gmail.com Topic: [Ljava.lang.String;@7554a458
[INF vert.x-eventloop-thread-2,12-05 12:18:20.737951]:UPDATE new topic SUCCESSED: thanhsu604@gmail.com Topic: [Ljava.lang.String;@32f6f76a
[INF vert.x-eventloop-thread-2,12-05 12:18:41.162684]:CREATE new topic SUCCESSED: message Topic: [Ljava.lang.String;@3645a606
[INF vert.x-eventloop-thread-2,12-05 12:18:44.263904]:UPDATE new topic SUCCESSED: message Topic: [Ljava.lang.String;@349c443f
[INF vert.x-eventloop-thread-2,12-05 12:18:45.483075]:UPDATE new topic SUCCESSED: message Topic: [Ljava.lang.String;@6175fd49
[INF vert.x-eventloop-thread-2,12-05 12:18:51.046325]:UPDATE new topic SUCCESSED: message Topic: [Ljava.lang.String;@31391fa5
[INF vert.x-eventloop-thread-2,12-05 12:18:51.741534]:UPDATE new topic SUCCESSED: message Topic: [Ljava.lang.String;@6f5e5419
[INF vert.x-eventloop-thread-2,12-05 12:18:52.460856]:UPDATE new topic SUCCESSED: message Topic: [Ljava.lang.String;@5360272e
[INF vert.x-eventloop-thread-2,12-05 12:18:53.003185]:UPDATE new topic SUCCESSED: message Topic: [Ljava.lang.String;@2da84eed
[INF vert.x-eventloop-thread-2,12-05 12:18:53.508786]:UPDATE new topic SUCCESSED: message Topic: [Ljava.lang.String;@115a5c55
[INF vert.x-eventloop-thread-2,12-05 12:18:53.995365]:UPDATE new topic SUCCESSED: message Topic: [Ljava.lang.String;@6677d13d
[INF vert.x-eventloop-thread-2,12-05 12:18:54.567531]:UPDATE new topic SUCCESSED: message Topic: [Ljava.lang.String;@c32d4e
[INF vert.x-eventloop-thread-2,12-05 12:18:55.129457]:UPDATE new topic SUCCESSED: message Topic: [Ljava.lang.String;@630e2f6e
[INF vert.x-eventloop-thread-2,12-05 12:19:17.383944]:UPDATE new topic SUCCESSED: message Topic: [Ljava.lang.String;@34edec22
[INF vert.x-eventloop-thread-2,12-05 12:19:18.008795]:UPDATE new topic SUCCESSED: message Topic: [Ljava.lang.String;@6b7a18a5
[INF vert.x-eventloop-thread-2,12-05 12:19:18.188163]:UPDATE new topic SUCCESSED: message Topic: [Ljava.lang.String;@217f89bc
[INF vert.x-eventloop-thread-2,12-05 12:19:18.728401]:UPDATE new topic SUCCESSED: message Topic: [Ljava.lang.String;@66b62a5
[INF vert.x-eventloop-thread-2,12-05 12:19:19.585981]:UPDATE new topic SUCCESSED: message Topic: [Ljava.lang.String;@5ffd3c0f
[INF vert.x-eventloop-thread-2,12-05 12:19:19.925945]:UPDATE new topic SUCCESSED: message Topic: [Ljava.lang.String;@7acffc13
[INF vert.x-eventloop-thread-2,12-05 12:19:20.654784]:UPDATE new topic SUCCESSED: message Topic: [Ljava.lang.String;@49d024c1
[INF vert.x-eventloop-thread-2,12-05 12:19:21.364973]:UPDATE new topic SUCCESSED: message Topic: [Ljava.lang.String;@4dcfbe9a
[INF vert.x-eventloop-thread-2,12-05 12:19:22.278208]:UPDATE new topic SUCCESSED: message Topic: [Ljava.lang.String;@5146c865
[INF vert.x-eventloop-thread-2,12-05 12:19:22.705341]:UPDATE new topic SUCCESSED: message Topic: [Ljava.lang.String;@6a2e3c62
[INF vert.x-eventloop-thread-2,12-05 12:19:23.260281]:UPDATE new topic SUCCESSED: message Topic: [Ljava.lang.String;@26ff5c82
[INF vert.x-eventloop-thread-2,12-05 12:19:23.993313]:UPDATE new topic SUCCESSED: message Topic: [Ljava.lang.String;@7ab08081
[INF vert.x-eventloop-thread-2,12-05 12:24:15.373601]:UPDATE new topic SUCCESSED: message Topic: [Ljava.lang.String;@52b9e484
[INF vert.x-eventloop-thread-2,12-05 12:24:22.591359]:UPDATE new topic SUCCESSED: message Topic: [Ljava.lang.String;@80de84d
[INF vert.x-eventloop-thread-2,12-05 12:27:42.125046]:UPDATE new topic SUCCESSED: message Topic: [Ljava.lang.String;@384ca277
[INF vert.x-eventloop-thread-2,12-05 12:30:41.239872]:UPDATE new topic SUCCESSED: message Topic: [Ljava.lang.String;@3ba3c92f
[INF vert.x-eventloop-thread-2,12-05 12:33:20.219438]:UPDATE new topic SUCCESSED: message Topic: [Ljava.lang.String;@42200756
[INF vert.x-eventloop-thread-2,12-05 12:38:27.942927]:UPDATE new topic SUCCESSED: message Topic: [Ljava.lang.String;@12204e3a
[INF vert.x-eventloop-thread-2,12-05 12:38:46.951723]:UPDATE new topic SUCCESSED: message Topic: [Ljava.lang.String;@19f077b7
[INF vert.x-eventloop-thread-2,12-05 12:38:55.331490]:UPDATE new topic SUCCESSED: message Topic: [Ljava.lang.String;@7f7b282
[INF vert.x-eventloop-thread-2,12-05 12:40:11.497212]:UPDATE new topic SUCCESSED: message Topic: [Ljava.lang.String;@7388b974
[INF vert.x-eventloop-thread-2,12-05 12:40:17.865216]:UPDATE new topic SUCCESSED: message Topic: [Ljava.lang.String;@7751924
[INF vert.x-eventloop-thread-2,12-05 12:41:03.879101]:UPDATE new topic SUCCESSED: message Topic: [Ljava.lang.String;@2e13f93
[INF vert.x-eventloop-thread-2,12-05 12:41:14.314220]:UPDATE new topic SUCCESSED: message Topic: [Ljava.lang.String;@356f5b4d
[INF vert.x-eventloop-thread-2,12-05 12:41:17.121610]:UPDATE new topic SUCCESSED: message Topic: [Ljava.lang.String;@1c495b40
[INF vert.x-eventloop-thread-2,12-05 12:44:43.129888]:UPDATE new topic SUCCESSED: message Topic: [Ljava.lang.String;@685dfb8f
