[TIME] Thu Nov 15 22:12:01 ICT 2018
java.lang.ClassNotFoundException: com.survey.dbservices.action.ChangePasswordAction
	at java.net.URLClassLoader.findClass(URLClassLoader.java:381)
	at java.lang.ClassLoader.loadClass(ClassLoader.java:424)
	at sun.misc.Launcher$AppClassLoader.loadClass(Launcher.java:349)
	at java.lang.ClassLoader.loadClass(ClassLoader.java:357)
	at java.lang.Class.forName0(Native Method)
	at java.lang.Class.forName(Class.java:264)
	at com.survey.dbservices.DBServiceInit.lambda$0(DBServiceInit.java:44)
	at java.lang.Iterable.forEach(Iterable.java:75)
	at com.survey.dbservices.DBServiceInit.init(DBServiceInit.java:41)
	at io.vertx.core.impl.DeploymentManager.lambda$doDeploy$10(DeploymentManager.java:479)
	at io.vertx.core.impl.ContextImpl.lambda$wrapTask$2(ContextImpl.java:344)
	at io.netty.util.concurrent.AbstractEventExecutor.safeExecute(AbstractEventExecutor.java:163)
	at io.netty.util.concurrent.SingleThreadEventExecutor.runAllTasks(SingleThreadEventExecutor.java:403)
	at io.netty.channel.nio.NioEventLoop.run(NioEventLoop.java:463)
	at io.netty.util.concurrent.SingleThreadEventExecutor$5.run(SingleThreadEventExecutor.java:858)
	at java.lang.Thread.run(Thread.java:748)
[TIME] Thu Nov 15 22:30:45 ICT 2018
java.lang.ClassNotFoundException: com.survey.dbservices.action.ChangePasswordAction
	at java.net.URLClassLoader.findClass(URLClassLoader.java:381)
	at java.lang.ClassLoader.loadClass(ClassLoader.java:424)
	at sun.misc.Launcher$AppClassLoader.loadClass(Launcher.java:349)
	at java.lang.ClassLoader.loadClass(ClassLoader.java:357)
	at java.lang.Class.forName0(Native Method)
	at java.lang.Class.forName(Class.java:264)
	at com.survey.dbservices.DBServiceInit.lambda$0(DBServiceInit.java:44)
	at java.lang.Iterable.forEach(Iterable.java:75)
	at com.survey.dbservices.DBServiceInit.init(DBServiceInit.java:41)
	at io.vertx.core.impl.DeploymentManager.lambda$doDeploy$10(DeploymentManager.java:479)
	at io.vertx.core.impl.ContextImpl.lambda$wrapTask$2(ContextImpl.java:344)
	at io.netty.util.concurrent.AbstractEventExecutor.safeExecute(AbstractEventExecutor.java:163)
	at io.netty.util.concurrent.SingleThreadEventExecutor.runAllTasks(SingleThreadEventExecutor.java:403)
	at io.netty.channel.nio.NioEventLoop.run(NioEventLoop.java:463)
	at io.netty.util.concurrent.SingleThreadEventExecutor$5.run(SingleThreadEventExecutor.java:858)
	at java.lang.Thread.run(Thread.java:748)
[TIME] Thu Nov 15 22:45:46 ICT 2018
java.lang.ClassNotFoundException: com.survey.dbservices.action.ChangePasswordAction
	at java.net.URLClassLoader.findClass(URLClassLoader.java:381)
	at java.lang.ClassLoader.loadClass(ClassLoader.java:424)
	at sun.misc.Launcher$AppClassLoader.loadClass(Launcher.java:349)
	at java.lang.ClassLoader.loadClass(ClassLoader.java:357)
	at java.lang.Class.forName0(Native Method)
	at java.lang.Class.forName(Class.java:264)
	at com.survey.dbservices.DBServiceInit.lambda$0(DBServiceInit.java:44)
	at java.lang.Iterable.forEach(Iterable.java:75)
	at com.survey.dbservices.DBServiceInit.init(DBServiceInit.java:41)
	at io.vertx.core.impl.DeploymentManager.lambda$doDeploy$10(DeploymentManager.java:479)
	at io.vertx.core.impl.ContextImpl.lambda$wrapTask$2(ContextImpl.java:344)
	at io.netty.util.concurrent.AbstractEventExecutor.safeExecute(AbstractEventExecutor.java:163)
	at io.netty.util.concurrent.SingleThreadEventExecutor.runAllTasks(SingleThreadEventExecutor.java:403)
	at io.netty.channel.nio.NioEventLoop.run(NioEventLoop.java:463)
	at io.netty.util.concurrent.SingleThreadEventExecutor$5.run(SingleThreadEventExecutor.java:858)
	at java.lang.Thread.run(Thread.java:748)
[TIME] Thu Nov 15 23:15:16 ICT 2018
java.lang.ClassNotFoundException: com.survey.dbservices.action.ChangePasswordAction
	at java.net.URLClassLoader.findClass(URLClassLoader.java:381)
	at java.lang.ClassLoader.loadClass(ClassLoader.java:424)
	at sun.misc.Launcher$AppClassLoader.loadClass(Launcher.java:349)
	at java.lang.ClassLoader.loadClass(ClassLoader.java:357)
	at java.lang.Class.forName0(Native Method)
	at java.lang.Class.forName(Class.java:264)
	at com.survey.dbservices.DBServiceInit.lambda$0(DBServiceInit.java:44)
	at java.lang.Iterable.forEach(Iterable.java:75)
	at com.survey.dbservices.DBServiceInit.init(DBServiceInit.java:41)
	at io.vertx.core.impl.DeploymentManager.lambda$doDeploy$10(DeploymentManager.java:479)
	at io.vertx.core.impl.ContextImpl.lambda$wrapTask$2(ContextImpl.java:344)
	at io.netty.util.concurrent.AbstractEventExecutor.safeExecute(AbstractEventExecutor.java:163)
	at io.netty.util.concurrent.SingleThreadEventExecutor.runAllTasks(SingleThreadEventExecutor.java:403)
	at io.netty.channel.nio.NioEventLoop.run(NioEventLoop.java:463)
	at io.netty.util.concurrent.SingleThreadEventExecutor$5.run(SingleThreadEventExecutor.java:858)
	at java.lang.Thread.run(Thread.java:748)
[TIME] Thu Nov 15 23:29:20 ICT 2018
java.lang.ClassNotFoundException: com.survey.dbservices.action.ChangePasswordAction
	at java.net.URLClassLoader.findClass(URLClassLoader.java:381)
	at java.lang.ClassLoader.loadClass(ClassLoader.java:424)
	at sun.misc.Launcher$AppClassLoader.loadClass(Launcher.java:349)
	at java.lang.ClassLoader.loadClass(ClassLoader.java:357)
	at java.lang.Class.forName0(Native Method)
	at java.lang.Class.forName(Class.java:264)
	at com.survey.dbservices.DBServiceInit.lambda$0(DBServiceInit.java:44)
	at java.lang.Iterable.forEach(Iterable.java:75)
	at com.survey.dbservices.DBServiceInit.init(DBServiceInit.java:41)
	at io.vertx.core.impl.DeploymentManager.lambda$doDeploy$10(DeploymentManager.java:479)
	at io.vertx.core.impl.ContextImpl.lambda$wrapTask$2(ContextImpl.java:344)
	at io.netty.util.concurrent.AbstractEventExecutor.safeExecute(AbstractEventExecutor.java:163)
	at io.netty.util.concurrent.SingleThreadEventExecutor.runAllTasks(SingleThreadEventExecutor.java:403)
	at io.netty.channel.nio.NioEventLoop.run(NioEventLoop.java:463)
	at io.netty.util.concurrent.SingleThreadEventExecutor$5.run(SingleThreadEventExecutor.java:858)
	at java.lang.Thread.run(Thread.java:748)
[TIME] Thu Nov 15 23:43:14 ICT 2018
java.lang.ClassNotFoundException: com.survey.dbservices.action.ChangePasswordAction
	at java.net.URLClassLoader.findClass(URLClassLoader.java:381)
	at java.lang.ClassLoader.loadClass(ClassLoader.java:424)
	at sun.misc.Launcher$AppClassLoader.loadClass(Launcher.java:349)
	at java.lang.ClassLoader.loadClass(ClassLoader.java:357)
	at java.lang.Class.forName0(Native Method)
	at java.lang.Class.forName(Class.java:264)
	at com.survey.dbservices.DBServiceInit.lambda$0(DBServiceInit.java:44)
	at java.lang.Iterable.forEach(Iterable.java:75)
	at com.survey.dbservices.DBServiceInit.init(DBServiceInit.java:41)
	at io.vertx.core.impl.DeploymentManager.lambda$doDeploy$10(DeploymentManager.java:479)
	at io.vertx.core.impl.ContextImpl.lambda$wrapTask$2(ContextImpl.java:344)
	at io.netty.util.concurrent.AbstractEventExecutor.safeExecute(AbstractEventExecutor.java:163)
	at io.netty.util.concurrent.SingleThreadEventExecutor.runAllTasks(SingleThreadEventExecutor.java:403)
	at io.netty.channel.nio.NioEventLoop.run(NioEventLoop.java:463)
	at io.netty.util.concurrent.SingleThreadEventExecutor$5.run(SingleThreadEventExecutor.java:858)
	at java.lang.Thread.run(Thread.java:748)
