[TIME] Wed Dec 05 22:44:51 ICT 2018
java.lang.ClassNotFoundException: com.survey.dbservices.action.ChangePasswordAction
	at java.net.URLClassLoader.findClass(URLClassLoader.java:382)
	at java.lang.ClassLoader.loadClass(ClassLoader.java:424)
	at sun.misc.Launcher$AppClassLoader.loadClass(Launcher.java:349)
	at java.lang.ClassLoader.loadClass(ClassLoader.java:357)
	at java.lang.Class.forName0(Native Method)
	at java.lang.Class.forName(Class.java:264)
	at com.survey.dbservices.DBServiceInit.lambda$0(DBServiceInit.java:44)
	at java.lang.Iterable.forEach(Iterable.java:75)
	at com.survey.dbservices.DBServiceInit.init(DBServiceInit.java:41)
	at io.vertx.core.impl.DeploymentManager.lambda$doDeploy$10(DeploymentManager.java:479)
	at io.vertx.core.impl.ContextImpl.lambda$wrapTask$2(ContextImpl.java:344)
	at io.vertx.core.impl.TaskQueue.run(TaskQueue.java:80)
	at java.util.concurrent.ThreadPoolExecutor.runWorker(ThreadPoolExecutor.java:1149)
	at java.util.concurrent.ThreadPoolExecutor$Worker.run(ThreadPoolExecutor.java:624)
	at java.lang.Thread.run(Thread.java:748)
[TIME] Wed Dec 05 22:50:37 ICT 2018
java.lang.ClassNotFoundException: com.survey.dbservices.action.ChangePasswordAction
	at java.net.URLClassLoader.findClass(URLClassLoader.java:382)
	at java.lang.ClassLoader.loadClass(ClassLoader.java:424)
	at sun.misc.Launcher$AppClassLoader.loadClass(Launcher.java:349)
	at java.lang.ClassLoader.loadClass(ClassLoader.java:357)
	at java.lang.Class.forName0(Native Method)
	at java.lang.Class.forName(Class.java:264)
	at com.survey.dbservices.DBServiceInit.lambda$0(DBServiceInit.java:44)
	at java.lang.Iterable.forEach(Iterable.java:75)
	at com.survey.dbservices.DBServiceInit.init(DBServiceInit.java:41)
	at io.vertx.core.impl.DeploymentManager.lambda$doDeploy$10(DeploymentManager.java:479)
	at io.vertx.core.impl.ContextImpl.lambda$wrapTask$2(ContextImpl.java:344)
	at io.vertx.core.impl.TaskQueue.run(TaskQueue.java:80)
	at java.util.concurrent.ThreadPoolExecutor.runWorker(ThreadPoolExecutor.java:1149)
	at java.util.concurrent.ThreadPoolExecutor$Worker.run(ThreadPoolExecutor.java:624)
	at java.lang.Thread.run(Thread.java:748)
[TIME] Wed Dec 05 22:56:43 ICT 2018
java.lang.ClassNotFoundException: com.survey.dbservices.action.ChangePasswordAction
	at java.net.URLClassLoader.findClass(URLClassLoader.java:382)
	at java.lang.ClassLoader.loadClass(ClassLoader.java:424)
	at sun.misc.Launcher$AppClassLoader.loadClass(Launcher.java:349)
	at java.lang.ClassLoader.loadClass(ClassLoader.java:357)
	at java.lang.Class.forName0(Native Method)
	at java.lang.Class.forName(Class.java:264)
	at com.survey.dbservices.DBServiceInit.lambda$0(DBServiceInit.java:44)
	at java.lang.Iterable.forEach(Iterable.java:75)
	at com.survey.dbservices.DBServiceInit.init(DBServiceInit.java:41)
	at io.vertx.core.impl.DeploymentManager.lambda$doDeploy$10(DeploymentManager.java:479)
	at io.vertx.core.impl.ContextImpl.lambda$wrapTask$2(ContextImpl.java:344)
	at io.vertx.core.impl.TaskQueue.run(TaskQueue.java:80)
	at java.util.concurrent.ThreadPoolExecutor.runWorker(ThreadPoolExecutor.java:1149)
	at java.util.concurrent.ThreadPoolExecutor$Worker.run(ThreadPoolExecutor.java:624)
	at java.lang.Thread.run(Thread.java:748)
[TIME] Wed Dec 05 23:06:15 ICT 2018
java.lang.ClassNotFoundException: com.survey.dbservices.action.ChangePasswordAction
	at java.net.URLClassLoader.findClass(URLClassLoader.java:382)
	at java.lang.ClassLoader.loadClass(ClassLoader.java:424)
	at sun.misc.Launcher$AppClassLoader.loadClass(Launcher.java:349)
	at java.lang.ClassLoader.loadClass(ClassLoader.java:357)
	at java.lang.Class.forName0(Native Method)
	at java.lang.Class.forName(Class.java:264)
	at com.survey.dbservices.DBServiceInit.lambda$0(DBServiceInit.java:44)
	at java.lang.Iterable.forEach(Iterable.java:75)
	at com.survey.dbservices.DBServiceInit.init(DBServiceInit.java:41)
	at io.vertx.core.impl.DeploymentManager.lambda$doDeploy$10(DeploymentManager.java:479)
	at io.vertx.core.impl.ContextImpl.lambda$wrapTask$2(ContextImpl.java:344)
	at io.vertx.core.impl.TaskQueue.run(TaskQueue.java:80)
	at java.util.concurrent.ThreadPoolExecutor.runWorker(ThreadPoolExecutor.java:1149)
	at java.util.concurrent.ThreadPoolExecutor$Worker.run(ThreadPoolExecutor.java:624)
	at java.lang.Thread.run(Thread.java:748)
[TIME] Wed Dec 05 23:11:25 ICT 2018
java.lang.ClassNotFoundException: com.survey.dbservices.action.ChangePasswordAction
	at java.net.URLClassLoader.findClass(URLClassLoader.java:382)
	at java.lang.ClassLoader.loadClass(ClassLoader.java:424)
	at sun.misc.Launcher$AppClassLoader.loadClass(Launcher.java:349)
	at java.lang.ClassLoader.loadClass(ClassLoader.java:357)
	at java.lang.Class.forName0(Native Method)
	at java.lang.Class.forName(Class.java:264)
	at com.survey.dbservices.DBServiceInit.lambda$0(DBServiceInit.java:44)
	at java.lang.Iterable.forEach(Iterable.java:75)
	at com.survey.dbservices.DBServiceInit.init(DBServiceInit.java:41)
	at io.vertx.core.impl.DeploymentManager.lambda$doDeploy$10(DeploymentManager.java:479)
	at io.vertx.core.impl.ContextImpl.lambda$wrapTask$2(ContextImpl.java:344)
	at io.vertx.core.impl.TaskQueue.run(TaskQueue.java:80)
	at java.util.concurrent.ThreadPoolExecutor.runWorker(ThreadPoolExecutor.java:1149)
	at java.util.concurrent.ThreadPoolExecutor$Worker.run(ThreadPoolExecutor.java:624)
	at java.lang.Thread.run(Thread.java:748)
