***********************************************
**************  System Startup  ***************
***********************************************
Java Runtime Environment
awt.toolkit = sun.awt.windows.WToolkit
file.encoding = UTF-8
file.encoding.pkg = sun.io
file.separator = \
hazelcast.shutdownhook.enabled = false
io.netty.noJdkZlibDecoder = false
java.awt.graphicsenv = sun.awt.Win32GraphicsEnvironment
java.awt.printerjob = sun.awt.windows.WPrinterJob
java.class.path = C:\Program Files\Java\jdk1.8.0_191\jre\lib\resources.jar;C:\Program Files\Java\jdk1.8.0_191\jre\lib\rt.jar;C:\Program Files\Java\jdk1.8.0_191\jre\lib\jsse.jar;C:\Program Files\Java\jdk1.8.0_191\jre\lib\jce.jar;C:\Program Files\Java\jdk1.8.0_191\jre\lib\charsets.jar;C:\Program Files\Java\jdk1.8.0_191\jre\lib\jfr.jar;C:\Program Files\Java\jdk1.8.0_191\jre\lib\ext\access-bridge-64.jar;C:\Program Files\Java\jdk1.8.0_191\jre\lib\ext\cldrdata.jar;C:\Program Files\Java\jdk1.8.0_191\jre\lib\ext\dnsns.jar;C:\Program Files\Java\jdk1.8.0_191\jre\lib\ext\jaccess.jar;C:\Program Files\Java\jdk1.8.0_191\jre\lib\ext\jfxrt.jar;C:\Program Files\Java\jdk1.8.0_191\jre\lib\ext\localedata.jar;C:\Program Files\Java\jdk1.8.0_191\jre\lib\ext\nashorn.jar;C:\Program Files\Java\jdk1.8.0_191\jre\lib\ext\sunec.jar;C:\Program Files\Java\jdk1.8.0_191\jre\lib\ext\sunjce_provider.jar;C:\Program Files\Java\jdk1.8.0_191\jre\lib\ext\sunmscapi.jar;C:\Program Files\Java\jdk1.8.0_191\jre\lib\ext\sunpkcs11.jar;C:\Program Files\Java\jdk1.8.0_191\jre\lib\ext\zipfs.jar;E:\KLTN\surveyServer\surveyServer\newWebTradeVertx_\Surver\SurveyProcessor\target\classes;E:\KLTN\surveyServer\surveyServer\newWebTradeVertx_\Surver\SurveyUtils\target\classes;C:\Users\HP\.m2\repository\com\txtech\common\Common\3.0.1-SNAPSHOT\Common-3.0.1-SNAPSHOT.jar;C:\Users\HP\.m2\repository\javolution\javolution\5.4.5\javolution-5.4.5.jar;C:\Users\HP\.m2\repository\javax\servlet\javax.servlet-api\4.0.1\javax.servlet-api-4.0.1.jar;C:\Users\HP\.m2\repository\org\atmosphere\atmosphere-runtime\2.4.24\atmosphere-runtime-2.4.24.jar;C:\Users\HP\.m2\repository\org\atmosphere\atmosphere-vertx\3.0.0\atmosphere-vertx-3.0.0.jar;C:\Users\HP\.m2\repository\ch\qos\logback\logback-classic\1.0.7\logback-classic-1.0.7.jar;C:\Users\HP\.m2\repository\ch\qos\logback\logback-core\1.0.7\logback-core-1.0.7.jar;C:\Users\HP\.m2\repository\org\apache\geronimo\specs\geronimo-servlet_3.0_spec\1.0\geronimo-servlet_3.0_spec-1.0.jar;C:\Users\HP\.m2\repository\javax\mail\mail\1.4\mail-1.4.jar;C:\Users\HP\.m2\repository\javax\activation\activation\1.1\activation-1.1.jar;C:\Users\HP\.m2\repository\org\jasypt\jasypt\1.9.0\jasypt-1.9.0.jar;C:\Users\HP\.m2\repository\net\openhft\chronicle\3.6.4\chronicle-3.6.4.jar;C:\Users\HP\.m2\repository\net\openhft\lang\6.8.2\lang-6.8.2.jar;C:\Users\HP\.m2\repository\org\ow2\asm\asm\5.0.4\asm-5.0.4.jar;C:\Program Files\Java\jdk1.8.0_191\lib\tools.jar;C:\Users\HP\.m2\repository\net\openhft\compiler\2.2.4\compiler-2.2.4.jar;C:\Users\HP\.m2\repository\org\xerial\snappy\snappy-java\1.1.2.1\snappy-java-1.1.2.1.jar;C:\Users\HP\.m2\repository\net\openhft\affinity\3.0.5\affinity-3.0.5.jar;C:\Users\HP\.m2\repository\net\openhft\chronicle-map\3.13.0\chronicle-map-3.13.0.jar;C:\Users\HP\.m2\repository\net\openhft\chronicle-core\1.7.15\chronicle-core-1.7.15.jar;C:\Users\HP\.m2\repository\net\openhft\chronicle-values\1.5.5\chronicle-values-1.5.5.jar;C:\Users\HP\.m2\repository\com\squareup\javapoet\1.5.1\javapoet-1.5.1.jar;C:\Users\HP\.m2\repository\net\openhft\chronicle-threads\1.7.7\chronicle-threads-1.7.7.jar;C:\Users\HP\.m2\repository\com\intellij\annotations\12.0\annotations-12.0.jar;C:\Users\HP\.m2\repository\net\openhft\chronicle-wire\1.7.30\chronicle-wire-1.7.30.jar;C:\Users\HP\.m2\repository\net\openhft\chronicle-bytes\1.7.34\chronicle-bytes-1.7.34.jar;C:\Users\HP\.m2\repository\net\openhft\chronicle-algorithms\1.1.8\chronicle-algorithms-1.1.8.jar;C:\Users\HP\.m2\repository\net\java\dev\jna\jna\4.2.1\jna-4.2.1.jar;C:\Users\HP\.m2\repository\net\java\dev\jna\jna-platform\4.2.1\jna-platform-4.2.1.jar;C:\Users\HP\.m2\repository\com\thoughtworks\xstream\xstream\1.4.9\xstream-1.4.9.jar;C:\Users\HP\.m2\repository\xmlpull\xmlpull\1.1.3.1\xmlpull-1.1.3.1.jar;C:\Users\HP\.m2\repository\xpp3\xpp3_min\1.1.4c\xpp3_min-1.1.4c.jar;C:\Users\HP\.m2\repository\org\codehaus\jettison\jettison\1.3.7\jettison-1.3.7.jar;C:\Users\HP\.m2\repository\stax\stax-api\1.0.1\stax-api-1.0.1.jar;C:\Users\HP\.m2\repository\org\ops4j\pax\url\pax-url-aether\2.4.5\pax-url-aether-2.4.5.jar;C:\Users\HP\.m2\repository\org\slf4j\jcl-over-slf4j\1.6.6\jcl-over-slf4j-1.6.6.jar;C:\Users\HP\.m2\repository\commons-codec\commons-codec\1.9\commons-codec-1.9.jar;C:\Users\HP\.m2\repository\com\fasterxml\jackson\core\jackson-databind\2.9.7\jackson-databind-2.9.7.jar;C:\Users\HP\.m2\repository\com\fasterxml\jackson\core\jackson-annotations\2.9.0\jackson-annotations-2.9.0.jar;C:\Users\HP\.m2\repository\javax\inject\javax.inject\1\javax.inject-1.jar;C:\Users\HP\.m2\repository\io\vertx\vertx-mongo-client\3.5.0\vertx-mongo-client-3.5.0.jar;C:\Users\HP\.m2\repository\org\mongodb\mongodb-driver-async\3.4.1\mongodb-driver-async-3.4.1.jar;C:\Users\HP\.m2\repository\org\mongodb\mongodb-driver-core\3.4.1\mongodb-driver-core-3.4.1.jar;C:\Users\HP\.m2\repository\org\mongodb\bson\3.4.1\bson-3.4.1.jar;C:\Users\HP\.m2\repository\com\paypal\sdk\paypal-core\1.7.2\paypal-core-1.7.2.jar;C:\Users\HP\.m2\repository\com\google\code\gson\gson\2.2.2\gson-2.2.2.jar;C:\Users\HP\.m2\repository\com\paypal\sdk\rest-api-sdk\1.14.0\rest-api-sdk-1.14.0.jar;C:\Users\HP\.m2\repository\org\slf4j\slf4j-api\1.7.21\slf4j-api-1.7.21.jar;C:\Users\HP\.m2\repository\com\google\api-client\google-api-client\1.27.0\google-api-client-1.27.0.jar;C:\Users\HP\.m2\repository\com\google\oauth-client\google-oauth-client\1.27.0\google-oauth-client-1.27.0.jar;C:\Users\HP\.m2\repository\com\google\http-client\google-http-client\1.27.0\google-http-client-1.27.0.jar;C:\Users\HP\.m2\repository\org\apache\httpcomponents\httpclient\4.5.5\httpclient-4.5.5.jar;C:\Users\HP\.m2\repository\org\apache\httpcomponents\httpcore\4.4.9\httpcore-4.4.9.jar;C:\Users\HP\.m2\repository\commons-logging\commons-logging\1.2\commons-logging-1.2.jar;C:\Users\HP\.m2\repository\com\google\j2objc\j2objc-annotations\1.1\j2objc-annotations-1.1.jar;C:\Users\HP\.m2\repository\com\google\code\findbugs\jsr305\3.0.2\jsr305-3.0.2.jar;C:\Users\HP\.m2\repository\com\google\http-client\google-http-client-jackson2\1.27.0\google-http-client-jackson2-1.27.0.jar;C:\Users\HP\.m2\repository\com\google\guava\guava\20.0\guava-20.0.jar;C:\Users\HP\.m2\repository\com\noctarius\discovery\hazelcast-kubernetes-discovery\0.9.3\hazelcast-kubernetes-discovery-0.9.3.jar;C:\Users\HP\.m2\repository\io\fabric8\kubernetes-client\1.3.66\kubernetes-client-1.3.66.jar;C:\Users\HP\.m2\repository\io\fabric8\kubernetes-model\1.0.40\kubernetes-model-1.0.40.jar;C:\Users\HP\.m2\repository\com\fasterxml\jackson\module\jackson-module-jaxb-annotations\2.6.3\jackson-module-jaxb-annotations-2.6.3.jar;C:\Users\HP\.m2\repository\javax\validation\validation-api\1.1.0.Final\validation-api-1.1.0.Final.jar;C:\Users\HP\.m2\repository\com\squareup\okhttp\okhttp\2.7.0\okhttp-2.7.0.jar;C:\Users\HP\.m2\repository\com\squareup\okio\okio\1.6.0\okio-1.6.0.jar;C:\Users\HP\.m2\repository\com\squareup\okhttp\logging-interceptor\2.7.0\logging-interceptor-2.7.0.jar;C:\Users\HP\.m2\repository\com\squareup\okhttp\okhttp-ws\2.7.0\okhttp-ws-2.7.0.jar;C:\Users\HP\.m2\repository\org\slf4j\jul-to-slf4j\1.7.12\jul-to-slf4j-1.7.12.jar;C:\Users\HP\.m2\repository\com\fasterxml\jackson\dataformat\jackson-dataformat-yaml\2.6.3\jackson-dataformat-yaml-2.6.3.jar;C:\Users\HP\.m2\repository\org\yaml\snakeyaml\1.15\snakeyaml-1.15.jar;C:\Users\HP\.m2\repository\dnsjava\dnsjava\2.1.7\dnsjava-2.1.7.jar;C:\Users\HP\.m2\repository\com\hazelcast\hazelcast\3.9.1\hazelcast-3.9.1.jar;C:\Users\HP\.m2\repository\io\vertx\vertx-hazelcast\3.5.0\vertx-hazelcast-3.5.0.jar;C:\Users\HP\.m2\repository\io\vertx\vertx-health-check\3.5.0\vertx-health-check-3.5.0.jar;C:\Users\HP\.m2\repository\io\vertx\vertx-auth-common\3.5.0\vertx-auth-common-3.5.0.jar;C:\Users\HP\.m2\repository\io\vertx\vertx-core\3.5.0\vertx-core-3.5.0.jar;C:\Users\HP\.m2\repository\io\netty\netty-common\4.1.15.Final\netty-common-4.1.15.Final.jar;C:\Users\HP\.m2\repository\io\netty\netty-buffer\4.1.15.Final\netty-buffer-4.1.15.Final.jar;C:\Users\HP\.m2\repository\io\netty\netty-transport\4.1.15.Final\netty-transport-4.1.15.Final.jar;C:\Users\HP\.m2\repository\io\netty\netty-handler\4.1.15.Final\netty-handler-4.1.15.Final.jar;C:\Users\HP\.m2\repository\io\netty\netty-codec\4.1.15.Final\netty-codec-4.1.15.Final.jar;C:\Users\HP\.m2\repository\io\netty\netty-handler-proxy\4.1.15.Final\netty-handler-proxy-4.1.15.Final.jar;C:\Users\HP\.m2\repository\io\netty\netty-codec-socks\4.1.15.Final\netty-codec-socks-4.1.15.Final.jar;C:\Users\HP\.m2\repository\io\netty\netty-codec-http\4.1.15.Final\netty-codec-http-4.1.15.Final.jar;C:\Users\HP\.m2\repository\io\netty\netty-codec-http2\4.1.15.Final\netty-codec-http2-4.1.15.Final.jar;C:\Users\HP\.m2\repository\io\netty\netty-resolver\4.1.15.Final\netty-resolver-4.1.15.Final.jar;C:\Users\HP\.m2\repository\io\netty\netty-resolver-dns\4.1.15.Final\netty-resolver-dns-4.1.15.Final.jar;C:\Users\HP\.m2\repository\io\netty\netty-codec-dns\4.1.15.Final\netty-codec-dns-4.1.15.Final.jar;C:\Users\HP\.m2\repository\com\fasterxml\jackson\core\jackson-core\2.9.0\jackson-core-2.9.0.jar;C:\Users\HP\.m2\repository\io\vertx\vertx-web\3.5.0\vertx-web-3.5.0.jar;C:\Users\HP\.m2\repository\io\vertx\vertx-bridge-common\3.5.0\vertx-bridge-common-3.5.0.jar;C:\Users\HP\.m2\repository\io\vertx\vertx-codegen\3.5.0\vertx-codegen-3.5.0.jar;C:\Users\HP\.m2\repository\org\mvel\mvel2\2.3.1.Final\mvel2-2.3.1.Final.jar;C:\Users\HP\.m2\repository\io\vertx\vertx-service-discovery\3.5.0\vertx-service-discovery-3.5.0.jar;C:\Users\HP\.m2\repository\io\vertx\vertx-circuit-breaker\3.5.0\vertx-circuit-breaker-3.5.0.jar;C:\Users\HP\.m2\repository\org\hdrhistogram\HdrHistogram\2.1.9\HdrHistogram-2.1.9.jar;C:\Users\HP\.m2\repository\io\vertx\vertx-service-proxy\3.5.0\vertx-service-proxy-3.5.0.jar;C:\Users\HP\.m2\repository\io\vertx\vertx-config\3.5.0\vertx-config-3.5.0.jar;C:\Users\HP\.m2\repository\io\vertx\vertx-auth-jwt\3.5.2\vertx-auth-jwt-3.5.2.jar;C:\Users\HP\.m2\repository\io\vertx\vertx-jwt\3.5.2\vertx-jwt-3.5.2.jar;C:\Users\HP\.m2\repository\io\vertx\vertx-dropwizard-metrics\3.5.0\vertx-dropwizard-metrics-3.5.0.jar;C:\Users\HP\.m2\repository\io\dropwizard\metrics\metrics-core\3.1.2\metrics-core-3.1.2.jar;C:\Users\HP\.m2\repository\io\vertx\vertx-sync\3.5.0\vertx-sync-3.5.0.jar;C:\Users\HP\.m2\repository\co\paralleluniverse\quasar-core\0.7.5\quasar-core-0.7.5-jdk8.jar;C:\Users\HP\.m2\repository\com\esotericsoftware\kryo\3.0.3\kryo-3.0.3.jar;C:\Users\HP\.m2\repository\com\esotericsoftware\reflectasm\1.10.1\reflectasm-1.10.1.jar;C:\Users\HP\.m2\repository\com\esotericsoftware\minlog\1.3.0\minlog-1.3.0.jar;C:\Users\HP\.m2\repository\org\objenesis\objenesis\2.1\objenesis-2.1.jar;C:\Users\HP\.m2\repository\de\javakaffee\kryo-serializers\0.37\kryo-serializers-0.37.jar;C:\Users\HP\.m2\repository\io\vertx\vertx-web-client\3.5.0\vertx-web-client-3.5.0.jar;C:\Users\HP\.m2\repository\io\vertx\vertx-web-common\3.5.0\vertx-web-common-3.5.0.jar
java.class.version = 52.0
java.endorsed.dirs = C:\Program Files\Java\jdk1.8.0_191\jre\lib\endorsed
java.ext.dirs = C:\Program Files\Java\jdk1.8.0_191\jre\lib\ext;C:\windows\Sun\Java\lib\ext
java.home = C:\Program Files\Java\jdk1.8.0_191\jre
java.io.tmpdir = C:\Users\HP\AppData\Local\Temp\
java.library.path = C:\Program Files\Java\jdk1.8.0_191\jre\bin;C:\windows\Sun\Java\bin;C:\windows\system32;C:\windows;C:\Program Files\Java\jdk1.8.0_191\jre\bin;C:\Program Files\Java\jdk1.8.0_191\bin;C:\Program Files (x86)\Common Files\Oracle\Java\javapath;C:\Program Files (x86)\Intel\Intel(R) Management Engine Components\iCLS\;C:\Program Files\Intel\Intel(R) Management Engine Components\iCLS\;C:\windows\system32;C:\windows;C:\windows\System32\Wbem;C:\windows\System32\WindowsPowerShell\v1.0\;C:\windows\System32\OpenSSH\;C:\Program Files (x86)\Intel\Intel(R) Management Engine Components\DAL;C:\Program Files\Intel\Intel(R) Management Engine Components\DAL;C:\Program Files (x86)\Intel\Intel(R) Management Engine Components\IPT;C:\Program Files\Intel\Intel(R) Management Engine Components\IPT;C:\Program Files\Git\cmd;C:\maven\apache-maven-3.6.0\bin;C:\Program Files\nodejs\;C:\Program Files\Intel\WiFi\bin\;C:\Program Files\Common Files\Intel\WirelessCommon\;C:\Users\HP\AppData\Local\Microsoft\WindowsApps;;C:\Users\HP\AppData\Local\Programs\Microsoft VS Code\bin;C:\Users\HP\AppData\Roaming\npm;C:\Program Files\Intel\WiFi\bin\;C:\Program Files\Common Files\Intel\WirelessCommon\;.
java.runtime.name = Java(TM) SE Runtime Environment
java.runtime.version = 1.8.0_191-b12
java.specification.name = Java Platform API Specification
java.specification.vendor = Oracle Corporation
java.specification.version = 1.8
java.vendor = Oracle Corporation
java.vendor.url = http://java.oracle.com/
java.vendor.url.bug = http://bugreport.sun.com/bugreport/
java.version = 1.8.0_191
java.vm.info = mixed mode
java.vm.name = Java HotSpot(TM) 64-Bit Server VM
java.vm.specification.name = Java Virtual Machine Specification
java.vm.specification.vendor = Oracle Corporation
java.vm.specification.version = 1.8
java.vm.vendor = Oracle Corporation
java.vm.version = 25.191-b12
line.separator = 

os.arch = amd64
os.name = Windows 10
os.version = 10.0
path.separator = ;
sun.arch.data.model = 64
sun.boot.class.path = C:\Program Files\Java\jdk1.8.0_191\jre\lib\resources.jar;C:\Program Files\Java\jdk1.8.0_191\jre\lib\rt.jar;C:\Program Files\Java\jdk1.8.0_191\jre\lib\sunrsasign.jar;C:\Program Files\Java\jdk1.8.0_191\jre\lib\jsse.jar;C:\Program Files\Java\jdk1.8.0_191\jre\lib\jce.jar;C:\Program Files\Java\jdk1.8.0_191\jre\lib\charsets.jar;C:\Program Files\Java\jdk1.8.0_191\jre\lib\jfr.jar;C:\Program Files\Java\jdk1.8.0_191\jre\classes
sun.boot.library.path = C:\Program Files\Java\jdk1.8.0_191\jre\bin
sun.cpu.endian = little
sun.cpu.isalist = amd64
sun.desktop = windows
sun.io.unicode.encoding = UnicodeLittle
sun.java.command = com.survey.utils.controller.SurveyRun run com.survey.ProcessorInit --cluster
sun.java.launcher = SUN_STANDARD
sun.jnu.encoding = Cp1252
sun.management.compiler = HotSpot 64-Bit Tiered Compilers
sun.nio.ch.bugLevel = 
sun.os.patch.level = 
user.country = GB
user.dir = E:\KLTN\surveyServer\surveyServer\newWebTradeVertx_\Surver\SurveyProcessor
user.home = C:\Users\HP
user.language = en
user.name = HP
user.script = 
user.timezone = Asia/Bangkok
user.variant = 
vertx.disableDnsResolver = true

TCP/IP Configuration
SUPHAM/192.168.1.48
SUPHAM/fe80:0:0:0:91d0:8a49:f13e:76d8%18

[INF vert.x-worker-thread-12,12-05 22:44:50.914549]:*************************************
[INF vert.x-worker-thread-12,12-05 22:44:50.915334]:*******Init Db Connection***********
[INF vert.x-eventloop-thread-1,12-05 22:44:50.936389]:InternalConfirmVerticle init Success
[INF vert.x-eventloop-thread-1,12-05 22:44:51.028488]:InternalProcessorVerticle init Success
[INF vert.x-eventloop-thread-1,12-05 22:44:51.591049]:DBServiceInit init Success
***********************************************
**************  System Startup  ***************
***********************************************
Java Runtime Environment
awt.toolkit = sun.awt.windows.WToolkit
file.encoding = UTF-8
file.encoding.pkg = sun.io
file.separator = \
hazelcast.shutdownhook.enabled = false
io.netty.noJdkZlibDecoder = false
java.awt.graphicsenv = sun.awt.Win32GraphicsEnvironment
java.awt.printerjob = sun.awt.windows.WPrinterJob
java.class.path = C:\Program Files\Java\jdk1.8.0_191\jre\lib\resources.jar;C:\Program Files\Java\jdk1.8.0_191\jre\lib\rt.jar;C:\Program Files\Java\jdk1.8.0_191\jre\lib\jsse.jar;C:\Program Files\Java\jdk1.8.0_191\jre\lib\jce.jar;C:\Program Files\Java\jdk1.8.0_191\jre\lib\charsets.jar;C:\Program Files\Java\jdk1.8.0_191\jre\lib\jfr.jar;C:\Program Files\Java\jdk1.8.0_191\jre\lib\ext\access-bridge-64.jar;C:\Program Files\Java\jdk1.8.0_191\jre\lib\ext\cldrdata.jar;C:\Program Files\Java\jdk1.8.0_191\jre\lib\ext\dnsns.jar;C:\Program Files\Java\jdk1.8.0_191\jre\lib\ext\jaccess.jar;C:\Program Files\Java\jdk1.8.0_191\jre\lib\ext\jfxrt.jar;C:\Program Files\Java\jdk1.8.0_191\jre\lib\ext\localedata.jar;C:\Program Files\Java\jdk1.8.0_191\jre\lib\ext\nashorn.jar;C:\Program Files\Java\jdk1.8.0_191\jre\lib\ext\sunec.jar;C:\Program Files\Java\jdk1.8.0_191\jre\lib\ext\sunjce_provider.jar;C:\Program Files\Java\jdk1.8.0_191\jre\lib\ext\sunmscapi.jar;C:\Program Files\Java\jdk1.8.0_191\jre\lib\ext\sunpkcs11.jar;C:\Program Files\Java\jdk1.8.0_191\jre\lib\ext\zipfs.jar;E:\KLTN\surveyServer\surveyServer\newWebTradeVertx_\Surver\SurveyProcessor\target\classes;E:\KLTN\surveyServer\surveyServer\newWebTradeVertx_\Surver\SurveyUtils\target\classes;C:\Users\HP\.m2\repository\com\txtech\common\Common\3.0.1-SNAPSHOT\Common-3.0.1-SNAPSHOT.jar;C:\Users\HP\.m2\repository\javolution\javolution\5.4.5\javolution-5.4.5.jar;C:\Users\HP\.m2\repository\javax\servlet\javax.servlet-api\4.0.1\javax.servlet-api-4.0.1.jar;C:\Users\HP\.m2\repository\org\atmosphere\atmosphere-runtime\2.4.24\atmosphere-runtime-2.4.24.jar;C:\Users\HP\.m2\repository\org\atmosphere\atmosphere-vertx\3.0.0\atmosphere-vertx-3.0.0.jar;C:\Users\HP\.m2\repository\ch\qos\logback\logback-classic\1.0.7\logback-classic-1.0.7.jar;C:\Users\HP\.m2\repository\ch\qos\logback\logback-core\1.0.7\logback-core-1.0.7.jar;C:\Users\HP\.m2\repository\org\apache\geronimo\specs\geronimo-servlet_3.0_spec\1.0\geronimo-servlet_3.0_spec-1.0.jar;C:\Users\HP\.m2\repository\javax\mail\mail\1.4\mail-1.4.jar;C:\Users\HP\.m2\repository\javax\activation\activation\1.1\activation-1.1.jar;C:\Users\HP\.m2\repository\org\jasypt\jasypt\1.9.0\jasypt-1.9.0.jar;C:\Users\HP\.m2\repository\net\openhft\chronicle\3.6.4\chronicle-3.6.4.jar;C:\Users\HP\.m2\repository\net\openhft\lang\6.8.2\lang-6.8.2.jar;C:\Users\HP\.m2\repository\org\ow2\asm\asm\5.0.4\asm-5.0.4.jar;C:\Program Files\Java\jdk1.8.0_191\lib\tools.jar;C:\Users\HP\.m2\repository\net\openhft\compiler\2.2.4\compiler-2.2.4.jar;C:\Users\HP\.m2\repository\org\xerial\snappy\snappy-java\1.1.2.1\snappy-java-1.1.2.1.jar;C:\Users\HP\.m2\repository\net\openhft\affinity\3.0.5\affinity-3.0.5.jar;C:\Users\HP\.m2\repository\net\openhft\chronicle-map\3.13.0\chronicle-map-3.13.0.jar;C:\Users\HP\.m2\repository\net\openhft\chronicle-core\1.7.15\chronicle-core-1.7.15.jar;C:\Users\HP\.m2\repository\net\openhft\chronicle-values\1.5.5\chronicle-values-1.5.5.jar;C:\Users\HP\.m2\repository\com\squareup\javapoet\1.5.1\javapoet-1.5.1.jar;C:\Users\HP\.m2\repository\net\openhft\chronicle-threads\1.7.7\chronicle-threads-1.7.7.jar;C:\Users\HP\.m2\repository\com\intellij\annotations\12.0\annotations-12.0.jar;C:\Users\HP\.m2\repository\net\openhft\chronicle-wire\1.7.30\chronicle-wire-1.7.30.jar;C:\Users\HP\.m2\repository\net\openhft\chronicle-bytes\1.7.34\chronicle-bytes-1.7.34.jar;C:\Users\HP\.m2\repository\net\openhft\chronicle-algorithms\1.1.8\chronicle-algorithms-1.1.8.jar;C:\Users\HP\.m2\repository\net\java\dev\jna\jna\4.2.1\jna-4.2.1.jar;C:\Users\HP\.m2\repository\net\java\dev\jna\jna-platform\4.2.1\jna-platform-4.2.1.jar;C:\Users\HP\.m2\repository\com\thoughtworks\xstream\xstream\1.4.9\xstream-1.4.9.jar;C:\Users\HP\.m2\repository\xmlpull\xmlpull\1.1.3.1\xmlpull-1.1.3.1.jar;C:\Users\HP\.m2\repository\xpp3\xpp3_min\1.1.4c\xpp3_min-1.1.4c.jar;C:\Users\HP\.m2\repository\org\codehaus\jettison\jettison\1.3.7\jettison-1.3.7.jar;C:\Users\HP\.m2\repository\stax\stax-api\1.0.1\stax-api-1.0.1.jar;C:\Users\HP\.m2\repository\org\ops4j\pax\url\pax-url-aether\2.4.5\pax-url-aether-2.4.5.jar;C:\Users\HP\.m2\repository\org\slf4j\jcl-over-slf4j\1.6.6\jcl-over-slf4j-1.6.6.jar;C:\Users\HP\.m2\repository\commons-codec\commons-codec\1.9\commons-codec-1.9.jar;C:\Users\HP\.m2\repository\com\fasterxml\jackson\core\jackson-databind\2.9.7\jackson-databind-2.9.7.jar;C:\Users\HP\.m2\repository\com\fasterxml\jackson\core\jackson-annotations\2.9.0\jackson-annotations-2.9.0.jar;C:\Users\HP\.m2\repository\javax\inject\javax.inject\1\javax.inject-1.jar;C:\Users\HP\.m2\repository\io\vertx\vertx-mongo-client\3.5.0\vertx-mongo-client-3.5.0.jar;C:\Users\HP\.m2\repository\org\mongodb\mongodb-driver-async\3.4.1\mongodb-driver-async-3.4.1.jar;C:\Users\HP\.m2\repository\org\mongodb\mongodb-driver-core\3.4.1\mongodb-driver-core-3.4.1.jar;C:\Users\HP\.m2\repository\org\mongodb\bson\3.4.1\bson-3.4.1.jar;C:\Users\HP\.m2\repository\com\paypal\sdk\paypal-core\1.7.2\paypal-core-1.7.2.jar;C:\Users\HP\.m2\repository\com\google\code\gson\gson\2.2.2\gson-2.2.2.jar;C:\Users\HP\.m2\repository\com\paypal\sdk\rest-api-sdk\1.14.0\rest-api-sdk-1.14.0.jar;C:\Users\HP\.m2\repository\org\slf4j\slf4j-api\1.7.21\slf4j-api-1.7.21.jar;C:\Users\HP\.m2\repository\com\google\api-client\google-api-client\1.27.0\google-api-client-1.27.0.jar;C:\Users\HP\.m2\repository\com\google\oauth-client\google-oauth-client\1.27.0\google-oauth-client-1.27.0.jar;C:\Users\HP\.m2\repository\com\google\http-client\google-http-client\1.27.0\google-http-client-1.27.0.jar;C:\Users\HP\.m2\repository\org\apache\httpcomponents\httpclient\4.5.5\httpclient-4.5.5.jar;C:\Users\HP\.m2\repository\org\apache\httpcomponents\httpcore\4.4.9\httpcore-4.4.9.jar;C:\Users\HP\.m2\repository\commons-logging\commons-logging\1.2\commons-logging-1.2.jar;C:\Users\HP\.m2\repository\com\google\j2objc\j2objc-annotations\1.1\j2objc-annotations-1.1.jar;C:\Users\HP\.m2\repository\com\google\code\findbugs\jsr305\3.0.2\jsr305-3.0.2.jar;C:\Users\HP\.m2\repository\com\google\http-client\google-http-client-jackson2\1.27.0\google-http-client-jackson2-1.27.0.jar;C:\Users\HP\.m2\repository\com\google\guava\guava\20.0\guava-20.0.jar;C:\Users\HP\.m2\repository\com\noctarius\discovery\hazelcast-kubernetes-discovery\0.9.3\hazelcast-kubernetes-discovery-0.9.3.jar;C:\Users\HP\.m2\repository\io\fabric8\kubernetes-client\1.3.66\kubernetes-client-1.3.66.jar;C:\Users\HP\.m2\repository\io\fabric8\kubernetes-model\1.0.40\kubernetes-model-1.0.40.jar;C:\Users\HP\.m2\repository\com\fasterxml\jackson\module\jackson-module-jaxb-annotations\2.6.3\jackson-module-jaxb-annotations-2.6.3.jar;C:\Users\HP\.m2\repository\javax\validation\validation-api\1.1.0.Final\validation-api-1.1.0.Final.jar;C:\Users\HP\.m2\repository\com\squareup\okhttp\okhttp\2.7.0\okhttp-2.7.0.jar;C:\Users\HP\.m2\repository\com\squareup\okio\okio\1.6.0\okio-1.6.0.jar;C:\Users\HP\.m2\repository\com\squareup\okhttp\logging-interceptor\2.7.0\logging-interceptor-2.7.0.jar;C:\Users\HP\.m2\repository\com\squareup\okhttp\okhttp-ws\2.7.0\okhttp-ws-2.7.0.jar;C:\Users\HP\.m2\repository\org\slf4j\jul-to-slf4j\1.7.12\jul-to-slf4j-1.7.12.jar;C:\Users\HP\.m2\repository\com\fasterxml\jackson\dataformat\jackson-dataformat-yaml\2.6.3\jackson-dataformat-yaml-2.6.3.jar;C:\Users\HP\.m2\repository\org\yaml\snakeyaml\1.15\snakeyaml-1.15.jar;C:\Users\HP\.m2\repository\dnsjava\dnsjava\2.1.7\dnsjava-2.1.7.jar;C:\Users\HP\.m2\repository\com\hazelcast\hazelcast\3.9.1\hazelcast-3.9.1.jar;C:\Users\HP\.m2\repository\io\vertx\vertx-hazelcast\3.5.0\vertx-hazelcast-3.5.0.jar;C:\Users\HP\.m2\repository\io\vertx\vertx-health-check\3.5.0\vertx-health-check-3.5.0.jar;C:\Users\HP\.m2\repository\io\vertx\vertx-auth-common\3.5.0\vertx-auth-common-3.5.0.jar;C:\Users\HP\.m2\repository\io\vertx\vertx-core\3.5.0\vertx-core-3.5.0.jar;C:\Users\HP\.m2\repository\io\netty\netty-common\4.1.15.Final\netty-common-4.1.15.Final.jar;C:\Users\HP\.m2\repository\io\netty\netty-buffer\4.1.15.Final\netty-buffer-4.1.15.Final.jar;C:\Users\HP\.m2\repository\io\netty\netty-transport\4.1.15.Final\netty-transport-4.1.15.Final.jar;C:\Users\HP\.m2\repository\io\netty\netty-handler\4.1.15.Final\netty-handler-4.1.15.Final.jar;C:\Users\HP\.m2\repository\io\netty\netty-codec\4.1.15.Final\netty-codec-4.1.15.Final.jar;C:\Users\HP\.m2\repository\io\netty\netty-handler-proxy\4.1.15.Final\netty-handler-proxy-4.1.15.Final.jar;C:\Users\HP\.m2\repository\io\netty\netty-codec-socks\4.1.15.Final\netty-codec-socks-4.1.15.Final.jar;C:\Users\HP\.m2\repository\io\netty\netty-codec-http\4.1.15.Final\netty-codec-http-4.1.15.Final.jar;C:\Users\HP\.m2\repository\io\netty\netty-codec-http2\4.1.15.Final\netty-codec-http2-4.1.15.Final.jar;C:\Users\HP\.m2\repository\io\netty\netty-resolver\4.1.15.Final\netty-resolver-4.1.15.Final.jar;C:\Users\HP\.m2\repository\io\netty\netty-resolver-dns\4.1.15.Final\netty-resolver-dns-4.1.15.Final.jar;C:\Users\HP\.m2\repository\io\netty\netty-codec-dns\4.1.15.Final\netty-codec-dns-4.1.15.Final.jar;C:\Users\HP\.m2\repository\com\fasterxml\jackson\core\jackson-core\2.9.0\jackson-core-2.9.0.jar;C:\Users\HP\.m2\repository\io\vertx\vertx-web\3.5.0\vertx-web-3.5.0.jar;C:\Users\HP\.m2\repository\io\vertx\vertx-bridge-common\3.5.0\vertx-bridge-common-3.5.0.jar;C:\Users\HP\.m2\repository\io\vertx\vertx-codegen\3.5.0\vertx-codegen-3.5.0.jar;C:\Users\HP\.m2\repository\org\mvel\mvel2\2.3.1.Final\mvel2-2.3.1.Final.jar;C:\Users\HP\.m2\repository\io\vertx\vertx-service-discovery\3.5.0\vertx-service-discovery-3.5.0.jar;C:\Users\HP\.m2\repository\io\vertx\vertx-circuit-breaker\3.5.0\vertx-circuit-breaker-3.5.0.jar;C:\Users\HP\.m2\repository\org\hdrhistogram\HdrHistogram\2.1.9\HdrHistogram-2.1.9.jar;C:\Users\HP\.m2\repository\io\vertx\vertx-service-proxy\3.5.0\vertx-service-proxy-3.5.0.jar;C:\Users\HP\.m2\repository\io\vertx\vertx-config\3.5.0\vertx-config-3.5.0.jar;C:\Users\HP\.m2\repository\io\vertx\vertx-auth-jwt\3.5.2\vertx-auth-jwt-3.5.2.jar;C:\Users\HP\.m2\repository\io\vertx\vertx-jwt\3.5.2\vertx-jwt-3.5.2.jar;C:\Users\HP\.m2\repository\io\vertx\vertx-dropwizard-metrics\3.5.0\vertx-dropwizard-metrics-3.5.0.jar;C:\Users\HP\.m2\repository\io\dropwizard\metrics\metrics-core\3.1.2\metrics-core-3.1.2.jar;C:\Users\HP\.m2\repository\io\vertx\vertx-sync\3.5.0\vertx-sync-3.5.0.jar;C:\Users\HP\.m2\repository\co\paralleluniverse\quasar-core\0.7.5\quasar-core-0.7.5-jdk8.jar;C:\Users\HP\.m2\repository\com\esotericsoftware\kryo\3.0.3\kryo-3.0.3.jar;C:\Users\HP\.m2\repository\com\esotericsoftware\reflectasm\1.10.1\reflectasm-1.10.1.jar;C:\Users\HP\.m2\repository\com\esotericsoftware\minlog\1.3.0\minlog-1.3.0.jar;C:\Users\HP\.m2\repository\org\objenesis\objenesis\2.1\objenesis-2.1.jar;C:\Users\HP\.m2\repository\de\javakaffee\kryo-serializers\0.37\kryo-serializers-0.37.jar;C:\Users\HP\.m2\repository\io\vertx\vertx-web-client\3.5.0\vertx-web-client-3.5.0.jar;C:\Users\HP\.m2\repository\io\vertx\vertx-web-common\3.5.0\vertx-web-common-3.5.0.jar
java.class.version = 52.0
java.endorsed.dirs = C:\Program Files\Java\jdk1.8.0_191\jre\lib\endorsed
java.ext.dirs = C:\Program Files\Java\jdk1.8.0_191\jre\lib\ext;C:\windows\Sun\Java\lib\ext
java.home = C:\Program Files\Java\jdk1.8.0_191\jre
java.io.tmpdir = C:\Users\HP\AppData\Local\Temp\
java.library.path = C:\Program Files\Java\jdk1.8.0_191\jre\bin;C:\windows\Sun\Java\bin;C:\windows\system32;C:\windows;C:\Program Files\Java\jdk1.8.0_191\jre\bin;C:\Program Files\Java\jdk1.8.0_191\bin;C:\Program Files (x86)\Common Files\Oracle\Java\javapath;C:\Program Files (x86)\Intel\Intel(R) Management Engine Components\iCLS\;C:\Program Files\Intel\Intel(R) Management Engine Components\iCLS\;C:\windows\system32;C:\windows;C:\windows\System32\Wbem;C:\windows\System32\WindowsPowerShell\v1.0\;C:\windows\System32\OpenSSH\;C:\Program Files (x86)\Intel\Intel(R) Management Engine Components\DAL;C:\Program Files\Intel\Intel(R) Management Engine Components\DAL;C:\Program Files (x86)\Intel\Intel(R) Management Engine Components\IPT;C:\Program Files\Intel\Intel(R) Management Engine Components\IPT;C:\Program Files\Git\cmd;C:\maven\apache-maven-3.6.0\bin;C:\Program Files\nodejs\;C:\Program Files\Intel\WiFi\bin\;C:\Program Files\Common Files\Intel\WirelessCommon\;C:\Users\HP\AppData\Local\Microsoft\WindowsApps;;C:\Users\HP\AppData\Local\Programs\Microsoft VS Code\bin;C:\Users\HP\AppData\Roaming\npm;C:\Program Files\Intel\WiFi\bin\;C:\Program Files\Common Files\Intel\WirelessCommon\;.
java.runtime.name = Java(TM) SE Runtime Environment
java.runtime.version = 1.8.0_191-b12
java.specification.name = Java Platform API Specification
java.specification.vendor = Oracle Corporation
java.specification.version = 1.8
java.vendor = Oracle Corporation
java.vendor.url = http://java.oracle.com/
java.vendor.url.bug = http://bugreport.sun.com/bugreport/
java.version = 1.8.0_191
java.vm.info = mixed mode
java.vm.name = Java HotSpot(TM) 64-Bit Server VM
java.vm.specification.name = Java Virtual Machine Specification
java.vm.specification.vendor = Oracle Corporation
java.vm.specification.version = 1.8
java.vm.vendor = Oracle Corporation
java.vm.version = 25.191-b12
line.separator = 

os.arch = amd64
os.name = Windows 10
os.version = 10.0
path.separator = ;
sun.arch.data.model = 64
sun.boot.class.path = C:\Program Files\Java\jdk1.8.0_191\jre\lib\resources.jar;C:\Program Files\Java\jdk1.8.0_191\jre\lib\rt.jar;C:\Program Files\Java\jdk1.8.0_191\jre\lib\sunrsasign.jar;C:\Program Files\Java\jdk1.8.0_191\jre\lib\jsse.jar;C:\Program Files\Java\jdk1.8.0_191\jre\lib\jce.jar;C:\Program Files\Java\jdk1.8.0_191\jre\lib\charsets.jar;C:\Program Files\Java\jdk1.8.0_191\jre\lib\jfr.jar;C:\Program Files\Java\jdk1.8.0_191\jre\classes
sun.boot.library.path = C:\Program Files\Java\jdk1.8.0_191\jre\bin
sun.cpu.endian = little
sun.cpu.isalist = amd64
sun.desktop = windows
sun.io.unicode.encoding = UnicodeLittle
sun.java.command = com.survey.utils.controller.SurveyRun run com.survey.ProcessorInit --cluster
sun.java.launcher = SUN_STANDARD
sun.jnu.encoding = Cp1252
sun.management.compiler = HotSpot 64-Bit Tiered Compilers
sun.nio.ch.bugLevel = 
sun.os.patch.level = 
user.country = GB
user.dir = E:\KLTN\surveyServer\surveyServer\newWebTradeVertx_\Surver\SurveyProcessor
user.home = C:\Users\HP
user.language = en
user.name = HP
user.script = 
user.timezone = Asia/Bangkok
user.variant = 
vertx.disableDnsResolver = true

TCP/IP Configuration
SUPHAM/192.168.1.48
SUPHAM/fe80:0:0:0:91d0:8a49:f13e:76d8%18

[INF vert.x-worker-thread-12,12-05 22:50:37.337082]:*************************************
[INF vert.x-worker-thread-12,12-05 22:50:37.338332]:*******Init Db Connection***********
[INF vert.x-eventloop-thread-1,12-05 22:50:37.365152]:InternalConfirmVerticle init Success
[INF vert.x-eventloop-thread-1,12-05 22:50:37.454233]:InternalProcessorVerticle init Success
[INF vert.x-eventloop-thread-1,12-05 22:50:37.926723]:DBServiceInit init Success
***********************************************
**************  System Startup  ***************
***********************************************
Java Runtime Environment
awt.toolkit = sun.awt.windows.WToolkit
file.encoding = UTF-8
file.encoding.pkg = sun.io
file.separator = \
hazelcast.shutdownhook.enabled = false
io.netty.noJdkZlibDecoder = false
java.awt.graphicsenv = sun.awt.Win32GraphicsEnvironment
java.awt.printerjob = sun.awt.windows.WPrinterJob
java.class.path = C:\Program Files\Java\jdk1.8.0_191\jre\lib\resources.jar;C:\Program Files\Java\jdk1.8.0_191\jre\lib\rt.jar;C:\Program Files\Java\jdk1.8.0_191\jre\lib\jsse.jar;C:\Program Files\Java\jdk1.8.0_191\jre\lib\jce.jar;C:\Program Files\Java\jdk1.8.0_191\jre\lib\charsets.jar;C:\Program Files\Java\jdk1.8.0_191\jre\lib\jfr.jar;C:\Program Files\Java\jdk1.8.0_191\jre\lib\ext\access-bridge-64.jar;C:\Program Files\Java\jdk1.8.0_191\jre\lib\ext\cldrdata.jar;C:\Program Files\Java\jdk1.8.0_191\jre\lib\ext\dnsns.jar;C:\Program Files\Java\jdk1.8.0_191\jre\lib\ext\jaccess.jar;C:\Program Files\Java\jdk1.8.0_191\jre\lib\ext\jfxrt.jar;C:\Program Files\Java\jdk1.8.0_191\jre\lib\ext\localedata.jar;C:\Program Files\Java\jdk1.8.0_191\jre\lib\ext\nashorn.jar;C:\Program Files\Java\jdk1.8.0_191\jre\lib\ext\sunec.jar;C:\Program Files\Java\jdk1.8.0_191\jre\lib\ext\sunjce_provider.jar;C:\Program Files\Java\jdk1.8.0_191\jre\lib\ext\sunmscapi.jar;C:\Program Files\Java\jdk1.8.0_191\jre\lib\ext\sunpkcs11.jar;C:\Program Files\Java\jdk1.8.0_191\jre\lib\ext\zipfs.jar;E:\KLTN\surveyServer\surveyServer\newWebTradeVertx_\Surver\SurveyProcessor\target\classes;E:\KLTN\surveyServer\surveyServer\newWebTradeVertx_\Surver\SurveyUtils\target\classes;C:\Users\HP\.m2\repository\com\txtech\common\Common\3.0.1-SNAPSHOT\Common-3.0.1-SNAPSHOT.jar;C:\Users\HP\.m2\repository\javolution\javolution\5.4.5\javolution-5.4.5.jar;C:\Users\HP\.m2\repository\javax\servlet\javax.servlet-api\4.0.1\javax.servlet-api-4.0.1.jar;C:\Users\HP\.m2\repository\org\atmosphere\atmosphere-runtime\2.4.24\atmosphere-runtime-2.4.24.jar;C:\Users\HP\.m2\repository\org\atmosphere\atmosphere-vertx\3.0.0\atmosphere-vertx-3.0.0.jar;C:\Users\HP\.m2\repository\ch\qos\logback\logback-classic\1.0.7\logback-classic-1.0.7.jar;C:\Users\HP\.m2\repository\ch\qos\logback\logback-core\1.0.7\logback-core-1.0.7.jar;C:\Users\HP\.m2\repository\org\apache\geronimo\specs\geronimo-servlet_3.0_spec\1.0\geronimo-servlet_3.0_spec-1.0.jar;C:\Users\HP\.m2\repository\javax\mail\mail\1.4\mail-1.4.jar;C:\Users\HP\.m2\repository\javax\activation\activation\1.1\activation-1.1.jar;C:\Users\HP\.m2\repository\org\jasypt\jasypt\1.9.0\jasypt-1.9.0.jar;C:\Users\HP\.m2\repository\net\openhft\chronicle\3.6.4\chronicle-3.6.4.jar;C:\Users\HP\.m2\repository\net\openhft\lang\6.8.2\lang-6.8.2.jar;C:\Users\HP\.m2\repository\org\ow2\asm\asm\5.0.4\asm-5.0.4.jar;C:\Program Files\Java\jdk1.8.0_191\lib\tools.jar;C:\Users\HP\.m2\repository\net\openhft\compiler\2.2.4\compiler-2.2.4.jar;C:\Users\HP\.m2\repository\org\xerial\snappy\snappy-java\1.1.2.1\snappy-java-1.1.2.1.jar;C:\Users\HP\.m2\repository\net\openhft\affinity\3.0.5\affinity-3.0.5.jar;C:\Users\HP\.m2\repository\net\openhft\chronicle-map\3.13.0\chronicle-map-3.13.0.jar;C:\Users\HP\.m2\repository\net\openhft\chronicle-core\1.7.15\chronicle-core-1.7.15.jar;C:\Users\HP\.m2\repository\net\openhft\chronicle-values\1.5.5\chronicle-values-1.5.5.jar;C:\Users\HP\.m2\repository\com\squareup\javapoet\1.5.1\javapoet-1.5.1.jar;C:\Users\HP\.m2\repository\net\openhft\chronicle-threads\1.7.7\chronicle-threads-1.7.7.jar;C:\Users\HP\.m2\repository\com\intellij\annotations\12.0\annotations-12.0.jar;C:\Users\HP\.m2\repository\net\openhft\chronicle-wire\1.7.30\chronicle-wire-1.7.30.jar;C:\Users\HP\.m2\repository\net\openhft\chronicle-bytes\1.7.34\chronicle-bytes-1.7.34.jar;C:\Users\HP\.m2\repository\net\openhft\chronicle-algorithms\1.1.8\chronicle-algorithms-1.1.8.jar;C:\Users\HP\.m2\repository\net\java\dev\jna\jna\4.2.1\jna-4.2.1.jar;C:\Users\HP\.m2\repository\net\java\dev\jna\jna-platform\4.2.1\jna-platform-4.2.1.jar;C:\Users\HP\.m2\repository\com\thoughtworks\xstream\xstream\1.4.9\xstream-1.4.9.jar;C:\Users\HP\.m2\repository\xmlpull\xmlpull\1.1.3.1\xmlpull-1.1.3.1.jar;C:\Users\HP\.m2\repository\xpp3\xpp3_min\1.1.4c\xpp3_min-1.1.4c.jar;C:\Users\HP\.m2\repository\org\codehaus\jettison\jettison\1.3.7\jettison-1.3.7.jar;C:\Users\HP\.m2\repository\stax\stax-api\1.0.1\stax-api-1.0.1.jar;C:\Users\HP\.m2\repository\org\ops4j\pax\url\pax-url-aether\2.4.5\pax-url-aether-2.4.5.jar;C:\Users\HP\.m2\repository\org\slf4j\jcl-over-slf4j\1.6.6\jcl-over-slf4j-1.6.6.jar;C:\Users\HP\.m2\repository\commons-codec\commons-codec\1.9\commons-codec-1.9.jar;C:\Users\HP\.m2\repository\com\fasterxml\jackson\core\jackson-databind\2.9.7\jackson-databind-2.9.7.jar;C:\Users\HP\.m2\repository\com\fasterxml\jackson\core\jackson-annotations\2.9.0\jackson-annotations-2.9.0.jar;C:\Users\HP\.m2\repository\javax\inject\javax.inject\1\javax.inject-1.jar;C:\Users\HP\.m2\repository\io\vertx\vertx-mongo-client\3.5.0\vertx-mongo-client-3.5.0.jar;C:\Users\HP\.m2\repository\org\mongodb\mongodb-driver-async\3.4.1\mongodb-driver-async-3.4.1.jar;C:\Users\HP\.m2\repository\org\mongodb\mongodb-driver-core\3.4.1\mongodb-driver-core-3.4.1.jar;C:\Users\HP\.m2\repository\org\mongodb\bson\3.4.1\bson-3.4.1.jar;C:\Users\HP\.m2\repository\com\paypal\sdk\paypal-core\1.7.2\paypal-core-1.7.2.jar;C:\Users\HP\.m2\repository\com\google\code\gson\gson\2.2.2\gson-2.2.2.jar;C:\Users\HP\.m2\repository\com\paypal\sdk\rest-api-sdk\1.14.0\rest-api-sdk-1.14.0.jar;C:\Users\HP\.m2\repository\org\slf4j\slf4j-api\1.7.21\slf4j-api-1.7.21.jar;C:\Users\HP\.m2\repository\com\google\api-client\google-api-client\1.27.0\google-api-client-1.27.0.jar;C:\Users\HP\.m2\repository\com\google\oauth-client\google-oauth-client\1.27.0\google-oauth-client-1.27.0.jar;C:\Users\HP\.m2\repository\com\google\http-client\google-http-client\1.27.0\google-http-client-1.27.0.jar;C:\Users\HP\.m2\repository\org\apache\httpcomponents\httpclient\4.5.5\httpclient-4.5.5.jar;C:\Users\HP\.m2\repository\org\apache\httpcomponents\httpcore\4.4.9\httpcore-4.4.9.jar;C:\Users\HP\.m2\repository\commons-logging\commons-logging\1.2\commons-logging-1.2.jar;C:\Users\HP\.m2\repository\com\google\j2objc\j2objc-annotations\1.1\j2objc-annotations-1.1.jar;C:\Users\HP\.m2\repository\com\google\code\findbugs\jsr305\3.0.2\jsr305-3.0.2.jar;C:\Users\HP\.m2\repository\com\google\http-client\google-http-client-jackson2\1.27.0\google-http-client-jackson2-1.27.0.jar;C:\Users\HP\.m2\repository\com\google\guava\guava\20.0\guava-20.0.jar;C:\Users\HP\.m2\repository\com\noctarius\discovery\hazelcast-kubernetes-discovery\0.9.3\hazelcast-kubernetes-discovery-0.9.3.jar;C:\Users\HP\.m2\repository\io\fabric8\kubernetes-client\1.3.66\kubernetes-client-1.3.66.jar;C:\Users\HP\.m2\repository\io\fabric8\kubernetes-model\1.0.40\kubernetes-model-1.0.40.jar;C:\Users\HP\.m2\repository\com\fasterxml\jackson\module\jackson-module-jaxb-annotations\2.6.3\jackson-module-jaxb-annotations-2.6.3.jar;C:\Users\HP\.m2\repository\javax\validation\validation-api\1.1.0.Final\validation-api-1.1.0.Final.jar;C:\Users\HP\.m2\repository\com\squareup\okhttp\okhttp\2.7.0\okhttp-2.7.0.jar;C:\Users\HP\.m2\repository\com\squareup\okio\okio\1.6.0\okio-1.6.0.jar;C:\Users\HP\.m2\repository\com\squareup\okhttp\logging-interceptor\2.7.0\logging-interceptor-2.7.0.jar;C:\Users\HP\.m2\repository\com\squareup\okhttp\okhttp-ws\2.7.0\okhttp-ws-2.7.0.jar;C:\Users\HP\.m2\repository\org\slf4j\jul-to-slf4j\1.7.12\jul-to-slf4j-1.7.12.jar;C:\Users\HP\.m2\repository\com\fasterxml\jackson\dataformat\jackson-dataformat-yaml\2.6.3\jackson-dataformat-yaml-2.6.3.jar;C:\Users\HP\.m2\repository\org\yaml\snakeyaml\1.15\snakeyaml-1.15.jar;C:\Users\HP\.m2\repository\dnsjava\dnsjava\2.1.7\dnsjava-2.1.7.jar;C:\Users\HP\.m2\repository\com\hazelcast\hazelcast\3.9.1\hazelcast-3.9.1.jar;C:\Users\HP\.m2\repository\io\vertx\vertx-hazelcast\3.5.0\vertx-hazelcast-3.5.0.jar;C:\Users\HP\.m2\repository\io\vertx\vertx-health-check\3.5.0\vertx-health-check-3.5.0.jar;C:\Users\HP\.m2\repository\io\vertx\vertx-auth-common\3.5.0\vertx-auth-common-3.5.0.jar;C:\Users\HP\.m2\repository\io\vertx\vertx-core\3.5.0\vertx-core-3.5.0.jar;C:\Users\HP\.m2\repository\io\netty\netty-common\4.1.15.Final\netty-common-4.1.15.Final.jar;C:\Users\HP\.m2\repository\io\netty\netty-buffer\4.1.15.Final\netty-buffer-4.1.15.Final.jar;C:\Users\HP\.m2\repository\io\netty\netty-transport\4.1.15.Final\netty-transport-4.1.15.Final.jar;C:\Users\HP\.m2\repository\io\netty\netty-handler\4.1.15.Final\netty-handler-4.1.15.Final.jar;C:\Users\HP\.m2\repository\io\netty\netty-codec\4.1.15.Final\netty-codec-4.1.15.Final.jar;C:\Users\HP\.m2\repository\io\netty\netty-handler-proxy\4.1.15.Final\netty-handler-proxy-4.1.15.Final.jar;C:\Users\HP\.m2\repository\io\netty\netty-codec-socks\4.1.15.Final\netty-codec-socks-4.1.15.Final.jar;C:\Users\HP\.m2\repository\io\netty\netty-codec-http\4.1.15.Final\netty-codec-http-4.1.15.Final.jar;C:\Users\HP\.m2\repository\io\netty\netty-codec-http2\4.1.15.Final\netty-codec-http2-4.1.15.Final.jar;C:\Users\HP\.m2\repository\io\netty\netty-resolver\4.1.15.Final\netty-resolver-4.1.15.Final.jar;C:\Users\HP\.m2\repository\io\netty\netty-resolver-dns\4.1.15.Final\netty-resolver-dns-4.1.15.Final.jar;C:\Users\HP\.m2\repository\io\netty\netty-codec-dns\4.1.15.Final\netty-codec-dns-4.1.15.Final.jar;C:\Users\HP\.m2\repository\com\fasterxml\jackson\core\jackson-core\2.9.0\jackson-core-2.9.0.jar;C:\Users\HP\.m2\repository\io\vertx\vertx-web\3.5.0\vertx-web-3.5.0.jar;C:\Users\HP\.m2\repository\io\vertx\vertx-bridge-common\3.5.0\vertx-bridge-common-3.5.0.jar;C:\Users\HP\.m2\repository\io\vertx\vertx-codegen\3.5.0\vertx-codegen-3.5.0.jar;C:\Users\HP\.m2\repository\org\mvel\mvel2\2.3.1.Final\mvel2-2.3.1.Final.jar;C:\Users\HP\.m2\repository\io\vertx\vertx-service-discovery\3.5.0\vertx-service-discovery-3.5.0.jar;C:\Users\HP\.m2\repository\io\vertx\vertx-circuit-breaker\3.5.0\vertx-circuit-breaker-3.5.0.jar;C:\Users\HP\.m2\repository\org\hdrhistogram\HdrHistogram\2.1.9\HdrHistogram-2.1.9.jar;C:\Users\HP\.m2\repository\io\vertx\vertx-service-proxy\3.5.0\vertx-service-proxy-3.5.0.jar;C:\Users\HP\.m2\repository\io\vertx\vertx-config\3.5.0\vertx-config-3.5.0.jar;C:\Users\HP\.m2\repository\io\vertx\vertx-auth-jwt\3.5.2\vertx-auth-jwt-3.5.2.jar;C:\Users\HP\.m2\repository\io\vertx\vertx-jwt\3.5.2\vertx-jwt-3.5.2.jar;C:\Users\HP\.m2\repository\io\vertx\vertx-dropwizard-metrics\3.5.0\vertx-dropwizard-metrics-3.5.0.jar;C:\Users\HP\.m2\repository\io\dropwizard\metrics\metrics-core\3.1.2\metrics-core-3.1.2.jar;C:\Users\HP\.m2\repository\io\vertx\vertx-sync\3.5.0\vertx-sync-3.5.0.jar;C:\Users\HP\.m2\repository\co\paralleluniverse\quasar-core\0.7.5\quasar-core-0.7.5-jdk8.jar;C:\Users\HP\.m2\repository\com\esotericsoftware\kryo\3.0.3\kryo-3.0.3.jar;C:\Users\HP\.m2\repository\com\esotericsoftware\reflectasm\1.10.1\reflectasm-1.10.1.jar;C:\Users\HP\.m2\repository\com\esotericsoftware\minlog\1.3.0\minlog-1.3.0.jar;C:\Users\HP\.m2\repository\org\objenesis\objenesis\2.1\objenesis-2.1.jar;C:\Users\HP\.m2\repository\de\javakaffee\kryo-serializers\0.37\kryo-serializers-0.37.jar;C:\Users\HP\.m2\repository\io\vertx\vertx-web-client\3.5.0\vertx-web-client-3.5.0.jar;C:\Users\HP\.m2\repository\io\vertx\vertx-web-common\3.5.0\vertx-web-common-3.5.0.jar
java.class.version = 52.0
java.endorsed.dirs = C:\Program Files\Java\jdk1.8.0_191\jre\lib\endorsed
java.ext.dirs = C:\Program Files\Java\jdk1.8.0_191\jre\lib\ext;C:\windows\Sun\Java\lib\ext
java.home = C:\Program Files\Java\jdk1.8.0_191\jre
java.io.tmpdir = C:\Users\HP\AppData\Local\Temp\
java.library.path = C:\Program Files\Java\jdk1.8.0_191\jre\bin;C:\windows\Sun\Java\bin;C:\windows\system32;C:\windows;C:\Program Files\Java\jdk1.8.0_191\jre\bin;C:\Program Files\Java\jdk1.8.0_191\bin;C:\Program Files (x86)\Common Files\Oracle\Java\javapath;C:\Program Files (x86)\Intel\Intel(R) Management Engine Components\iCLS\;C:\Program Files\Intel\Intel(R) Management Engine Components\iCLS\;C:\windows\system32;C:\windows;C:\windows\System32\Wbem;C:\windows\System32\WindowsPowerShell\v1.0\;C:\windows\System32\OpenSSH\;C:\Program Files (x86)\Intel\Intel(R) Management Engine Components\DAL;C:\Program Files\Intel\Intel(R) Management Engine Components\DAL;C:\Program Files (x86)\Intel\Intel(R) Management Engine Components\IPT;C:\Program Files\Intel\Intel(R) Management Engine Components\IPT;C:\Program Files\Git\cmd;C:\maven\apache-maven-3.6.0\bin;C:\Program Files\nodejs\;C:\Program Files\Intel\WiFi\bin\;C:\Program Files\Common Files\Intel\WirelessCommon\;C:\Users\HP\AppData\Local\Microsoft\WindowsApps;;C:\Users\HP\AppData\Local\Programs\Microsoft VS Code\bin;C:\Users\HP\AppData\Roaming\npm;C:\Program Files\Intel\WiFi\bin\;C:\Program Files\Common Files\Intel\WirelessCommon\;.
java.runtime.name = Java(TM) SE Runtime Environment
java.runtime.version = 1.8.0_191-b12
java.specification.name = Java Platform API Specification
java.specification.vendor = Oracle Corporation
java.specification.version = 1.8
java.vendor = Oracle Corporation
java.vendor.url = http://java.oracle.com/
java.vendor.url.bug = http://bugreport.sun.com/bugreport/
java.version = 1.8.0_191
java.vm.info = mixed mode
java.vm.name = Java HotSpot(TM) 64-Bit Server VM
java.vm.specification.name = Java Virtual Machine Specification
java.vm.specification.vendor = Oracle Corporation
java.vm.specification.version = 1.8
java.vm.vendor = Oracle Corporation
java.vm.version = 25.191-b12
line.separator = 

os.arch = amd64
os.name = Windows 10
os.version = 10.0
path.separator = ;
sun.arch.data.model = 64
sun.boot.class.path = C:\Program Files\Java\jdk1.8.0_191\jre\lib\resources.jar;C:\Program Files\Java\jdk1.8.0_191\jre\lib\rt.jar;C:\Program Files\Java\jdk1.8.0_191\jre\lib\sunrsasign.jar;C:\Program Files\Java\jdk1.8.0_191\jre\lib\jsse.jar;C:\Program Files\Java\jdk1.8.0_191\jre\lib\jce.jar;C:\Program Files\Java\jdk1.8.0_191\jre\lib\charsets.jar;C:\Program Files\Java\jdk1.8.0_191\jre\lib\jfr.jar;C:\Program Files\Java\jdk1.8.0_191\jre\classes
sun.boot.library.path = C:\Program Files\Java\jdk1.8.0_191\jre\bin
sun.cpu.endian = little
sun.cpu.isalist = amd64
sun.desktop = windows
sun.io.unicode.encoding = UnicodeLittle
sun.java.command = com.survey.utils.controller.SurveyRun run com.survey.ProcessorInit --cluster
sun.java.launcher = SUN_STANDARD
sun.jnu.encoding = Cp1252
sun.management.compiler = HotSpot 64-Bit Tiered Compilers
sun.nio.ch.bugLevel = 
sun.os.patch.level = 
user.country = GB
user.dir = E:\KLTN\surveyServer\surveyServer\newWebTradeVertx_\Surver\SurveyProcessor
user.home = C:\Users\HP
user.language = en
user.name = HP
user.script = 
user.timezone = Asia/Bangkok
user.variant = 
vertx.disableDnsResolver = true

TCP/IP Configuration
SUPHAM/192.168.1.48
SUPHAM/fe80:0:0:0:91d0:8a49:f13e:76d8%18

[INF vert.x-worker-thread-12,12-05 22:56:43.165298]:*************************************
[INF vert.x-worker-thread-12,12-05 22:56:43.165860]:*******Init Db Connection***********
[INF vert.x-eventloop-thread-1,12-05 22:56:43.186021]:InternalConfirmVerticle init Success
[INF vert.x-eventloop-thread-1,12-05 22:56:43.240343]:InternalProcessorVerticle init Success
[INF vert.x-eventloop-thread-1,12-05 22:56:43.577146]:DBServiceInit init Success
***********************************************
**************  System Startup  ***************
***********************************************
Java Runtime Environment
awt.toolkit = sun.awt.windows.WToolkit
file.encoding = UTF-8
file.encoding.pkg = sun.io
file.separator = \
hazelcast.shutdownhook.enabled = false
io.netty.noJdkZlibDecoder = false
java.awt.graphicsenv = sun.awt.Win32GraphicsEnvironment
java.awt.printerjob = sun.awt.windows.WPrinterJob
java.class.path = C:\Program Files\Java\jdk1.8.0_191\jre\lib\resources.jar;C:\Program Files\Java\jdk1.8.0_191\jre\lib\rt.jar;C:\Program Files\Java\jdk1.8.0_191\jre\lib\jsse.jar;C:\Program Files\Java\jdk1.8.0_191\jre\lib\jce.jar;C:\Program Files\Java\jdk1.8.0_191\jre\lib\charsets.jar;C:\Program Files\Java\jdk1.8.0_191\jre\lib\jfr.jar;C:\Program Files\Java\jdk1.8.0_191\jre\lib\ext\access-bridge-64.jar;C:\Program Files\Java\jdk1.8.0_191\jre\lib\ext\cldrdata.jar;C:\Program Files\Java\jdk1.8.0_191\jre\lib\ext\dnsns.jar;C:\Program Files\Java\jdk1.8.0_191\jre\lib\ext\jaccess.jar;C:\Program Files\Java\jdk1.8.0_191\jre\lib\ext\jfxrt.jar;C:\Program Files\Java\jdk1.8.0_191\jre\lib\ext\localedata.jar;C:\Program Files\Java\jdk1.8.0_191\jre\lib\ext\nashorn.jar;C:\Program Files\Java\jdk1.8.0_191\jre\lib\ext\sunec.jar;C:\Program Files\Java\jdk1.8.0_191\jre\lib\ext\sunjce_provider.jar;C:\Program Files\Java\jdk1.8.0_191\jre\lib\ext\sunmscapi.jar;C:\Program Files\Java\jdk1.8.0_191\jre\lib\ext\sunpkcs11.jar;C:\Program Files\Java\jdk1.8.0_191\jre\lib\ext\zipfs.jar;E:\KLTN\surveyServer\surveyServer\newWebTradeVertx_\Surver\SurveyProcessor\target\classes;E:\KLTN\surveyServer\surveyServer\newWebTradeVertx_\Surver\SurveyUtils\target\classes;C:\Users\HP\.m2\repository\com\txtech\common\Common\3.0.1-SNAPSHOT\Common-3.0.1-SNAPSHOT.jar;C:\Users\HP\.m2\repository\javolution\javolution\5.4.5\javolution-5.4.5.jar;C:\Users\HP\.m2\repository\javax\servlet\javax.servlet-api\4.0.1\javax.servlet-api-4.0.1.jar;C:\Users\HP\.m2\repository\org\atmosphere\atmosphere-runtime\2.4.24\atmosphere-runtime-2.4.24.jar;C:\Users\HP\.m2\repository\org\atmosphere\atmosphere-vertx\3.0.0\atmosphere-vertx-3.0.0.jar;C:\Users\HP\.m2\repository\ch\qos\logback\logback-classic\1.0.7\logback-classic-1.0.7.jar;C:\Users\HP\.m2\repository\ch\qos\logback\logback-core\1.0.7\logback-core-1.0.7.jar;C:\Users\HP\.m2\repository\org\apache\geronimo\specs\geronimo-servlet_3.0_spec\1.0\geronimo-servlet_3.0_spec-1.0.jar;C:\Users\HP\.m2\repository\javax\mail\mail\1.4\mail-1.4.jar;C:\Users\HP\.m2\repository\javax\activation\activation\1.1\activation-1.1.jar;C:\Users\HP\.m2\repository\org\jasypt\jasypt\1.9.0\jasypt-1.9.0.jar;C:\Users\HP\.m2\repository\net\openhft\chronicle\3.6.4\chronicle-3.6.4.jar;C:\Users\HP\.m2\repository\net\openhft\lang\6.8.2\lang-6.8.2.jar;C:\Users\HP\.m2\repository\org\ow2\asm\asm\5.0.4\asm-5.0.4.jar;C:\Program Files\Java\jdk1.8.0_191\lib\tools.jar;C:\Users\HP\.m2\repository\net\openhft\compiler\2.2.4\compiler-2.2.4.jar;C:\Users\HP\.m2\repository\org\xerial\snappy\snappy-java\1.1.2.1\snappy-java-1.1.2.1.jar;C:\Users\HP\.m2\repository\net\openhft\affinity\3.0.5\affinity-3.0.5.jar;C:\Users\HP\.m2\repository\net\openhft\chronicle-map\3.13.0\chronicle-map-3.13.0.jar;C:\Users\HP\.m2\repository\net\openhft\chronicle-core\1.7.15\chronicle-core-1.7.15.jar;C:\Users\HP\.m2\repository\net\openhft\chronicle-values\1.5.5\chronicle-values-1.5.5.jar;C:\Users\HP\.m2\repository\com\squareup\javapoet\1.5.1\javapoet-1.5.1.jar;C:\Users\HP\.m2\repository\net\openhft\chronicle-threads\1.7.7\chronicle-threads-1.7.7.jar;C:\Users\HP\.m2\repository\com\intellij\annotations\12.0\annotations-12.0.jar;C:\Users\HP\.m2\repository\net\openhft\chronicle-wire\1.7.30\chronicle-wire-1.7.30.jar;C:\Users\HP\.m2\repository\net\openhft\chronicle-bytes\1.7.34\chronicle-bytes-1.7.34.jar;C:\Users\HP\.m2\repository\net\openhft\chronicle-algorithms\1.1.8\chronicle-algorithms-1.1.8.jar;C:\Users\HP\.m2\repository\net\java\dev\jna\jna\4.2.1\jna-4.2.1.jar;C:\Users\HP\.m2\repository\net\java\dev\jna\jna-platform\4.2.1\jna-platform-4.2.1.jar;C:\Users\HP\.m2\repository\com\thoughtworks\xstream\xstream\1.4.9\xstream-1.4.9.jar;C:\Users\HP\.m2\repository\xmlpull\xmlpull\1.1.3.1\xmlpull-1.1.3.1.jar;C:\Users\HP\.m2\repository\xpp3\xpp3_min\1.1.4c\xpp3_min-1.1.4c.jar;C:\Users\HP\.m2\repository\org\codehaus\jettison\jettison\1.3.7\jettison-1.3.7.jar;C:\Users\HP\.m2\repository\stax\stax-api\1.0.1\stax-api-1.0.1.jar;C:\Users\HP\.m2\repository\org\ops4j\pax\url\pax-url-aether\2.4.5\pax-url-aether-2.4.5.jar;C:\Users\HP\.m2\repository\org\slf4j\jcl-over-slf4j\1.6.6\jcl-over-slf4j-1.6.6.jar;C:\Users\HP\.m2\repository\commons-codec\commons-codec\1.9\commons-codec-1.9.jar;C:\Users\HP\.m2\repository\com\fasterxml\jackson\core\jackson-databind\2.9.7\jackson-databind-2.9.7.jar;C:\Users\HP\.m2\repository\com\fasterxml\jackson\core\jackson-annotations\2.9.0\jackson-annotations-2.9.0.jar;C:\Users\HP\.m2\repository\javax\inject\javax.inject\1\javax.inject-1.jar;C:\Users\HP\.m2\repository\io\vertx\vertx-mongo-client\3.5.0\vertx-mongo-client-3.5.0.jar;C:\Users\HP\.m2\repository\org\mongodb\mongodb-driver-async\3.4.1\mongodb-driver-async-3.4.1.jar;C:\Users\HP\.m2\repository\org\mongodb\mongodb-driver-core\3.4.1\mongodb-driver-core-3.4.1.jar;C:\Users\HP\.m2\repository\org\mongodb\bson\3.4.1\bson-3.4.1.jar;C:\Users\HP\.m2\repository\com\paypal\sdk\paypal-core\1.7.2\paypal-core-1.7.2.jar;C:\Users\HP\.m2\repository\com\google\code\gson\gson\2.2.2\gson-2.2.2.jar;C:\Users\HP\.m2\repository\com\paypal\sdk\rest-api-sdk\1.14.0\rest-api-sdk-1.14.0.jar;C:\Users\HP\.m2\repository\org\slf4j\slf4j-api\1.7.21\slf4j-api-1.7.21.jar;C:\Users\HP\.m2\repository\com\google\api-client\google-api-client\1.27.0\google-api-client-1.27.0.jar;C:\Users\HP\.m2\repository\com\google\oauth-client\google-oauth-client\1.27.0\google-oauth-client-1.27.0.jar;C:\Users\HP\.m2\repository\com\google\http-client\google-http-client\1.27.0\google-http-client-1.27.0.jar;C:\Users\HP\.m2\repository\org\apache\httpcomponents\httpclient\4.5.5\httpclient-4.5.5.jar;C:\Users\HP\.m2\repository\org\apache\httpcomponents\httpcore\4.4.9\httpcore-4.4.9.jar;C:\Users\HP\.m2\repository\commons-logging\commons-logging\1.2\commons-logging-1.2.jar;C:\Users\HP\.m2\repository\com\google\j2objc\j2objc-annotations\1.1\j2objc-annotations-1.1.jar;C:\Users\HP\.m2\repository\com\google\code\findbugs\jsr305\3.0.2\jsr305-3.0.2.jar;C:\Users\HP\.m2\repository\com\google\http-client\google-http-client-jackson2\1.27.0\google-http-client-jackson2-1.27.0.jar;C:\Users\HP\.m2\repository\com\google\guava\guava\20.0\guava-20.0.jar;C:\Users\HP\.m2\repository\com\noctarius\discovery\hazelcast-kubernetes-discovery\0.9.3\hazelcast-kubernetes-discovery-0.9.3.jar;C:\Users\HP\.m2\repository\io\fabric8\kubernetes-client\1.3.66\kubernetes-client-1.3.66.jar;C:\Users\HP\.m2\repository\io\fabric8\kubernetes-model\1.0.40\kubernetes-model-1.0.40.jar;C:\Users\HP\.m2\repository\com\fasterxml\jackson\module\jackson-module-jaxb-annotations\2.6.3\jackson-module-jaxb-annotations-2.6.3.jar;C:\Users\HP\.m2\repository\javax\validation\validation-api\1.1.0.Final\validation-api-1.1.0.Final.jar;C:\Users\HP\.m2\repository\com\squareup\okhttp\okhttp\2.7.0\okhttp-2.7.0.jar;C:\Users\HP\.m2\repository\com\squareup\okio\okio\1.6.0\okio-1.6.0.jar;C:\Users\HP\.m2\repository\com\squareup\okhttp\logging-interceptor\2.7.0\logging-interceptor-2.7.0.jar;C:\Users\HP\.m2\repository\com\squareup\okhttp\okhttp-ws\2.7.0\okhttp-ws-2.7.0.jar;C:\Users\HP\.m2\repository\org\slf4j\jul-to-slf4j\1.7.12\jul-to-slf4j-1.7.12.jar;C:\Users\HP\.m2\repository\com\fasterxml\jackson\dataformat\jackson-dataformat-yaml\2.6.3\jackson-dataformat-yaml-2.6.3.jar;C:\Users\HP\.m2\repository\org\yaml\snakeyaml\1.15\snakeyaml-1.15.jar;C:\Users\HP\.m2\repository\dnsjava\dnsjava\2.1.7\dnsjava-2.1.7.jar;C:\Users\HP\.m2\repository\com\hazelcast\hazelcast\3.9.1\hazelcast-3.9.1.jar;C:\Users\HP\.m2\repository\io\vertx\vertx-hazelcast\3.5.0\vertx-hazelcast-3.5.0.jar;C:\Users\HP\.m2\repository\io\vertx\vertx-health-check\3.5.0\vertx-health-check-3.5.0.jar;C:\Users\HP\.m2\repository\io\vertx\vertx-auth-common\3.5.0\vertx-auth-common-3.5.0.jar;C:\Users\HP\.m2\repository\io\vertx\vertx-core\3.5.0\vertx-core-3.5.0.jar;C:\Users\HP\.m2\repository\io\netty\netty-common\4.1.15.Final\netty-common-4.1.15.Final.jar;C:\Users\HP\.m2\repository\io\netty\netty-buffer\4.1.15.Final\netty-buffer-4.1.15.Final.jar;C:\Users\HP\.m2\repository\io\netty\netty-transport\4.1.15.Final\netty-transport-4.1.15.Final.jar;C:\Users\HP\.m2\repository\io\netty\netty-handler\4.1.15.Final\netty-handler-4.1.15.Final.jar;C:\Users\HP\.m2\repository\io\netty\netty-codec\4.1.15.Final\netty-codec-4.1.15.Final.jar;C:\Users\HP\.m2\repository\io\netty\netty-handler-proxy\4.1.15.Final\netty-handler-proxy-4.1.15.Final.jar;C:\Users\HP\.m2\repository\io\netty\netty-codec-socks\4.1.15.Final\netty-codec-socks-4.1.15.Final.jar;C:\Users\HP\.m2\repository\io\netty\netty-codec-http\4.1.15.Final\netty-codec-http-4.1.15.Final.jar;C:\Users\HP\.m2\repository\io\netty\netty-codec-http2\4.1.15.Final\netty-codec-http2-4.1.15.Final.jar;C:\Users\HP\.m2\repository\io\netty\netty-resolver\4.1.15.Final\netty-resolver-4.1.15.Final.jar;C:\Users\HP\.m2\repository\io\netty\netty-resolver-dns\4.1.15.Final\netty-resolver-dns-4.1.15.Final.jar;C:\Users\HP\.m2\repository\io\netty\netty-codec-dns\4.1.15.Final\netty-codec-dns-4.1.15.Final.jar;C:\Users\HP\.m2\repository\com\fasterxml\jackson\core\jackson-core\2.9.0\jackson-core-2.9.0.jar;C:\Users\HP\.m2\repository\io\vertx\vertx-web\3.5.0\vertx-web-3.5.0.jar;C:\Users\HP\.m2\repository\io\vertx\vertx-bridge-common\3.5.0\vertx-bridge-common-3.5.0.jar;C:\Users\HP\.m2\repository\io\vertx\vertx-codegen\3.5.0\vertx-codegen-3.5.0.jar;C:\Users\HP\.m2\repository\org\mvel\mvel2\2.3.1.Final\mvel2-2.3.1.Final.jar;C:\Users\HP\.m2\repository\io\vertx\vertx-service-discovery\3.5.0\vertx-service-discovery-3.5.0.jar;C:\Users\HP\.m2\repository\io\vertx\vertx-circuit-breaker\3.5.0\vertx-circuit-breaker-3.5.0.jar;C:\Users\HP\.m2\repository\org\hdrhistogram\HdrHistogram\2.1.9\HdrHistogram-2.1.9.jar;C:\Users\HP\.m2\repository\io\vertx\vertx-service-proxy\3.5.0\vertx-service-proxy-3.5.0.jar;C:\Users\HP\.m2\repository\io\vertx\vertx-config\3.5.0\vertx-config-3.5.0.jar;C:\Users\HP\.m2\repository\io\vertx\vertx-auth-jwt\3.5.2\vertx-auth-jwt-3.5.2.jar;C:\Users\HP\.m2\repository\io\vertx\vertx-jwt\3.5.2\vertx-jwt-3.5.2.jar;C:\Users\HP\.m2\repository\io\vertx\vertx-dropwizard-metrics\3.5.0\vertx-dropwizard-metrics-3.5.0.jar;C:\Users\HP\.m2\repository\io\dropwizard\metrics\metrics-core\3.1.2\metrics-core-3.1.2.jar;C:\Users\HP\.m2\repository\io\vertx\vertx-sync\3.5.0\vertx-sync-3.5.0.jar;C:\Users\HP\.m2\repository\co\paralleluniverse\quasar-core\0.7.5\quasar-core-0.7.5-jdk8.jar;C:\Users\HP\.m2\repository\com\esotericsoftware\kryo\3.0.3\kryo-3.0.3.jar;C:\Users\HP\.m2\repository\com\esotericsoftware\reflectasm\1.10.1\reflectasm-1.10.1.jar;C:\Users\HP\.m2\repository\com\esotericsoftware\minlog\1.3.0\minlog-1.3.0.jar;C:\Users\HP\.m2\repository\org\objenesis\objenesis\2.1\objenesis-2.1.jar;C:\Users\HP\.m2\repository\de\javakaffee\kryo-serializers\0.37\kryo-serializers-0.37.jar;C:\Users\HP\.m2\repository\io\vertx\vertx-web-client\3.5.0\vertx-web-client-3.5.0.jar;C:\Users\HP\.m2\repository\io\vertx\vertx-web-common\3.5.0\vertx-web-common-3.5.0.jar
java.class.version = 52.0
java.endorsed.dirs = C:\Program Files\Java\jdk1.8.0_191\jre\lib\endorsed
java.ext.dirs = C:\Program Files\Java\jdk1.8.0_191\jre\lib\ext;C:\windows\Sun\Java\lib\ext
java.home = C:\Program Files\Java\jdk1.8.0_191\jre
java.io.tmpdir = C:\Users\HP\AppData\Local\Temp\
java.library.path = C:\Program Files\Java\jdk1.8.0_191\jre\bin;C:\windows\Sun\Java\bin;C:\windows\system32;C:\windows;C:\Program Files\Java\jdk1.8.0_191\jre\bin;C:\Program Files\Java\jdk1.8.0_191\bin;C:\Program Files (x86)\Common Files\Oracle\Java\javapath;C:\Program Files (x86)\Intel\Intel(R) Management Engine Components\iCLS\;C:\Program Files\Intel\Intel(R) Management Engine Components\iCLS\;C:\windows\system32;C:\windows;C:\windows\System32\Wbem;C:\windows\System32\WindowsPowerShell\v1.0\;C:\windows\System32\OpenSSH\;C:\Program Files (x86)\Intel\Intel(R) Management Engine Components\DAL;C:\Program Files\Intel\Intel(R) Management Engine Components\DAL;C:\Program Files (x86)\Intel\Intel(R) Management Engine Components\IPT;C:\Program Files\Intel\Intel(R) Management Engine Components\IPT;C:\Program Files\Git\cmd;C:\maven\apache-maven-3.6.0\bin;C:\Program Files\nodejs\;C:\Program Files\Intel\WiFi\bin\;C:\Program Files\Common Files\Intel\WirelessCommon\;C:\Users\HP\AppData\Local\Microsoft\WindowsApps;;C:\Users\HP\AppData\Local\Programs\Microsoft VS Code\bin;C:\Users\HP\AppData\Roaming\npm;C:\Program Files\Intel\WiFi\bin\;C:\Program Files\Common Files\Intel\WirelessCommon\;.
java.runtime.name = Java(TM) SE Runtime Environment
java.runtime.version = 1.8.0_191-b12
java.specification.name = Java Platform API Specification
java.specification.vendor = Oracle Corporation
java.specification.version = 1.8
java.vendor = Oracle Corporation
java.vendor.url = http://java.oracle.com/
java.vendor.url.bug = http://bugreport.sun.com/bugreport/
java.version = 1.8.0_191
java.vm.info = mixed mode
java.vm.name = Java HotSpot(TM) 64-Bit Server VM
java.vm.specification.name = Java Virtual Machine Specification
java.vm.specification.vendor = Oracle Corporation
java.vm.specification.version = 1.8
java.vm.vendor = Oracle Corporation
java.vm.version = 25.191-b12
line.separator = 

os.arch = amd64
os.name = Windows 10
os.version = 10.0
path.separator = ;
sun.arch.data.model = 64
sun.boot.class.path = C:\Program Files\Java\jdk1.8.0_191\jre\lib\resources.jar;C:\Program Files\Java\jdk1.8.0_191\jre\lib\rt.jar;C:\Program Files\Java\jdk1.8.0_191\jre\lib\sunrsasign.jar;C:\Program Files\Java\jdk1.8.0_191\jre\lib\jsse.jar;C:\Program Files\Java\jdk1.8.0_191\jre\lib\jce.jar;C:\Program Files\Java\jdk1.8.0_191\jre\lib\charsets.jar;C:\Program Files\Java\jdk1.8.0_191\jre\lib\jfr.jar;C:\Program Files\Java\jdk1.8.0_191\jre\classes
sun.boot.library.path = C:\Program Files\Java\jdk1.8.0_191\jre\bin
sun.cpu.endian = little
sun.cpu.isalist = amd64
sun.desktop = windows
sun.io.unicode.encoding = UnicodeLittle
sun.java.command = com.survey.utils.controller.SurveyRun run com.survey.ProcessorInit --cluster
sun.java.launcher = SUN_STANDARD
sun.jnu.encoding = Cp1252
sun.management.compiler = HotSpot 64-Bit Tiered Compilers
sun.nio.ch.bugLevel = 
sun.os.patch.level = 
user.country = GB
user.dir = E:\KLTN\surveyServer\surveyServer\newWebTradeVertx_\Surver\SurveyProcessor
user.home = C:\Users\HP
user.language = en
user.name = HP
user.script = 
user.timezone = Asia/Bangkok
user.variant = 
vertx.disableDnsResolver = true

TCP/IP Configuration
SUPHAM/192.168.1.48
SUPHAM/fe80:0:0:0:91d0:8a49:f13e:76d8%18

[INF vert.x-worker-thread-12,12-05 23:06:14.925295]:*************************************
[INF vert.x-worker-thread-12,12-05 23:06:14.926058]:*******Init Db Connection***********
[INF vert.x-eventloop-thread-1,12-05 23:06:14.954152]:InternalConfirmVerticle init Success
[INF vert.x-eventloop-thread-1,12-05 23:06:15.014412]:InternalProcessorVerticle init Success
[INF vert.x-eventloop-thread-1,12-05 23:06:15.387829]:DBServiceInit init Success
***********************************************
**************  System Startup  ***************
***********************************************
Java Runtime Environment
awt.toolkit = sun.awt.windows.WToolkit
file.encoding = UTF-8
file.encoding.pkg = sun.io
file.separator = \
hazelcast.shutdownhook.enabled = false
io.netty.noJdkZlibDecoder = false
java.awt.graphicsenv = sun.awt.Win32GraphicsEnvironment
java.awt.printerjob = sun.awt.windows.WPrinterJob
java.class.path = C:\Program Files\Java\jdk1.8.0_191\jre\lib\resources.jar;C:\Program Files\Java\jdk1.8.0_191\jre\lib\rt.jar;C:\Program Files\Java\jdk1.8.0_191\jre\lib\jsse.jar;C:\Program Files\Java\jdk1.8.0_191\jre\lib\jce.jar;C:\Program Files\Java\jdk1.8.0_191\jre\lib\charsets.jar;C:\Program Files\Java\jdk1.8.0_191\jre\lib\jfr.jar;C:\Program Files\Java\jdk1.8.0_191\jre\lib\ext\access-bridge-64.jar;C:\Program Files\Java\jdk1.8.0_191\jre\lib\ext\cldrdata.jar;C:\Program Files\Java\jdk1.8.0_191\jre\lib\ext\dnsns.jar;C:\Program Files\Java\jdk1.8.0_191\jre\lib\ext\jaccess.jar;C:\Program Files\Java\jdk1.8.0_191\jre\lib\ext\jfxrt.jar;C:\Program Files\Java\jdk1.8.0_191\jre\lib\ext\localedata.jar;C:\Program Files\Java\jdk1.8.0_191\jre\lib\ext\nashorn.jar;C:\Program Files\Java\jdk1.8.0_191\jre\lib\ext\sunec.jar;C:\Program Files\Java\jdk1.8.0_191\jre\lib\ext\sunjce_provider.jar;C:\Program Files\Java\jdk1.8.0_191\jre\lib\ext\sunmscapi.jar;C:\Program Files\Java\jdk1.8.0_191\jre\lib\ext\sunpkcs11.jar;C:\Program Files\Java\jdk1.8.0_191\jre\lib\ext\zipfs.jar;E:\KLTN\surveyServer\surveyServer\newWebTradeVertx_\Surver\SurveyProcessor\target\classes;E:\KLTN\surveyServer\surveyServer\newWebTradeVertx_\Surver\SurveyUtils\target\classes;C:\Users\HP\.m2\repository\com\txtech\common\Common\3.0.1-SNAPSHOT\Common-3.0.1-SNAPSHOT.jar;C:\Users\HP\.m2\repository\javolution\javolution\5.4.5\javolution-5.4.5.jar;C:\Users\HP\.m2\repository\javax\servlet\javax.servlet-api\4.0.1\javax.servlet-api-4.0.1.jar;C:\Users\HP\.m2\repository\org\atmosphere\atmosphere-runtime\2.4.24\atmosphere-runtime-2.4.24.jar;C:\Users\HP\.m2\repository\org\atmosphere\atmosphere-vertx\3.0.0\atmosphere-vertx-3.0.0.jar;C:\Users\HP\.m2\repository\ch\qos\logback\logback-classic\1.0.7\logback-classic-1.0.7.jar;C:\Users\HP\.m2\repository\ch\qos\logback\logback-core\1.0.7\logback-core-1.0.7.jar;C:\Users\HP\.m2\repository\org\apache\geronimo\specs\geronimo-servlet_3.0_spec\1.0\geronimo-servlet_3.0_spec-1.0.jar;C:\Users\HP\.m2\repository\javax\mail\mail\1.4\mail-1.4.jar;C:\Users\HP\.m2\repository\javax\activation\activation\1.1\activation-1.1.jar;C:\Users\HP\.m2\repository\org\jasypt\jasypt\1.9.0\jasypt-1.9.0.jar;C:\Users\HP\.m2\repository\net\openhft\chronicle\3.6.4\chronicle-3.6.4.jar;C:\Users\HP\.m2\repository\net\openhft\lang\6.8.2\lang-6.8.2.jar;C:\Users\HP\.m2\repository\org\ow2\asm\asm\5.0.4\asm-5.0.4.jar;C:\Program Files\Java\jdk1.8.0_191\lib\tools.jar;C:\Users\HP\.m2\repository\net\openhft\compiler\2.2.4\compiler-2.2.4.jar;C:\Users\HP\.m2\repository\org\xerial\snappy\snappy-java\1.1.2.1\snappy-java-1.1.2.1.jar;C:\Users\HP\.m2\repository\net\openhft\affinity\3.0.5\affinity-3.0.5.jar;C:\Users\HP\.m2\repository\net\openhft\chronicle-map\3.13.0\chronicle-map-3.13.0.jar;C:\Users\HP\.m2\repository\net\openhft\chronicle-core\1.7.15\chronicle-core-1.7.15.jar;C:\Users\HP\.m2\repository\net\openhft\chronicle-values\1.5.5\chronicle-values-1.5.5.jar;C:\Users\HP\.m2\repository\com\squareup\javapoet\1.5.1\javapoet-1.5.1.jar;C:\Users\HP\.m2\repository\net\openhft\chronicle-threads\1.7.7\chronicle-threads-1.7.7.jar;C:\Users\HP\.m2\repository\com\intellij\annotations\12.0\annotations-12.0.jar;C:\Users\HP\.m2\repository\net\openhft\chronicle-wire\1.7.30\chronicle-wire-1.7.30.jar;C:\Users\HP\.m2\repository\net\openhft\chronicle-bytes\1.7.34\chronicle-bytes-1.7.34.jar;C:\Users\HP\.m2\repository\net\openhft\chronicle-algorithms\1.1.8\chronicle-algorithms-1.1.8.jar;C:\Users\HP\.m2\repository\net\java\dev\jna\jna\4.2.1\jna-4.2.1.jar;C:\Users\HP\.m2\repository\net\java\dev\jna\jna-platform\4.2.1\jna-platform-4.2.1.jar;C:\Users\HP\.m2\repository\com\thoughtworks\xstream\xstream\1.4.9\xstream-1.4.9.jar;C:\Users\HP\.m2\repository\xmlpull\xmlpull\1.1.3.1\xmlpull-1.1.3.1.jar;C:\Users\HP\.m2\repository\xpp3\xpp3_min\1.1.4c\xpp3_min-1.1.4c.jar;C:\Users\HP\.m2\repository\org\codehaus\jettison\jettison\1.3.7\jettison-1.3.7.jar;C:\Users\HP\.m2\repository\stax\stax-api\1.0.1\stax-api-1.0.1.jar;C:\Users\HP\.m2\repository\org\ops4j\pax\url\pax-url-aether\2.4.5\pax-url-aether-2.4.5.jar;C:\Users\HP\.m2\repository\org\slf4j\jcl-over-slf4j\1.6.6\jcl-over-slf4j-1.6.6.jar;C:\Users\HP\.m2\repository\commons-codec\commons-codec\1.9\commons-codec-1.9.jar;C:\Users\HP\.m2\repository\com\fasterxml\jackson\core\jackson-databind\2.9.7\jackson-databind-2.9.7.jar;C:\Users\HP\.m2\repository\com\fasterxml\jackson\core\jackson-annotations\2.9.0\jackson-annotations-2.9.0.jar;C:\Users\HP\.m2\repository\javax\inject\javax.inject\1\javax.inject-1.jar;C:\Users\HP\.m2\repository\io\vertx\vertx-mongo-client\3.5.0\vertx-mongo-client-3.5.0.jar;C:\Users\HP\.m2\repository\org\mongodb\mongodb-driver-async\3.4.1\mongodb-driver-async-3.4.1.jar;C:\Users\HP\.m2\repository\org\mongodb\mongodb-driver-core\3.4.1\mongodb-driver-core-3.4.1.jar;C:\Users\HP\.m2\repository\org\mongodb\bson\3.4.1\bson-3.4.1.jar;C:\Users\HP\.m2\repository\com\paypal\sdk\paypal-core\1.7.2\paypal-core-1.7.2.jar;C:\Users\HP\.m2\repository\com\google\code\gson\gson\2.2.2\gson-2.2.2.jar;C:\Users\HP\.m2\repository\com\paypal\sdk\rest-api-sdk\1.14.0\rest-api-sdk-1.14.0.jar;C:\Users\HP\.m2\repository\org\slf4j\slf4j-api\1.7.21\slf4j-api-1.7.21.jar;C:\Users\HP\.m2\repository\com\google\api-client\google-api-client\1.27.0\google-api-client-1.27.0.jar;C:\Users\HP\.m2\repository\com\google\oauth-client\google-oauth-client\1.27.0\google-oauth-client-1.27.0.jar;C:\Users\HP\.m2\repository\com\google\http-client\google-http-client\1.27.0\google-http-client-1.27.0.jar;C:\Users\HP\.m2\repository\org\apache\httpcomponents\httpclient\4.5.5\httpclient-4.5.5.jar;C:\Users\HP\.m2\repository\org\apache\httpcomponents\httpcore\4.4.9\httpcore-4.4.9.jar;C:\Users\HP\.m2\repository\commons-logging\commons-logging\1.2\commons-logging-1.2.jar;C:\Users\HP\.m2\repository\com\google\j2objc\j2objc-annotations\1.1\j2objc-annotations-1.1.jar;C:\Users\HP\.m2\repository\com\google\code\findbugs\jsr305\3.0.2\jsr305-3.0.2.jar;C:\Users\HP\.m2\repository\com\google\http-client\google-http-client-jackson2\1.27.0\google-http-client-jackson2-1.27.0.jar;C:\Users\HP\.m2\repository\com\google\guava\guava\20.0\guava-20.0.jar;C:\Users\HP\.m2\repository\com\noctarius\discovery\hazelcast-kubernetes-discovery\0.9.3\hazelcast-kubernetes-discovery-0.9.3.jar;C:\Users\HP\.m2\repository\io\fabric8\kubernetes-client\1.3.66\kubernetes-client-1.3.66.jar;C:\Users\HP\.m2\repository\io\fabric8\kubernetes-model\1.0.40\kubernetes-model-1.0.40.jar;C:\Users\HP\.m2\repository\com\fasterxml\jackson\module\jackson-module-jaxb-annotations\2.6.3\jackson-module-jaxb-annotations-2.6.3.jar;C:\Users\HP\.m2\repository\javax\validation\validation-api\1.1.0.Final\validation-api-1.1.0.Final.jar;C:\Users\HP\.m2\repository\com\squareup\okhttp\okhttp\2.7.0\okhttp-2.7.0.jar;C:\Users\HP\.m2\repository\com\squareup\okio\okio\1.6.0\okio-1.6.0.jar;C:\Users\HP\.m2\repository\com\squareup\okhttp\logging-interceptor\2.7.0\logging-interceptor-2.7.0.jar;C:\Users\HP\.m2\repository\com\squareup\okhttp\okhttp-ws\2.7.0\okhttp-ws-2.7.0.jar;C:\Users\HP\.m2\repository\org\slf4j\jul-to-slf4j\1.7.12\jul-to-slf4j-1.7.12.jar;C:\Users\HP\.m2\repository\com\fasterxml\jackson\dataformat\jackson-dataformat-yaml\2.6.3\jackson-dataformat-yaml-2.6.3.jar;C:\Users\HP\.m2\repository\org\yaml\snakeyaml\1.15\snakeyaml-1.15.jar;C:\Users\HP\.m2\repository\dnsjava\dnsjava\2.1.7\dnsjava-2.1.7.jar;C:\Users\HP\.m2\repository\com\hazelcast\hazelcast\3.9.1\hazelcast-3.9.1.jar;C:\Users\HP\.m2\repository\io\vertx\vertx-hazelcast\3.5.0\vertx-hazelcast-3.5.0.jar;C:\Users\HP\.m2\repository\io\vertx\vertx-health-check\3.5.0\vertx-health-check-3.5.0.jar;C:\Users\HP\.m2\repository\io\vertx\vertx-auth-common\3.5.0\vertx-auth-common-3.5.0.jar;C:\Users\HP\.m2\repository\io\vertx\vertx-core\3.5.0\vertx-core-3.5.0.jar;C:\Users\HP\.m2\repository\io\netty\netty-common\4.1.15.Final\netty-common-4.1.15.Final.jar;C:\Users\HP\.m2\repository\io\netty\netty-buffer\4.1.15.Final\netty-buffer-4.1.15.Final.jar;C:\Users\HP\.m2\repository\io\netty\netty-transport\4.1.15.Final\netty-transport-4.1.15.Final.jar;C:\Users\HP\.m2\repository\io\netty\netty-handler\4.1.15.Final\netty-handler-4.1.15.Final.jar;C:\Users\HP\.m2\repository\io\netty\netty-codec\4.1.15.Final\netty-codec-4.1.15.Final.jar;C:\Users\HP\.m2\repository\io\netty\netty-handler-proxy\4.1.15.Final\netty-handler-proxy-4.1.15.Final.jar;C:\Users\HP\.m2\repository\io\netty\netty-codec-socks\4.1.15.Final\netty-codec-socks-4.1.15.Final.jar;C:\Users\HP\.m2\repository\io\netty\netty-codec-http\4.1.15.Final\netty-codec-http-4.1.15.Final.jar;C:\Users\HP\.m2\repository\io\netty\netty-codec-http2\4.1.15.Final\netty-codec-http2-4.1.15.Final.jar;C:\Users\HP\.m2\repository\io\netty\netty-resolver\4.1.15.Final\netty-resolver-4.1.15.Final.jar;C:\Users\HP\.m2\repository\io\netty\netty-resolver-dns\4.1.15.Final\netty-resolver-dns-4.1.15.Final.jar;C:\Users\HP\.m2\repository\io\netty\netty-codec-dns\4.1.15.Final\netty-codec-dns-4.1.15.Final.jar;C:\Users\HP\.m2\repository\com\fasterxml\jackson\core\jackson-core\2.9.0\jackson-core-2.9.0.jar;C:\Users\HP\.m2\repository\io\vertx\vertx-web\3.5.0\vertx-web-3.5.0.jar;C:\Users\HP\.m2\repository\io\vertx\vertx-bridge-common\3.5.0\vertx-bridge-common-3.5.0.jar;C:\Users\HP\.m2\repository\io\vertx\vertx-codegen\3.5.0\vertx-codegen-3.5.0.jar;C:\Users\HP\.m2\repository\org\mvel\mvel2\2.3.1.Final\mvel2-2.3.1.Final.jar;C:\Users\HP\.m2\repository\io\vertx\vertx-service-discovery\3.5.0\vertx-service-discovery-3.5.0.jar;C:\Users\HP\.m2\repository\io\vertx\vertx-circuit-breaker\3.5.0\vertx-circuit-breaker-3.5.0.jar;C:\Users\HP\.m2\repository\org\hdrhistogram\HdrHistogram\2.1.9\HdrHistogram-2.1.9.jar;C:\Users\HP\.m2\repository\io\vertx\vertx-service-proxy\3.5.0\vertx-service-proxy-3.5.0.jar;C:\Users\HP\.m2\repository\io\vertx\vertx-config\3.5.0\vertx-config-3.5.0.jar;C:\Users\HP\.m2\repository\io\vertx\vertx-auth-jwt\3.5.2\vertx-auth-jwt-3.5.2.jar;C:\Users\HP\.m2\repository\io\vertx\vertx-jwt\3.5.2\vertx-jwt-3.5.2.jar;C:\Users\HP\.m2\repository\io\vertx\vertx-dropwizard-metrics\3.5.0\vertx-dropwizard-metrics-3.5.0.jar;C:\Users\HP\.m2\repository\io\dropwizard\metrics\metrics-core\3.1.2\metrics-core-3.1.2.jar;C:\Users\HP\.m2\repository\io\vertx\vertx-sync\3.5.0\vertx-sync-3.5.0.jar;C:\Users\HP\.m2\repository\co\paralleluniverse\quasar-core\0.7.5\quasar-core-0.7.5-jdk8.jar;C:\Users\HP\.m2\repository\com\esotericsoftware\kryo\3.0.3\kryo-3.0.3.jar;C:\Users\HP\.m2\repository\com\esotericsoftware\reflectasm\1.10.1\reflectasm-1.10.1.jar;C:\Users\HP\.m2\repository\com\esotericsoftware\minlog\1.3.0\minlog-1.3.0.jar;C:\Users\HP\.m2\repository\org\objenesis\objenesis\2.1\objenesis-2.1.jar;C:\Users\HP\.m2\repository\de\javakaffee\kryo-serializers\0.37\kryo-serializers-0.37.jar;C:\Users\HP\.m2\repository\io\vertx\vertx-web-client\3.5.0\vertx-web-client-3.5.0.jar;C:\Users\HP\.m2\repository\io\vertx\vertx-web-common\3.5.0\vertx-web-common-3.5.0.jar
java.class.version = 52.0
java.endorsed.dirs = C:\Program Files\Java\jdk1.8.0_191\jre\lib\endorsed
java.ext.dirs = C:\Program Files\Java\jdk1.8.0_191\jre\lib\ext;C:\windows\Sun\Java\lib\ext
java.home = C:\Program Files\Java\jdk1.8.0_191\jre
java.io.tmpdir = C:\Users\HP\AppData\Local\Temp\
java.library.path = C:\Program Files\Java\jdk1.8.0_191\jre\bin;C:\windows\Sun\Java\bin;C:\windows\system32;C:\windows;C:\Program Files\Java\jdk1.8.0_191\jre\bin;C:\Program Files\Java\jdk1.8.0_191\bin;C:\Program Files (x86)\Common Files\Oracle\Java\javapath;C:\Program Files (x86)\Intel\Intel(R) Management Engine Components\iCLS\;C:\Program Files\Intel\Intel(R) Management Engine Components\iCLS\;C:\windows\system32;C:\windows;C:\windows\System32\Wbem;C:\windows\System32\WindowsPowerShell\v1.0\;C:\windows\System32\OpenSSH\;C:\Program Files (x86)\Intel\Intel(R) Management Engine Components\DAL;C:\Program Files\Intel\Intel(R) Management Engine Components\DAL;C:\Program Files (x86)\Intel\Intel(R) Management Engine Components\IPT;C:\Program Files\Intel\Intel(R) Management Engine Components\IPT;C:\Program Files\Git\cmd;C:\maven\apache-maven-3.6.0\bin;C:\Program Files\nodejs\;C:\Program Files\Intel\WiFi\bin\;C:\Program Files\Common Files\Intel\WirelessCommon\;C:\Users\HP\AppData\Local\Microsoft\WindowsApps;;C:\Users\HP\AppData\Local\Programs\Microsoft VS Code\bin;C:\Users\HP\AppData\Roaming\npm;C:\Program Files\Intel\WiFi\bin\;C:\Program Files\Common Files\Intel\WirelessCommon\;.
java.runtime.name = Java(TM) SE Runtime Environment
java.runtime.version = 1.8.0_191-b12
java.specification.name = Java Platform API Specification
java.specification.vendor = Oracle Corporation
java.specification.version = 1.8
java.vendor = Oracle Corporation
java.vendor.url = http://java.oracle.com/
java.vendor.url.bug = http://bugreport.sun.com/bugreport/
java.version = 1.8.0_191
java.vm.info = mixed mode
java.vm.name = Java HotSpot(TM) 64-Bit Server VM
java.vm.specification.name = Java Virtual Machine Specification
java.vm.specification.vendor = Oracle Corporation
java.vm.specification.version = 1.8
java.vm.vendor = Oracle Corporation
java.vm.version = 25.191-b12
line.separator = 

os.arch = amd64
os.name = Windows 10
os.version = 10.0
path.separator = ;
sun.arch.data.model = 64
sun.boot.class.path = C:\Program Files\Java\jdk1.8.0_191\jre\lib\resources.jar;C:\Program Files\Java\jdk1.8.0_191\jre\lib\rt.jar;C:\Program Files\Java\jdk1.8.0_191\jre\lib\sunrsasign.jar;C:\Program Files\Java\jdk1.8.0_191\jre\lib\jsse.jar;C:\Program Files\Java\jdk1.8.0_191\jre\lib\jce.jar;C:\Program Files\Java\jdk1.8.0_191\jre\lib\charsets.jar;C:\Program Files\Java\jdk1.8.0_191\jre\lib\jfr.jar;C:\Program Files\Java\jdk1.8.0_191\jre\classes
sun.boot.library.path = C:\Program Files\Java\jdk1.8.0_191\jre\bin
sun.cpu.endian = little
sun.cpu.isalist = amd64
sun.desktop = windows
sun.io.unicode.encoding = UnicodeLittle
sun.java.command = com.survey.utils.controller.SurveyRun run com.survey.ProcessorInit --cluster
sun.java.launcher = SUN_STANDARD
sun.jnu.encoding = Cp1252
sun.management.compiler = HotSpot 64-Bit Tiered Compilers
sun.nio.ch.bugLevel = 
sun.os.patch.level = 
user.country = GB
user.dir = E:\KLTN\surveyServer\surveyServer\newWebTradeVertx_\Surver\SurveyProcessor
user.home = C:\Users\HP
user.language = en
user.name = HP
user.script = 
user.timezone = Asia/Bangkok
user.variant = 
vertx.disableDnsResolver = true

TCP/IP Configuration
SUPHAM/192.168.1.48
SUPHAM/fe80:0:0:0:91d0:8a49:f13e:76d8%18

[INF vert.x-worker-thread-12,12-05 23:11:24.781447]:*************************************
[INF vert.x-worker-thread-12,12-05 23:11:24.782349]:*******Init Db Connection***********
[INF vert.x-eventloop-thread-1,12-05 23:11:24.816256]:InternalConfirmVerticle init Success
[INF vert.x-eventloop-thread-1,12-05 23:11:24.895490]:InternalProcessorVerticle init Success
[INF vert.x-eventloop-thread-1,12-05 23:11:25.334319]:DBServiceInit init Success
