***********************************************
**************  System Startup  ***************
***********************************************
Java Runtime Environment
awt.toolkit = sun.awt.X11.XToolkit
file.encoding = UTF-8
file.encoding.pkg = sun.io
file.separator = /
hazelcast.shutdownhook.enabled = false
io.netty.noJdkZlibDecoder = false
java.awt.graphicsenv = sun.awt.X11GraphicsEnvironment
java.awt.printerjob = sun.print.PSPrinterJob
java.class.path = /home/onsite/Documents/ThanhSu-TTL/another/serveyserver/newWebTradeVertx/Surver/SurveyDatabaseService/target/classes:/home/onsite/Documents/ThanhSu-TTL/another/serveyserver/newWebTradeVertx/Surver/SurveyUtils/target/classes:/home/onsite/.m2/repository/com/txtech/common/Common/3.0.1-SNAPSHOT/Common-3.0.1-SNAPSHOT.jar:/home/onsite/.m2/repository/javolution/javolution/5.4.5/javolution-5.4.5.jar:/home/onsite/.m2/repository/io/vertx/vertx-mongo-client/3.5.0/vertx-mongo-client-3.5.0.jar:/home/onsite/.m2/repository/org/mongodb/mongodb-driver-async/3.4.1/mongodb-driver-async-3.4.1.jar:/home/onsite/.m2/repository/org/mongodb/mongodb-driver-core/3.4.1/mongodb-driver-core-3.4.1.jar:/home/onsite/.m2/repository/org/mongodb/bson/3.4.1/bson-3.4.1.jar:/home/onsite/.m2/repository/com/noctarius/discovery/hazelcast-kubernetes-discovery/0.9.3/hazelcast-kubernetes-discovery-0.9.3.jar:/home/onsite/.m2/repository/io/fabric8/kubernetes-client/1.3.66/kubernetes-client-1.3.66.jar:/home/onsite/.m2/repository/io/fabric8/kubernetes-model/1.0.40/kubernetes-model-1.0.40.jar:/home/onsite/.m2/repository/com/fasterxml/jackson/module/jackson-module-jaxb-annotations/2.6.3/jackson-module-jaxb-annotations-2.6.3.jar:/home/onsite/.m2/repository/javax/validation/validation-api/1.1.0.Final/validation-api-1.1.0.Final.jar:/home/onsite/.m2/repository/com/squareup/okhttp/okhttp/2.7.0/okhttp-2.7.0.jar:/home/onsite/.m2/repository/com/squareup/okio/okio/1.6.0/okio-1.6.0.jar:/home/onsite/.m2/repository/com/squareup/okhttp/logging-interceptor/2.7.0/logging-interceptor-2.7.0.jar:/home/onsite/.m2/repository/com/squareup/okhttp/okhttp-ws/2.7.0/okhttp-ws-2.7.0.jar:/home/onsite/.m2/repository/org/slf4j/slf4j-api/1.7.12/slf4j-api-1.7.12.jar:/home/onsite/.m2/repository/org/slf4j/jul-to-slf4j/1.7.12/jul-to-slf4j-1.7.12.jar:/home/onsite/.m2/repository/com/fasterxml/jackson/dataformat/jackson-dataformat-yaml/2.6.3/jackson-dataformat-yaml-2.6.3.jar:/home/onsite/.m2/repository/org/yaml/snakeyaml/1.15/snakeyaml-1.15.jar:/home/onsite/.m2/repository/dnsjava/dnsjava/2.1.7/dnsjava-2.1.7.jar:/home/onsite/.m2/repository/com/hazelcast/hazelcast/3.9.1/hazelcast-3.9.1.jar:/home/onsite/.m2/repository/io/vertx/vertx-hazelcast/3.5.0/vertx-hazelcast-3.5.0.jar:/home/onsite/.m2/repository/io/vertx/vertx-health-check/3.5.0/vertx-health-check-3.5.0.jar:/home/onsite/.m2/repository/io/vertx/vertx-auth-common/3.5.0/vertx-auth-common-3.5.0.jar:/home/onsite/.m2/repository/io/vertx/vertx-core/3.5.0/vertx-core-3.5.0.jar:/home/onsite/.m2/repository/io/netty/netty-common/4.1.15.Final/netty-common-4.1.15.Final.jar:/home/onsite/.m2/repository/io/netty/netty-buffer/4.1.15.Final/netty-buffer-4.1.15.Final.jar:/home/onsite/.m2/repository/io/netty/netty-transport/4.1.15.Final/netty-transport-4.1.15.Final.jar:/home/onsite/.m2/repository/io/netty/netty-handler/4.1.15.Final/netty-handler-4.1.15.Final.jar:/home/onsite/.m2/repository/io/netty/netty-codec/4.1.15.Final/netty-codec-4.1.15.Final.jar:/home/onsite/.m2/repository/io/netty/netty-handler-proxy/4.1.15.Final/netty-handler-proxy-4.1.15.Final.jar:/home/onsite/.m2/repository/io/netty/netty-codec-socks/4.1.15.Final/netty-codec-socks-4.1.15.Final.jar:/home/onsite/.m2/repository/io/netty/netty-codec-http/4.1.15.Final/netty-codec-http-4.1.15.Final.jar:/home/onsite/.m2/repository/io/netty/netty-codec-http2/4.1.15.Final/netty-codec-http2-4.1.15.Final.jar:/home/onsite/.m2/repository/io/netty/netty-resolver/4.1.15.Final/netty-resolver-4.1.15.Final.jar:/home/onsite/.m2/repository/io/netty/netty-resolver-dns/4.1.15.Final/netty-resolver-dns-4.1.15.Final.jar:/home/onsite/.m2/repository/io/netty/netty-codec-dns/4.1.15.Final/netty-codec-dns-4.1.15.Final.jar:/home/onsite/.m2/repository/com/fasterxml/jackson/core/jackson-core/2.9.0/jackson-core-2.9.0.jar:/home/onsite/.m2/repository/com/fasterxml/jackson/core/jackson-databind/2.9.0/jackson-databind-2.9.0.jar:/home/onsite/.m2/repository/com/fasterxml/jackson/core/jackson-annotations/2.9.0/jackson-annotations-2.9.0.jar:/home/onsite/.m2/repository/io/vertx/vertx-web/3.5.0/vertx-web-3.5.0.jar:/home/onsite/.m2/repository/io/vertx/vertx-bridge-common/3.5.0/vertx-bridge-common-3.5.0.jar:/home/onsite/.m2/repository/io/vertx/vertx-codegen/3.5.0/vertx-codegen-3.5.0.jar:/home/onsite/.m2/repository/org/mvel/mvel2/2.3.1.Final/mvel2-2.3.1.Final.jar:/home/onsite/.m2/repository/io/vertx/vertx-service-discovery/3.5.0/vertx-service-discovery-3.5.0.jar:/home/onsite/.m2/repository/io/vertx/vertx-circuit-breaker/3.5.0/vertx-circuit-breaker-3.5.0.jar:/home/onsite/.m2/repository/org/hdrhistogram/HdrHistogram/2.1.9/HdrHistogram-2.1.9.jar:/home/onsite/.m2/repository/io/vertx/vertx-service-proxy/3.5.0/vertx-service-proxy-3.5.0.jar:/home/onsite/.m2/repository/io/vertx/vertx-config/3.5.0/vertx-config-3.5.0.jar:/home/onsite/.m2/repository/io/vertx/vertx-auth-jwt/3.5.2/vertx-auth-jwt-3.5.2.jar:/home/onsite/.m2/repository/io/vertx/vertx-jwt/3.5.2/vertx-jwt-3.5.2.jar:/home/onsite/.m2/repository/io/vertx/vertx-dropwizard-metrics/3.5.0/vertx-dropwizard-metrics-3.5.0.jar:/home/onsite/.m2/repository/io/dropwizard/metrics/metrics-core/3.1.2/metrics-core-3.1.2.jar:/home/onsite/.m2/repository/io/vertx/vertx-sync/3.5.0/vertx-sync-3.5.0.jar:/home/onsite/.m2/repository/co/paralleluniverse/quasar-core/0.7.5/quasar-core-0.7.5-jdk8.jar:/home/onsite/.m2/repository/com/esotericsoftware/kryo/3.0.3/kryo-3.0.3.jar:/home/onsite/.m2/repository/com/esotericsoftware/reflectasm/1.10.1/reflectasm-1.10.1.jar:/home/onsite/.m2/repository/com/esotericsoftware/minlog/1.3.0/minlog-1.3.0.jar:/home/onsite/.m2/repository/org/objenesis/objenesis/2.1/objenesis-2.1.jar:/home/onsite/.m2/repository/de/javakaffee/kryo-serializers/0.37/kryo-serializers-0.37.jar:/home/onsite/.m2/repository/com/google/guava/guava/19.0/guava-19.0.jar:/home/onsite/.m2/repository/io/vertx/vertx-mail-service/3.5.0/vertx-mail-service-3.5.0.jar:/home/onsite/.m2/repository/io/vertx/vertx-mail-client/3.5.0/vertx-mail-client-3.5.0.jar:/home/onsite/.m2/repository/io/vertx/vertx-service-factory/3.5.0/vertx-service-factory-3.5.0.jar
java.class.version = 52.0
java.endorsed.dirs = /usr/lib/jvm/java-8-oracle/jre/lib/endorsed
java.ext.dirs = /usr/lib/jvm/java-8-oracle/jre/lib/ext:/usr/java/packages/lib/ext
java.home = /usr/lib/jvm/java-8-oracle/jre
java.io.tmpdir = /tmp
java.library.path = /usr/java/packages/lib/amd64:/usr/lib64:/lib64:/lib:/usr/lib
java.runtime.name = Java(TM) SE Runtime Environment
java.runtime.version = 1.8.0_181-b13
java.specification.name = Java Platform API Specification
java.specification.vendor = Oracle Corporation
java.specification.version = 1.8
java.vendor = Oracle Corporation
java.vendor.url = http://java.oracle.com/
java.vendor.url.bug = http://bugreport.sun.com/bugreport/
java.version = 1.8.0_181
java.vm.info = mixed mode
java.vm.name = Java HotSpot(TM) 64-Bit Server VM
java.vm.specification.name = Java Virtual Machine Specification
java.vm.specification.vendor = Oracle Corporation
java.vm.specification.version = 1.8
java.vm.vendor = Oracle Corporation
java.vm.version = 25.181-b13
line.separator = 

os.arch = amd64
os.name = Linux
os.version = 4.4.0-134-generic
path.separator = :
sun.arch.data.model = 64
sun.boot.class.path = /usr/lib/jvm/java-8-oracle/jre/lib/resources.jar:/usr/lib/jvm/java-8-oracle/jre/lib/rt.jar:/usr/lib/jvm/java-8-oracle/jre/lib/sunrsasign.jar:/usr/lib/jvm/java-8-oracle/jre/lib/jsse.jar:/usr/lib/jvm/java-8-oracle/jre/lib/jce.jar:/usr/lib/jvm/java-8-oracle/jre/lib/charsets.jar:/usr/lib/jvm/java-8-oracle/jre/lib/jfr.jar:/usr/lib/jvm/java-8-oracle/jre/classes
sun.boot.library.path = /usr/lib/jvm/java-8-oracle/jre/lib/amd64
sun.cpu.endian = little
sun.cpu.isalist = 
sun.desktop = gnome
sun.io.unicode.encoding = UnicodeLittle
sun.java.command = com.survey.utils.controller.SurveyRun run com.survey.dbservices.ServiceInit --cluster
sun.java.launcher = SUN_STANDARD
sun.jnu.encoding = UTF-8
sun.management.compiler = HotSpot 64-Bit Tiered Compilers
sun.nio.ch.bugLevel = 
sun.os.patch.level = unknown
user.country = US
user.dir = /home/onsite/Documents/ThanhSu-TTL/another/serveyserver/newWebTradeVertx/Surver/SurveyDatabaseService
user.home = /home/onsite
user.language = en
user.name = onsite
user.timezone = Asia/Ho_Chi_Minh

TCP/IP Configuration
TTLLT005/127.0.1.1

***********************************************
**************  System Startup  ***************
***********************************************
Java Runtime Environment
awt.toolkit = sun.awt.X11.XToolkit
file.encoding = UTF-8
file.encoding.pkg = sun.io
file.separator = /
hazelcast.shutdownhook.enabled = false
io.netty.noJdkZlibDecoder = false
java.awt.graphicsenv = sun.awt.X11GraphicsEnvironment
java.awt.printerjob = sun.print.PSPrinterJob
java.class.path = /home/onsite/Documents/ThanhSu-TTL/another/serveyserver/newWebTradeVertx/Surver/SurveyDatabaseService/target/classes:/home/onsite/Documents/ThanhSu-TTL/another/serveyserver/newWebTradeVertx/Surver/SurveyUtils/target/classes:/home/onsite/.m2/repository/com/txtech/common/Common/3.0.1-SNAPSHOT/Common-3.0.1-SNAPSHOT.jar:/home/onsite/.m2/repository/javolution/javolution/5.4.5/javolution-5.4.5.jar:/home/onsite/.m2/repository/io/vertx/vertx-mongo-client/3.5.0/vertx-mongo-client-3.5.0.jar:/home/onsite/.m2/repository/org/mongodb/mongodb-driver-async/3.4.1/mongodb-driver-async-3.4.1.jar:/home/onsite/.m2/repository/org/mongodb/mongodb-driver-core/3.4.1/mongodb-driver-core-3.4.1.jar:/home/onsite/.m2/repository/org/mongodb/bson/3.4.1/bson-3.4.1.jar:/home/onsite/.m2/repository/com/noctarius/discovery/hazelcast-kubernetes-discovery/0.9.3/hazelcast-kubernetes-discovery-0.9.3.jar:/home/onsite/.m2/repository/io/fabric8/kubernetes-client/1.3.66/kubernetes-client-1.3.66.jar:/home/onsite/.m2/repository/io/fabric8/kubernetes-model/1.0.40/kubernetes-model-1.0.40.jar:/home/onsite/.m2/repository/com/fasterxml/jackson/module/jackson-module-jaxb-annotations/2.6.3/jackson-module-jaxb-annotations-2.6.3.jar:/home/onsite/.m2/repository/javax/validation/validation-api/1.1.0.Final/validation-api-1.1.0.Final.jar:/home/onsite/.m2/repository/com/squareup/okhttp/okhttp/2.7.0/okhttp-2.7.0.jar:/home/onsite/.m2/repository/com/squareup/okio/okio/1.6.0/okio-1.6.0.jar:/home/onsite/.m2/repository/com/squareup/okhttp/logging-interceptor/2.7.0/logging-interceptor-2.7.0.jar:/home/onsite/.m2/repository/com/squareup/okhttp/okhttp-ws/2.7.0/okhttp-ws-2.7.0.jar:/home/onsite/.m2/repository/org/slf4j/slf4j-api/1.7.12/slf4j-api-1.7.12.jar:/home/onsite/.m2/repository/org/slf4j/jul-to-slf4j/1.7.12/jul-to-slf4j-1.7.12.jar:/home/onsite/.m2/repository/com/fasterxml/jackson/dataformat/jackson-dataformat-yaml/2.6.3/jackson-dataformat-yaml-2.6.3.jar:/home/onsite/.m2/repository/org/yaml/snakeyaml/1.15/snakeyaml-1.15.jar:/home/onsite/.m2/repository/dnsjava/dnsjava/2.1.7/dnsjava-2.1.7.jar:/home/onsite/.m2/repository/com/hazelcast/hazelcast/3.9.1/hazelcast-3.9.1.jar:/home/onsite/.m2/repository/io/vertx/vertx-hazelcast/3.5.0/vertx-hazelcast-3.5.0.jar:/home/onsite/.m2/repository/io/vertx/vertx-health-check/3.5.0/vertx-health-check-3.5.0.jar:/home/onsite/.m2/repository/io/vertx/vertx-auth-common/3.5.0/vertx-auth-common-3.5.0.jar:/home/onsite/.m2/repository/io/vertx/vertx-core/3.5.0/vertx-core-3.5.0.jar:/home/onsite/.m2/repository/io/netty/netty-common/4.1.15.Final/netty-common-4.1.15.Final.jar:/home/onsite/.m2/repository/io/netty/netty-buffer/4.1.15.Final/netty-buffer-4.1.15.Final.jar:/home/onsite/.m2/repository/io/netty/netty-transport/4.1.15.Final/netty-transport-4.1.15.Final.jar:/home/onsite/.m2/repository/io/netty/netty-handler/4.1.15.Final/netty-handler-4.1.15.Final.jar:/home/onsite/.m2/repository/io/netty/netty-codec/4.1.15.Final/netty-codec-4.1.15.Final.jar:/home/onsite/.m2/repository/io/netty/netty-handler-proxy/4.1.15.Final/netty-handler-proxy-4.1.15.Final.jar:/home/onsite/.m2/repository/io/netty/netty-codec-socks/4.1.15.Final/netty-codec-socks-4.1.15.Final.jar:/home/onsite/.m2/repository/io/netty/netty-codec-http/4.1.15.Final/netty-codec-http-4.1.15.Final.jar:/home/onsite/.m2/repository/io/netty/netty-codec-http2/4.1.15.Final/netty-codec-http2-4.1.15.Final.jar:/home/onsite/.m2/repository/io/netty/netty-resolver/4.1.15.Final/netty-resolver-4.1.15.Final.jar:/home/onsite/.m2/repository/io/netty/netty-resolver-dns/4.1.15.Final/netty-resolver-dns-4.1.15.Final.jar:/home/onsite/.m2/repository/io/netty/netty-codec-dns/4.1.15.Final/netty-codec-dns-4.1.15.Final.jar:/home/onsite/.m2/repository/com/fasterxml/jackson/core/jackson-core/2.9.0/jackson-core-2.9.0.jar:/home/onsite/.m2/repository/com/fasterxml/jackson/core/jackson-databind/2.9.0/jackson-databind-2.9.0.jar:/home/onsite/.m2/repository/com/fasterxml/jackson/core/jackson-annotations/2.9.0/jackson-annotations-2.9.0.jar:/home/onsite/.m2/repository/io/vertx/vertx-web/3.5.0/vertx-web-3.5.0.jar:/home/onsite/.m2/repository/io/vertx/vertx-bridge-common/3.5.0/vertx-bridge-common-3.5.0.jar:/home/onsite/.m2/repository/io/vertx/vertx-codegen/3.5.0/vertx-codegen-3.5.0.jar:/home/onsite/.m2/repository/org/mvel/mvel2/2.3.1.Final/mvel2-2.3.1.Final.jar:/home/onsite/.m2/repository/io/vertx/vertx-service-discovery/3.5.0/vertx-service-discovery-3.5.0.jar:/home/onsite/.m2/repository/io/vertx/vertx-circuit-breaker/3.5.0/vertx-circuit-breaker-3.5.0.jar:/home/onsite/.m2/repository/org/hdrhistogram/HdrHistogram/2.1.9/HdrHistogram-2.1.9.jar:/home/onsite/.m2/repository/io/vertx/vertx-service-proxy/3.5.0/vertx-service-proxy-3.5.0.jar:/home/onsite/.m2/repository/io/vertx/vertx-config/3.5.0/vertx-config-3.5.0.jar:/home/onsite/.m2/repository/io/vertx/vertx-auth-jwt/3.5.2/vertx-auth-jwt-3.5.2.jar:/home/onsite/.m2/repository/io/vertx/vertx-jwt/3.5.2/vertx-jwt-3.5.2.jar:/home/onsite/.m2/repository/io/vertx/vertx-dropwizard-metrics/3.5.0/vertx-dropwizard-metrics-3.5.0.jar:/home/onsite/.m2/repository/io/dropwizard/metrics/metrics-core/3.1.2/metrics-core-3.1.2.jar:/home/onsite/.m2/repository/io/vertx/vertx-sync/3.5.0/vertx-sync-3.5.0.jar:/home/onsite/.m2/repository/co/paralleluniverse/quasar-core/0.7.5/quasar-core-0.7.5-jdk8.jar:/home/onsite/.m2/repository/com/esotericsoftware/kryo/3.0.3/kryo-3.0.3.jar:/home/onsite/.m2/repository/com/esotericsoftware/reflectasm/1.10.1/reflectasm-1.10.1.jar:/home/onsite/.m2/repository/com/esotericsoftware/minlog/1.3.0/minlog-1.3.0.jar:/home/onsite/.m2/repository/org/objenesis/objenesis/2.1/objenesis-2.1.jar:/home/onsite/.m2/repository/de/javakaffee/kryo-serializers/0.37/kryo-serializers-0.37.jar:/home/onsite/.m2/repository/com/google/guava/guava/19.0/guava-19.0.jar:/home/onsite/.m2/repository/io/vertx/vertx-mail-service/3.5.0/vertx-mail-service-3.5.0.jar:/home/onsite/.m2/repository/io/vertx/vertx-mail-client/3.5.0/vertx-mail-client-3.5.0.jar:/home/onsite/.m2/repository/io/vertx/vertx-service-factory/3.5.0/vertx-service-factory-3.5.0.jar
java.class.version = 52.0
java.endorsed.dirs = /usr/lib/jvm/java-8-oracle/jre/lib/endorsed
java.ext.dirs = /usr/lib/jvm/java-8-oracle/jre/lib/ext:/usr/java/packages/lib/ext
java.home = /usr/lib/jvm/java-8-oracle/jre
java.io.tmpdir = /tmp
java.library.path = /usr/java/packages/lib/amd64:/usr/lib64:/lib64:/lib:/usr/lib
java.runtime.name = Java(TM) SE Runtime Environment
java.runtime.version = 1.8.0_181-b13
java.specification.name = Java Platform API Specification
java.specification.vendor = Oracle Corporation
java.specification.version = 1.8
java.vendor = Oracle Corporation
java.vendor.url = http://java.oracle.com/
java.vendor.url.bug = http://bugreport.sun.com/bugreport/
java.version = 1.8.0_181
java.vm.info = mixed mode
java.vm.name = Java HotSpot(TM) 64-Bit Server VM
java.vm.specification.name = Java Virtual Machine Specification
java.vm.specification.vendor = Oracle Corporation
java.vm.specification.version = 1.8
java.vm.vendor = Oracle Corporation
java.vm.version = 25.181-b13
line.separator = 

os.arch = amd64
os.name = Linux
os.version = 4.4.0-134-generic
path.separator = :
sun.arch.data.model = 64
sun.boot.class.path = /usr/lib/jvm/java-8-oracle/jre/lib/resources.jar:/usr/lib/jvm/java-8-oracle/jre/lib/rt.jar:/usr/lib/jvm/java-8-oracle/jre/lib/sunrsasign.jar:/usr/lib/jvm/java-8-oracle/jre/lib/jsse.jar:/usr/lib/jvm/java-8-oracle/jre/lib/jce.jar:/usr/lib/jvm/java-8-oracle/jre/lib/charsets.jar:/usr/lib/jvm/java-8-oracle/jre/lib/jfr.jar:/usr/lib/jvm/java-8-oracle/jre/classes
sun.boot.library.path = /usr/lib/jvm/java-8-oracle/jre/lib/amd64
sun.cpu.endian = little
sun.cpu.isalist = 
sun.desktop = gnome
sun.io.unicode.encoding = UnicodeLittle
sun.java.command = com.survey.utils.controller.SurveyRun run com.survey.dbservices.ServiceInit --cluster
sun.java.launcher = SUN_STANDARD
sun.jnu.encoding = UTF-8
sun.management.compiler = HotSpot 64-Bit Tiered Compilers
sun.nio.ch.bugLevel = 
sun.os.patch.level = unknown
user.country = US
user.dir = /home/onsite/Documents/ThanhSu-TTL/another/serveyserver/newWebTradeVertx/Surver/SurveyDatabaseService
user.home = /home/onsite
user.language = en
user.name = onsite
user.timezone = Asia/Ho_Chi_Minh

TCP/IP Configuration
TTLLT005/127.0.1.1

