***********************************************
**************  System Startup  ***************
***********************************************
Java Runtime Environment
awt.toolkit = sun.awt.X11.XToolkit
file.encoding = UTF-8
file.encoding.pkg = sun.io
file.separator = /
hazelcast.shutdownhook.enabled = false
io.netty.noJdkZlibDecoder = false
java.awt.graphicsenv = sun.awt.X11GraphicsEnvironment
java.awt.printerjob = sun.print.PSPrinterJob
java.class.path = SurveyServer-0.0.1-SNAPSHOT-fat.jar
java.class.version = 52.0
java.endorsed.dirs = /usr/lib/jvm/java-8-oracle/jre/lib/endorsed
java.ext.dirs = /usr/lib/jvm/java-8-oracle/jre/lib/ext:/usr/java/packages/lib/ext
java.home = /usr/lib/jvm/java-8-oracle/jre
java.io.tmpdir = /tmp
java.library.path = /usr/java/packages/lib/amd64:/usr/lib64:/lib64:/lib:/usr/lib
java.runtime.name = Java(TM) SE Runtime Environment
java.runtime.version = 1.8.0_171-b11
java.specification.name = Java Platform API Specification
java.specification.vendor = Oracle Corporation
java.specification.version = 1.8
java.vendor = Oracle Corporation
java.vendor.url = http://java.oracle.com/
java.vendor.url.bug = http://bugreport.sun.com/bugreport/
java.version = 1.8.0_171
java.vm.info = mixed mode
java.vm.name = Java HotSpot(TM) 64-Bit Server VM
java.vm.specification.name = Java Virtual Machine Specification
java.vm.specification.vendor = Oracle Corporation
java.vm.specification.version = 1.8
java.vm.vendor = Oracle Corporation
java.vm.version = 25.171-b11
line.separator = 

os.arch = amd64
os.name = Linux
os.version = 4.4.0-138-generic
path.separator = :
sun.arch.data.model = 64
sun.boot.class.path = /usr/lib/jvm/java-8-oracle/jre/lib/resources.jar:/usr/lib/jvm/java-8-oracle/jre/lib/rt.jar:/usr/lib/jvm/java-8-oracle/jre/lib/sunrsasign.jar:/usr/lib/jvm/java-8-oracle/jre/lib/jsse.jar:/usr/lib/jvm/java-8-oracle/jre/lib/jce.jar:/usr/lib/jvm/java-8-oracle/jre/lib/charsets.jar:/usr/lib/jvm/java-8-oracle/jre/lib/jfr.jar:/usr/lib/jvm/java-8-oracle/jre/classes
sun.boot.library.path = /usr/lib/jvm/java-8-oracle/jre/lib/amd64
sun.cpu.endian = little
sun.cpu.isalist = 
sun.desktop = gnome
sun.io.unicode.encoding = UnicodeLittle
sun.java.command = com.survey.utils.controller.SurveyRun run com.survey.server.ServiceInit --cluster
sun.java.launcher = SUN_STANDARD
sun.jnu.encoding = UTF-8
sun.management.compiler = HotSpot 64-Bit Tiered Compilers
sun.nio.ch.bugLevel = 
sun.os.patch.level = unknown
user.country = US
user.dir = /home/staffttl/Documents/SUPHAM/surveyServer/surveyServer/release/surveyserver
user.home = /home/staffttl
user.language = en
user.name = staffttl
user.timezone = Asia/Ho_Chi_Minh

TCP/IP Configuration
ttlf1pc11/127.0.1.1

